Mon Apr 21 13:20:27 +0000 2025 - Executing "{openroad -exit -no_init -python /openlane/scripts/odbpy/lefutil.py get_metal_layers -o /openlane/designs/twos_complement/runs/RUN_2025.04.21_13.20.27/tmp/layers.list /root/.volare/sky130A/libs.ref/sky130_fd_sc_hd/techlef/sky130_fd_sc_hd__nom.tlef}"

Mon Apr 21 13:20:28 +0000 2025 - Executing "{/openlane/scripts/mergeLef.py -o /openlane/designs/twos_complement/runs/RUN_2025.04.21_13.20.27/tmp/merged.nom.lef -i /root/.volare/sky130A/libs.ref/sky130_fd_sc_hd/techlef/sky130_fd_sc_hd__nom.tlef {/root/.volare/sky130A/libs.ref/sky130_fd_sc_hd/lef/sky130_ef_sc_hd.lef /root/.volare/sky130A/libs.ref/sky130_fd_sc_hd/lef/sky130_fd_sc_hd.lef} |& tee /dev/null}"

Mon Apr 21 13:20:28 +0000 2025 - Executing "{/openlane/scripts/mergeLef.py -o /openlane/designs/twos_complement/runs/RUN_2025.04.21_13.20.27/tmp/merged.min.lef -i /root/.volare/sky130A/libs.ref/sky130_fd_sc_hd/techlef/sky130_fd_sc_hd__min.tlef {/root/.volare/sky130A/libs.ref/sky130_fd_sc_hd/lef/sky130_ef_sc_hd.lef /root/.volare/sky130A/libs.ref/sky130_fd_sc_hd/lef/sky130_fd_sc_hd.lef} |& tee /dev/null}"

Mon Apr 21 13:20:28 +0000 2025 - Executing "{/openlane/scripts/mergeLef.py -o /openlane/designs/twos_complement/runs/RUN_2025.04.21_13.20.27/tmp/merged.max.lef -i /root/.volare/sky130A/libs.ref/sky130_fd_sc_hd/techlef/sky130_fd_sc_hd__max.tlef {/root/.volare/sky130A/libs.ref/sky130_fd_sc_hd/lef/sky130_ef_sc_hd.lef /root/.volare/sky130A/libs.ref/sky130_fd_sc_hd/lef/sky130_fd_sc_hd.lef} |& tee /dev/null}"

Mon Apr 21 13:20:28 +0000 2025 - Executing "{python3 /openlane/scripts/mergeLib.py --output /openlane/designs/twos_complement/runs/RUN_2025.04.21_13.20.27/tmp/synthesis/merged.lib --name sky130A_merged /root/.volare/sky130A/libs.ref/sky130_fd_sc_hd/lib/sky130_fd_sc_hd__tt_025C_1v80.lib}"

Mon Apr 21 13:20:28 +0000 2025 - Executing "{python3 /openlane/scripts/libtrim.py --cell-file /openlane/designs/twos_complement/runs/RUN_2025.04.21_13.20.27/tmp/synthesis/trimmed.lib.exclude.list --output /openlane/designs/twos_complement/runs/RUN_2025.04.21_13.20.27/tmp/synthesis/trimmed.lib /openlane/designs/twos_complement/runs/RUN_2025.04.21_13.20.27/tmp/synthesis/merged.lib}"

Mon Apr 21 13:20:28 +0000 2025 - Executing "{python3 /openlane/scripts/libtrim.py --cell-file /openlane/designs/twos_complement/runs/RUN_2025.04.21_13.20.27/tmp/cts/cts.lib.exclude.list --output /openlane/designs/twos_complement/runs/RUN_2025.04.21_13.20.27/tmp/cts/cts.lib /root/.volare/sky130A/libs.ref/sky130_fd_sc_hd/lib/sky130_fd_sc_hd__tt_025C_1v80.lib}"

Mon Apr 21 13:20:29 +0000 2025 - Executing "{python3 /openlane/scripts/libtrim.py --cell-file /openlane/designs/twos_complement/runs/RUN_2025.04.21_13.20.27/tmp/cts/cts-fastest.lib.exclude.list --output /openlane/designs/twos_complement/runs/RUN_2025.04.21_13.20.27/tmp/cts/cts-fastest.lib /root/.volare/sky130A/libs.ref/sky130_fd_sc_hd/lib/sky130_fd_sc_hd__ff_n40C_1v95.lib}"

Mon Apr 21 13:20:29 +0000 2025 - Executing "{python3 /openlane/scripts/libtrim.py --cell-file /openlane/designs/twos_complement/runs/RUN_2025.04.21_13.20.27/tmp/cts/cts-slowest.lib.exclude.list --output /openlane/designs/twos_complement/runs/RUN_2025.04.21_13.20.27/tmp/cts/cts-slowest.lib /root/.volare/sky130A/libs.ref/sky130_fd_sc_hd/lib/sky130_fd_sc_hd__ss_100C_1v60.lib}"

Mon Apr 21 13:20:29 +0000 2025 - Executing "{python3 /openlane/scripts/new_tracks.py -i /root/.volare/sky130A/libs.tech/openlane/sky130_fd_sc_hd/tracks.info -o /openlane/designs/twos_complement/runs/RUN_2025.04.21_13.20.27/tmp/routing/config.tracks}"

Mon Apr 21 13:20:29 +0000 2025 - Executing "{echo {OpenLane e73fb3c57e687a0023fcd4dcfd1566ecd478362a} > /openlane/designs/twos_complement/runs/RUN_2025.04.21_13.20.27/OPENLANE_COMMIT}"

Mon Apr 21 13:20:30 +0000 2025 - Executing "{yosys -c /openlane/scripts/yosys/blackbox.tcl}"

Mon Apr 21 13:20:30 +0000 2025 - Executing "{verilator -Wall --lint-only --Wno-DECLFILENAME --top-module twos_complement /openlane/designs/twos_complement/runs/RUN_2025.04.21_13.20.27/tmp/synthesis/blackbox/sky130_fd_sc_hd__blackbox.v /openlane/designs/twos_complement/src/twos_complement.v -Wno-fatal --relative-includes |& tee /openlane/designs/twos_complement/runs/RUN_2025.04.21_13.20.27/logs/synthesis/linter.log /dev/null}"

Mon Apr 21 13:20:30 +0000 2025 - Executing "{sed -E {s/^([[:space:]]+)pg_pin(.*)/\1pin\2\n\1    direction : "inout";/g} /root/.volare/sky130A/libs.ref/sky130_fd_sc_hd/lib/sky130_fd_sc_hd__tt_025C_1v80.lib > /openlane/designs/twos_complement/runs/RUN_2025.04.21_13.20.27/tmp/synthesis/1-sky130_fd_sc_hd__tt_025C_1v80.no_pg.lib}"

Mon Apr 21 13:20:30 +0000 2025 - Executing "{sed -E {s/^([[:space:]]+)pg_pin(.*)/\1pin\2\n\1    direction : "inout";/g} /openlane/designs/twos_complement/runs/RUN_2025.04.21_13.20.27/tmp/synthesis/trimmed.lib > /openlane/designs/twos_complement/runs/RUN_2025.04.21_13.20.27/tmp/synthesis/1-trimmed.no_pg.lib}"

Mon Apr 21 13:20:30 +0000 2025 - Executing "yosys -c /openlane/scripts/yosys/synth.tcl |& tee /dev/null /openlane/designs/twos_complement/runs/RUN_2025.04.21_13.20.27/logs/synthesis/1-synthesis.log"

Mon Apr 21 13:20:30 +0000 2025 - Executing "{yosys -c /openlane/scripts/yosys/synth.tcl |& tee /dev/null /openlane/designs/twos_complement/runs/RUN_2025.04.21_13.20.27/logs/synthesis/1-synthesis.log}"

Mon Apr 21 13:20:31 +0000 2025 - Executing "{sed -i.bak -e {s/\(set ::env(CURRENT_NETLIST)\).*/\1 \/openlane\/designs\/twos_complement\/runs\/RUN_2025.04.21_13.20.27\/results\/synthesis\/twos_complement.v/} /openlane/designs/twos_complement/runs/RUN_2025.04.21_13.20.27/config.tcl}"

Mon Apr 21 13:20:31 +0000 2025 - Executing "{sed -i.bak /defparam/d /openlane/designs/twos_complement/runs/RUN_2025.04.21_13.20.27/results/synthesis/twos_complement.v}"

Mon Apr 21 13:20:31 +0000 2025 - Executing "sta -exit -no_init /openlane/scripts/openroad/sta/multi_corner.tcl |& tee /dev/null /openlane/designs/twos_complement/runs/RUN_2025.04.21_13.20.27/logs/synthesis/2-sta.log"

Mon Apr 21 13:20:31 +0000 2025 - Executing "{sta -exit -no_init /openlane/scripts/openroad/sta/multi_corner.tcl |& tee /dev/null /openlane/designs/twos_complement/runs/RUN_2025.04.21_13.20.27/logs/synthesis/2-sta.log}"

Mon Apr 21 13:20:31 +0000 2025 - Executing "openroad -exit /openlane/scripts/openroad/floorplan.tcl |& tee /dev/null /openlane/designs/twos_complement/runs/RUN_2025.04.21_13.20.27/logs/floorplan/3-initial_fp.log"

Mon Apr 21 13:20:31 +0000 2025 - Executing "{openroad -exit /openlane/scripts/openroad/floorplan.tcl |& tee /dev/null /openlane/designs/twos_complement/runs/RUN_2025.04.21_13.20.27/logs/floorplan/3-initial_fp.log}"

Mon Apr 21 13:20:32 +0000 2025 - Executing "{openroad -exit -no_init -python /openlane/scripts/odbpy/defutil.py extract_core_dims --output-data /openlane/designs/twos_complement/runs/RUN_2025.04.21_13.20.27/tmp/dimensions.txt --input-lef /openlane/designs/twos_complement/runs/RUN_2025.04.21_13.20.27/tmp/merged.nom.lef /openlane/designs/twos_complement/runs/RUN_2025.04.21_13.20.27/tmp/floorplan/3-initial_fp.def}"

Mon Apr 21 13:20:32 +0000 2025 - Executing "{openroad -exit -no_init -python /openlane/scripts/odbpy/io_place.py --config /openlane/designs/twos_complement/pin_order.cfg --hor-layer met3 --ver-layer met2 --ver-width-mult 2 --hor-width-mult 2 --hor-extension 0 --ver-extension 0 --length 4 --unmatched-error --input-lef /openlane/designs/twos_complement/runs/RUN_2025.04.21_13.20.27/tmp/merged.nom.lef --output-def /openlane/designs/twos_complement/runs/RUN_2025.04.21_13.20.27/tmp/floorplan/4-io.def --output /openlane/designs/twos_complement/runs/RUN_2025.04.21_13.20.27/tmp/floorplan/4-io.odb /openlane/designs/twos_complement/runs/RUN_2025.04.21_13.20.27/tmp/floorplan/3-initial_fp.odb |& tee /dev/null /openlane/designs/twos_complement/runs/RUN_2025.04.21_13.20.27/logs/floorplan/4-place_io.log}"

Mon Apr 21 13:20:33 +0000 2025 - Executing "openroad -exit /openlane/scripts/openroad/tapcell.tcl |& tee /dev/null /openlane/designs/twos_complement/runs/RUN_2025.04.21_13.20.27/logs/floorplan/5-tap.log"

Mon Apr 21 13:20:33 +0000 2025 - Executing "{openroad -exit /openlane/scripts/openroad/tapcell.tcl |& tee /dev/null /openlane/designs/twos_complement/runs/RUN_2025.04.21_13.20.27/logs/floorplan/5-tap.log}"

Mon Apr 21 13:20:33 +0000 2025 - Executing "openroad -exit /openlane/scripts/openroad/pdn.tcl |& tee /dev/null /openlane/designs/twos_complement/runs/RUN_2025.04.21_13.20.27/logs/floorplan/6-pdn.log"

Mon Apr 21 13:20:33 +0000 2025 - Executing "{openroad -exit /openlane/scripts/openroad/pdn.tcl |& tee /dev/null /openlane/designs/twos_complement/runs/RUN_2025.04.21_13.20.27/logs/floorplan/6-pdn.log}"

Mon Apr 21 13:20:34 +0000 2025 - Executing "{openroad -exit -no_init -python /openlane/scripts/odbpy/random_place.py --input-lef /openlane/designs/twos_complement/runs/RUN_2025.04.21_13.20.27/tmp/merged.nom.lef --output-def /openlane/designs/twos_complement/runs/RUN_2025.04.21_13.20.27/tmp/placement/7-global.def --output /openlane/designs/twos_complement/runs/RUN_2025.04.21_13.20.27/tmp/placement/7-global.odb /openlane/designs/twos_complement/runs/RUN_2025.04.21_13.20.27/results/floorplan/twos_complement.odb |& tee /dev/null /openlane/designs/twos_complement/runs/RUN_2025.04.21_13.20.27/logs/placement/7-global.log}"

Mon Apr 21 13:20:34 +0000 2025 - Executing "openroad -exit /openlane/scripts/openroad/resizer.tcl |& tee /dev/null /openlane/designs/twos_complement/runs/RUN_2025.04.21_13.20.27/logs/placement/8-resizer.log"

Mon Apr 21 13:20:34 +0000 2025 - Executing "{openroad -exit /openlane/scripts/openroad/resizer.tcl |& tee /dev/null /openlane/designs/twos_complement/runs/RUN_2025.04.21_13.20.27/logs/placement/8-resizer.log}"

Mon Apr 21 13:20:38 +0000 2025 - Executing "{sed -i.bak -e {s/\(set ::env(CURRENT_NETLIST)\).*/\1 \/openlane\/designs\/twos_complement\/runs\/RUN_2025.04.21_13.20.27\/tmp\/placement\/8-resizer.nl.v/} /openlane/designs/twos_complement/runs/RUN_2025.04.21_13.20.27/config.tcl}"

Mon Apr 21 13:20:38 +0000 2025 - Executing "openroad -exit /openlane/scripts/openroad/dpl.tcl |& tee /dev/null /openlane/designs/twos_complement/runs/RUN_2025.04.21_13.20.27/logs/placement/9-detailed.log"

Mon Apr 21 13:20:38 +0000 2025 - Executing "{openroad -exit /openlane/scripts/openroad/dpl.tcl |& tee /dev/null /openlane/designs/twos_complement/runs/RUN_2025.04.21_13.20.27/logs/placement/9-detailed.log}"

Mon Apr 21 13:20:39 +0000 2025 - Executing "{sed -i.bak -e {s/\(set ::env(CURRENT_NETLIST)\).*/\1 \/openlane\/designs\/twos_complement\/runs\/RUN_2025.04.21_13.20.27\/results\/placement\/twos_complement.nl.v/} /openlane/designs/twos_complement/runs/RUN_2025.04.21_13.20.27/config.tcl}"

Mon Apr 21 13:20:39 +0000 2025 - Executing "openroad -exit /openlane/scripts/openroad/sta/multi_corner.tcl |& tee /dev/null /openlane/designs/twos_complement/runs/RUN_2025.04.21_13.20.27/logs/placement/10-dpl_sta.log"

Mon Apr 21 13:20:39 +0000 2025 - Executing "{openroad -exit /openlane/scripts/openroad/sta/multi_corner.tcl |& tee /dev/null /openlane/designs/twos_complement/runs/RUN_2025.04.21_13.20.27/logs/placement/10-dpl_sta.log}"

Mon Apr 21 13:20:40 +0000 2025 - Executing "openroad -exit /openlane/scripts/openroad/cts.tcl |& tee /dev/null /openlane/designs/twos_complement/runs/RUN_2025.04.21_13.20.27/logs/cts/11-cts.log"

Mon Apr 21 13:20:40 +0000 2025 - Executing "{openroad -exit /openlane/scripts/openroad/cts.tcl |& tee /dev/null /openlane/designs/twos_complement/runs/RUN_2025.04.21_13.20.27/logs/cts/11-cts.log}"

Mon Apr 21 13:20:45 +0000 2025 - Executing "openroad -exit /openlane/scripts/openroad/sta/multi_corner.tcl |& tee /dev/null /openlane/designs/twos_complement/runs/RUN_2025.04.21_13.20.27/logs/cts/12-cts_sta.log"

Mon Apr 21 13:20:45 +0000 2025 - Executing "{openroad -exit /openlane/scripts/openroad/sta/multi_corner.tcl |& tee /dev/null /openlane/designs/twos_complement/runs/RUN_2025.04.21_13.20.27/logs/cts/12-cts_sta.log}"

Mon Apr 21 13:20:45 +0000 2025 - Executing "openroad -exit /openlane/scripts/openroad/resizer_timing.tcl |& tee /dev/null /openlane/designs/twos_complement/runs/RUN_2025.04.21_13.20.27/logs/cts/13-resizer.log"

Mon Apr 21 13:20:45 +0000 2025 - Executing "{openroad -exit /openlane/scripts/openroad/resizer_timing.tcl |& tee /dev/null /openlane/designs/twos_complement/runs/RUN_2025.04.21_13.20.27/logs/cts/13-resizer.log}"

Mon Apr 21 13:20:47 +0000 2025 - Executing "{sed -i.bak -e {s/\(set ::env(CURRENT_NETLIST)\).*/\1 \/openlane\/designs\/twos_complement\/runs\/RUN_2025.04.21_13.20.27\/tmp\/cts\/13-twos_complement.resized.nl.v/} /openlane/designs/twos_complement/runs/RUN_2025.04.21_13.20.27/config.tcl}"

Mon Apr 21 13:20:47 +0000 2025 - Executing "openroad -exit /openlane/scripts/openroad/resizer_routing_design.tcl |& tee /dev/null /openlane/designs/twos_complement/runs/RUN_2025.04.21_13.20.27/logs/routing/14-resizer_design.log"

Mon Apr 21 13:20:47 +0000 2025 - Executing "{openroad -exit /openlane/scripts/openroad/resizer_routing_design.tcl |& tee /dev/null /openlane/designs/twos_complement/runs/RUN_2025.04.21_13.20.27/logs/routing/14-resizer_design.log}"

Mon Apr 21 13:20:49 +0000 2025 - Executing "{sed -i.bak -e {s/\(set ::env(CURRENT_NETLIST)\).*/\1 \/openlane\/designs\/twos_complement\/runs\/RUN_2025.04.21_13.20.27\/tmp\/14-twos_complement.nl.v/} /openlane/designs/twos_complement/runs/RUN_2025.04.21_13.20.27/config.tcl}"

Mon Apr 21 13:20:49 +0000 2025 - Executing "openroad -exit /openlane/scripts/openroad/sta/multi_corner.tcl |& tee /dev/null /openlane/designs/twos_complement/runs/RUN_2025.04.21_13.20.27/logs/routing/15-rsz_design_sta.log"

Mon Apr 21 13:20:49 +0000 2025 - Executing "{openroad -exit /openlane/scripts/openroad/sta/multi_corner.tcl |& tee /dev/null /openlane/designs/twos_complement/runs/RUN_2025.04.21_13.20.27/logs/routing/15-rsz_design_sta.log}"

Mon Apr 21 13:20:49 +0000 2025 - Executing "openroad -exit /openlane/scripts/openroad/resizer_routing_timing.tcl |& tee /dev/null /openlane/designs/twos_complement/runs/RUN_2025.04.21_13.20.27/logs/routing/16-resizer_timing.log"

Mon Apr 21 13:20:49 +0000 2025 - Executing "{openroad -exit /openlane/scripts/openroad/resizer_routing_timing.tcl |& tee /dev/null /openlane/designs/twos_complement/runs/RUN_2025.04.21_13.20.27/logs/routing/16-resizer_timing.log}"

Mon Apr 21 13:20:51 +0000 2025 - Executing "{sed -i.bak -e {s/\(set ::env(CURRENT_NETLIST)\).*/\1 \/openlane\/designs\/twos_complement\/runs\/RUN_2025.04.21_13.20.27\/tmp\/16-twos_complement.nl.v/} /openlane/designs/twos_complement/runs/RUN_2025.04.21_13.20.27/config.tcl}"

Mon Apr 21 13:20:51 +0000 2025 - Executing "openroad -exit /openlane/scripts/openroad/sta/multi_corner.tcl |& tee /dev/null /openlane/designs/twos_complement/runs/RUN_2025.04.21_13.20.27/logs/routing/17-rsz_timing_sta.log"

Mon Apr 21 13:20:51 +0000 2025 - Executing "{openroad -exit /openlane/scripts/openroad/sta/multi_corner.tcl |& tee /dev/null /openlane/designs/twos_complement/runs/RUN_2025.04.21_13.20.27/logs/routing/17-rsz_timing_sta.log}"

Mon Apr 21 13:20:51 +0000 2025 - Executing "openroad -exit /openlane/scripts/openroad/repair_antennas.tcl |& tee /dev/null /openlane/designs/twos_complement/runs/RUN_2025.04.21_13.20.27/logs/routing/18-global.log"

Mon Apr 21 13:20:51 +0000 2025 - Executing "{openroad -exit /openlane/scripts/openroad/repair_antennas.tcl |& tee /dev/null /openlane/designs/twos_complement/runs/RUN_2025.04.21_13.20.27/logs/routing/18-global.log}"

Mon Apr 21 13:20:52 +0000 2025 - Executing "openroad -exit /openlane/scripts/openroad/write_views.tcl |& tee /dev/null /openlane/designs/twos_complement/runs/RUN_2025.04.21_13.20.27/logs/routing/18-global_write_netlist.log"

Mon Apr 21 13:20:52 +0000 2025 - Executing "{openroad -exit /openlane/scripts/openroad/write_views.tcl |& tee /dev/null /openlane/designs/twos_complement/runs/RUN_2025.04.21_13.20.27/logs/routing/18-global_write_netlist.log}"

Mon Apr 21 13:20:52 +0000 2025 - Executing "{sed -i.bak -e {s/\(set ::env(CURRENT_NETLIST)\).*/\1 \/openlane\/designs\/twos_complement\/runs\/RUN_2025.04.21_13.20.27\/tmp\/routing\/global.nl.v/} /openlane/designs/twos_complement/runs/RUN_2025.04.21_13.20.27/config.tcl}"

Mon Apr 21 13:20:52 +0000 2025 - Executing "openroad -exit /openlane/scripts/openroad/sta/multi_corner.tcl |& tee /dev/null /openlane/designs/twos_complement/runs/RUN_2025.04.21_13.20.27/logs/routing/20-grt_sta.log"

Mon Apr 21 13:20:52 +0000 2025 - Executing "{openroad -exit /openlane/scripts/openroad/sta/multi_corner.tcl |& tee /dev/null /openlane/designs/twos_complement/runs/RUN_2025.04.21_13.20.27/logs/routing/20-grt_sta.log}"

Mon Apr 21 13:20:53 +0000 2025 - Executing "openroad -exit /openlane/scripts/openroad/fill.tcl |& tee /dev/null /openlane/designs/twos_complement/runs/RUN_2025.04.21_13.20.27/logs/routing/21-fill.log"

Mon Apr 21 13:20:53 +0000 2025 - Executing "{openroad -exit /openlane/scripts/openroad/fill.tcl |& tee /dev/null /openlane/designs/twos_complement/runs/RUN_2025.04.21_13.20.27/logs/routing/21-fill.log}"

Mon Apr 21 13:20:53 +0000 2025 - Executing "{sed -i.bak -e {s/\(set ::env(CURRENT_NETLIST)\).*/\1 \/openlane\/designs\/twos_complement\/runs\/RUN_2025.04.21_13.20.27\/tmp\/routing\/21-fill.nl.v/} /openlane/designs/twos_complement/runs/RUN_2025.04.21_13.20.27/config.tcl}"

Mon Apr 21 13:20:54 +0000 2025 - Executing "openroad -exit -metrics /openlane/designs/twos_complement/runs/RUN_2025.04.21_13.20.27/reports/routing/22-drt_metrics.json /openlane/scripts/openroad/droute.tcl |& tee /dev/null /openlane/designs/twos_complement/runs/RUN_2025.04.21_13.20.27/logs/routing/22-detailed.log"

Mon Apr 21 13:20:54 +0000 2025 - Executing "{openroad -exit -metrics /openlane/designs/twos_complement/runs/RUN_2025.04.21_13.20.27/reports/routing/22-drt_metrics.json /openlane/scripts/openroad/droute.tcl |& tee /dev/null /openlane/designs/twos_complement/runs/RUN_2025.04.21_13.20.27/logs/routing/22-detailed.log}"

Mon Apr 21 13:20:55 +0000 2025 - Executing "{sed -i.bak -e {s/\(set ::env(CURRENT_NETLIST)\).*/\1 \/openlane\/designs\/twos_complement\/runs\/RUN_2025.04.21_13.20.27\/results\/routing\/twos_complement.nl.v/} /openlane/designs/twos_complement/runs/RUN_2025.04.21_13.20.27/config.tcl}"

Mon Apr 21 13:20:55 +0000 2025 - Executing "{python3 /openlane/scripts/drc_rosetta.py tr to_klayout -o /openlane/designs/twos_complement/runs/RUN_2025.04.21_13.20.27/reports/routing/drt.klayout.xml --design-name twos_complement /openlane/designs/twos_complement/runs/RUN_2025.04.21_13.20.27/reports/routing/drt.drc}"

Mon Apr 21 13:20:55 +0000 2025 - Executing "{openroad -exit -no_init -python /openlane/scripts/odbpy/wire_lengths.py --report-out /openlane/designs/twos_complement/runs/RUN_2025.04.21_13.20.27/reports/routing/23-wire_lengths.csv --input-lef /openlane/designs/twos_complement/runs/RUN_2025.04.21_13.20.27/tmp/merged.nom.lef --output-def /openlane/designs/twos_complement/runs/RUN_2025.04.21_13.20.27/results/routing/twos_complement.def --output /openlane/designs/twos_complement/runs/RUN_2025.04.21_13.20.27/results/routing/twos_complement.odb /openlane/designs/twos_complement/runs/RUN_2025.04.21_13.20.27/results/routing/twos_complement.odb |& tee /dev/null /openlane/designs/twos_complement/runs/RUN_2025.04.21_13.20.27/logs/routing/23-wire_lengths.log}"

Mon Apr 21 13:20:56 +0000 2025 - Executing "openroad -exit /openlane/scripts/openroad/rcx.tcl |& tee /dev/null /openlane/designs/twos_complement/runs/RUN_2025.04.21_13.20.27/logs/signoff/24-parasitics_extraction.min.log"

Mon Apr 21 13:20:56 +0000 2025 - Executing "{openroad -exit /openlane/scripts/openroad/rcx.tcl |& tee /dev/null /openlane/designs/twos_complement/runs/RUN_2025.04.21_13.20.27/logs/signoff/24-parasitics_extraction.min.log}"

Mon Apr 21 13:20:56 +0000 2025 - Executing "sta -exit -no_init /openlane/scripts/openroad/sta/multi_corner.tcl |& tee /dev/null /openlane/designs/twos_complement/runs/RUN_2025.04.21_13.20.27/logs/signoff/25-rcx_mcsta.min.log"

Mon Apr 21 13:20:56 +0000 2025 - Executing "{sta -exit -no_init /openlane/scripts/openroad/sta/multi_corner.tcl |& tee /dev/null /openlane/designs/twos_complement/runs/RUN_2025.04.21_13.20.27/logs/signoff/25-rcx_mcsta.min.log}"

Mon Apr 21 13:20:57 +0000 2025 - Executing "openroad -exit /openlane/scripts/openroad/rcx.tcl |& tee /dev/null /openlane/designs/twos_complement/runs/RUN_2025.04.21_13.20.27/logs/signoff/26-parasitics_extraction.max.log"

Mon Apr 21 13:20:57 +0000 2025 - Executing "{openroad -exit /openlane/scripts/openroad/rcx.tcl |& tee /dev/null /openlane/designs/twos_complement/runs/RUN_2025.04.21_13.20.27/logs/signoff/26-parasitics_extraction.max.log}"

Mon Apr 21 13:20:58 +0000 2025 - Executing "sta -exit -no_init /openlane/scripts/openroad/sta/multi_corner.tcl |& tee /dev/null /openlane/designs/twos_complement/runs/RUN_2025.04.21_13.20.27/logs/signoff/27-rcx_mcsta.max.log"

Mon Apr 21 13:20:58 +0000 2025 - Executing "{sta -exit -no_init /openlane/scripts/openroad/sta/multi_corner.tcl |& tee /dev/null /openlane/designs/twos_complement/runs/RUN_2025.04.21_13.20.27/logs/signoff/27-rcx_mcsta.max.log}"

Mon Apr 21 13:20:59 +0000 2025 - Executing "openroad -exit /openlane/scripts/openroad/rcx.tcl |& tee /dev/null /openlane/designs/twos_complement/runs/RUN_2025.04.21_13.20.27/logs/signoff/28-parasitics_extraction.nom.log"

Mon Apr 21 13:20:59 +0000 2025 - Executing "{openroad -exit /openlane/scripts/openroad/rcx.tcl |& tee /dev/null /openlane/designs/twos_complement/runs/RUN_2025.04.21_13.20.27/logs/signoff/28-parasitics_extraction.nom.log}"

Mon Apr 21 13:21:00 +0000 2025 - Executing "sta -exit -no_init /openlane/scripts/openroad/sta/multi_corner.tcl |& tee /dev/null /openlane/designs/twos_complement/runs/RUN_2025.04.21_13.20.27/logs/signoff/29-rcx_mcsta.nom.log"

Mon Apr 21 13:21:00 +0000 2025 - Executing "{sta -exit -no_init /openlane/scripts/openroad/sta/multi_corner.tcl |& tee /dev/null /openlane/designs/twos_complement/runs/RUN_2025.04.21_13.20.27/logs/signoff/29-rcx_mcsta.nom.log}"

Mon Apr 21 13:21:01 +0000 2025 - Executing "openroad -exit /openlane/scripts/openroad/irdrop.tcl |& tee /dev/null /openlane/designs/twos_complement/runs/RUN_2025.04.21_13.20.27/logs/signoff/30-irdrop.log"

Mon Apr 21 13:21:01 +0000 2025 - Executing "{openroad -exit /openlane/scripts/openroad/irdrop.tcl |& tee /dev/null /openlane/designs/twos_complement/runs/RUN_2025.04.21_13.20.27/logs/signoff/30-irdrop.log}"

Mon Apr 21 13:21:02 +0000 2025 - Executing "magic -noconsole -dnull -rcfile /root/.volare/sky130A/libs.tech/magic/sky130A.magicrc < /openlane/scripts/magic/wrapper.tcl |& tee /dev/null /openlane/designs/twos_complement/runs/RUN_2025.04.21_13.20.27/logs/signoff/31-gdsii.log"

Mon Apr 21 13:21:02 +0000 2025 - Executing "{magic -noconsole -dnull -rcfile /root/.volare/sky130A/libs.tech/magic/sky130A.magicrc < /openlane/scripts/magic/wrapper.tcl |& tee /dev/null /openlane/designs/twos_complement/runs/RUN_2025.04.21_13.20.27/logs/signoff/31-gdsii.log}"

Mon Apr 21 13:21:02 +0000 2025 - Executing "magic -noconsole -dnull -rcfile /root/.volare/sky130A/libs.tech/magic/sky130A.magicrc < /openlane/scripts/magic/wrapper.tcl |& tee /dev/null /openlane/designs/twos_complement/runs/RUN_2025.04.21_13.20.27/logs/signoff/31-gds_ptrs.log"

Mon Apr 21 13:21:02 +0000 2025 - Executing "{magic -noconsole -dnull -rcfile /root/.volare/sky130A/libs.tech/magic/sky130A.magicrc < /openlane/scripts/magic/wrapper.tcl |& tee /dev/null /openlane/designs/twos_complement/runs/RUN_2025.04.21_13.20.27/logs/signoff/31-gds_ptrs.log}"

Mon Apr 21 13:21:02 +0000 2025 - Executing "{sed -i.bak -n {/^<< properties >>/,/^<< end >>/p} /openlane/designs/twos_complement/runs/RUN_2025.04.21_13.20.27/tmp/signoff/gds_ptrs.mag}"

Mon Apr 21 13:21:03 +0000 2025 - Executing "magic -noconsole -dnull -rcfile /root/.volare/sky130A/libs.tech/magic/sky130A.magicrc < /openlane/scripts/magic/wrapper.tcl |& tee /dev/null /openlane/designs/twos_complement/runs/RUN_2025.04.21_13.20.27/logs/signoff/31-lef.log"

Mon Apr 21 13:21:03 +0000 2025 - Executing "{magic -noconsole -dnull -rcfile /root/.volare/sky130A/libs.tech/magic/sky130A.magicrc < /openlane/scripts/magic/wrapper.tcl |& tee /dev/null /openlane/designs/twos_complement/runs/RUN_2025.04.21_13.20.27/logs/signoff/31-lef.log}"

Mon Apr 21 13:21:03 +0000 2025 - Executing "magic -noconsole -dnull -rcfile /root/.volare/sky130A/libs.tech/magic/sky130A.magicrc < /openlane/scripts/magic/wrapper.tcl |& tee /dev/null /openlane/designs/twos_complement/runs/RUN_2025.04.21_13.20.27/logs/signoff/31-maglef.log"

Mon Apr 21 13:21:03 +0000 2025 - Executing "{magic -noconsole -dnull -rcfile /root/.volare/sky130A/libs.tech/magic/sky130A.magicrc < /openlane/scripts/magic/wrapper.tcl |& tee /dev/null /openlane/designs/twos_complement/runs/RUN_2025.04.21_13.20.27/logs/signoff/31-maglef.log}"

Mon Apr 21 13:21:03 +0000 2025 - Executing "{python3 /openlane/scripts/klayout/stream_out.py --output /openlane/designs/twos_complement/runs/RUN_2025.04.21_13.20.27/results/signoff/twos_complement.klayout.gds --lyt /root/.volare/sky130A/libs.tech/klayout/tech/sky130A.lyt --lym /root/.volare/sky130A/libs.tech/klayout/tech/sky130A.map --lyp /root/.volare/sky130A/libs.tech/klayout/tech/sky130A.lyp --top twos_complement --with-gds-file /root/.volare/sky130A/libs.ref/sky130_fd_sc_hd/gds/sky130_fd_sc_hd.gds --input-lef /openlane/designs/twos_complement/runs/RUN_2025.04.21_13.20.27/tmp/merged.nom.lef /openlane/designs/twos_complement/runs/RUN_2025.04.21_13.20.27/results/routing/twos_complement.def |& tee /dev/null /openlane/designs/twos_complement/runs/RUN_2025.04.21_13.20.27/logs/signoff/32-gdsii-klayout.log}"

Mon Apr 21 13:21:03 +0000 2025 - Executing "{klayout -b -r /openlane/scripts/klayout/xor.drc -rd a=/openlane/designs/twos_complement/runs/RUN_2025.04.21_13.20.27/results/signoff/twos_complement.gds -rd b=/openlane/designs/twos_complement/runs/RUN_2025.04.21_13.20.27/results/signoff/twos_complement.klayout.gds -rd jobs=1 -rd rdb_out=/openlane/designs/twos_complement/runs/RUN_2025.04.21_13.20.27/reports/signoff/33-xor.xml -rd ignore=81/14 -rd rpt_out=/openlane/designs/twos_complement/runs/RUN_2025.04.21_13.20.27/reports/signoff/33-xor.rpt |& tee /dev/null /openlane/designs/twos_complement/runs/RUN_2025.04.21_13.20.27/logs/signoff/33-xor.log}"

Mon Apr 21 13:21:04 +0000 2025 - Executing "magic -noconsole -dnull -rcfile /root/.volare/sky130A/libs.tech/magic/sky130A.magicrc < /openlane/scripts/magic/wrapper.tcl |& tee /dev/null /openlane/designs/twos_complement/runs/RUN_2025.04.21_13.20.27/logs/signoff/34-spice.log"

Mon Apr 21 13:21:04 +0000 2025 - Executing "{magic -noconsole -dnull -rcfile /root/.volare/sky130A/libs.tech/magic/sky130A.magicrc < /openlane/scripts/magic/wrapper.tcl |& tee /dev/null /openlane/designs/twos_complement/runs/RUN_2025.04.21_13.20.27/logs/signoff/34-spice.log}"

Mon Apr 21 13:21:04 +0000 2025 - Executing "{openroad -exit -no_init -python /openlane/scripts/odbpy/power_utils.py write_powered_def --output /openlane/designs/twos_complement/runs/RUN_2025.04.21_13.20.27/tmp/signoff/34-twos_complement.p.def --input-lef /openlane/designs/twos_complement/runs/RUN_2025.04.21_13.20.27/tmp/merged.nom.lef --power-port VPWR --ground-port VGND --powered-netlist {} /openlane/designs/twos_complement/runs/RUN_2025.04.21_13.20.27/results/routing/twos_complement.def |& tee /dev/null /openlane/designs/twos_complement/runs/RUN_2025.04.21_13.20.27/logs/signoff/35-write_powered_def.log}"

Mon Apr 21 13:21:05 +0000 2025 - Executing "openroad -exit /openlane/scripts/openroad/write_views.tcl |& tee /dev/null /openlane/designs/twos_complement/runs/RUN_2025.04.21_13.20.27/logs/signoff/35-write_powered_verilog.log"

Mon Apr 21 13:21:05 +0000 2025 - Executing "{openroad -exit /openlane/scripts/openroad/write_views.tcl |& tee /dev/null /openlane/designs/twos_complement/runs/RUN_2025.04.21_13.20.27/logs/signoff/35-write_powered_verilog.log}"

Mon Apr 21 13:21:05 +0000 2025 - Executing "{sed -i.bak -e {s/\(set ::env(CURRENT_NETLIST)\).*/\1 \/openlane\/designs\/twos_complement\/runs\/RUN_2025.04.21_13.20.27\/tmp\/signoff\/34-twos_complement.nl.v/} /openlane/designs/twos_complement/runs/RUN_2025.04.21_13.20.27/config.tcl}"

Mon Apr 21 13:21:05 +0000 2025 - Executing "{netgen -batch source /openlane/designs/twos_complement/runs/RUN_2025.04.21_13.20.27/tmp/signoff/37-setup_file.lef.lvs |& tee /dev/null /openlane/designs/twos_complement/runs/RUN_2025.04.21_13.20.27/logs/signoff/37-lvs.lef.log}"

Mon Apr 21 13:21:06 +0000 2025 - Executing "magic -noconsole -dnull -rcfile /root/.volare/sky130A/libs.tech/magic/sky130A.magicrc < /openlane/scripts/magic/wrapper.tcl |& tee /dev/null /openlane/designs/twos_complement/runs/RUN_2025.04.21_13.20.27/logs/signoff/38-drc.log"

Mon Apr 21 13:21:06 +0000 2025 - Executing "{magic -noconsole -dnull -rcfile /root/.volare/sky130A/libs.tech/magic/sky130A.magicrc < /openlane/scripts/magic/wrapper.tcl |& tee /dev/null /openlane/designs/twos_complement/runs/RUN_2025.04.21_13.20.27/logs/signoff/38-drc.log}"

Mon Apr 21 13:21:06 +0000 2025 - Executing "{python3 /openlane/scripts/drc_rosetta.py magic to_tcl -o /openlane/designs/twos_complement/runs/RUN_2025.04.21_13.20.27/reports/signoff/drc.tcl /openlane/designs/twos_complement/runs/RUN_2025.04.21_13.20.27/reports/signoff/drc.rpt}"

Mon Apr 21 13:21:06 +0000 2025 - Executing "{python3 /openlane/scripts/drc_rosetta.py magic to_tr -o /openlane/designs/twos_complement/runs/RUN_2025.04.21_13.20.27/reports/signoff/drc.tr /openlane/designs/twos_complement/runs/RUN_2025.04.21_13.20.27/reports/signoff/drc.rpt}"

Mon Apr 21 13:21:06 +0000 2025 - Executing "{python3 /openlane/scripts/drc_rosetta.py tr to_klayout -o /openlane/designs/twos_complement/runs/RUN_2025.04.21_13.20.27/reports/signoff/drc.klayout.xml --design-name twos_complement /openlane/designs/twos_complement/runs/RUN_2025.04.21_13.20.27/reports/signoff/drc.tr}"

Mon Apr 21 13:21:06 +0000 2025 - Executing "{python3 /openlane/scripts/drc_rosetta.py magic to_rdb -o /openlane/designs/twos_complement/runs/RUN_2025.04.21_13.20.27/reports/signoff/drc.rdb /openlane/designs/twos_complement/runs/RUN_2025.04.21_13.20.27/reports/signoff/drc.rpt}"

Mon Apr 21 13:21:06 +0000 2025 - Executing "{klayout -b -zz -r /root/.volare/sky130A/libs.tech/klayout/drc/sky130A_mr.drc -rd topcell=twos_complement -rd input=/openlane/designs/twos_complement/runs/RUN_2025.04.21_13.20.27/results/signoff/twos_complement.gds -rd report=/openlane/designs/twos_complement/runs/RUN_2025.04.21_13.20.27/reports/signoff/violations.xml -rd feol=true -rd beol=true -rd floating_metal=false -rd seal=true -rd thread=1 |& tee /dev/null /openlane/designs/twos_complement/runs/RUN_2025.04.21_13.20.27/logs/signoff/39-drc-klayout.log}"

Mon Apr 21 13:21:07 +0000 2025 - Executing "{python3 /openlane/scripts/klayout/xml_drc_report_to_json.py --xml-file /openlane/designs/twos_complement/runs/RUN_2025.04.21_13.20.27/reports/signoff/violations.xml --json-file /openlane/designs/twos_complement/runs/RUN_2025.04.21_13.20.27/reports/signoff/violations.json}"

Mon Apr 21 13:21:08 +0000 2025 - Executing "openroad -exit /openlane/scripts/openroad/antenna_check.tcl |& tee /dev/null /openlane/designs/twos_complement/runs/RUN_2025.04.21_13.20.27/logs/signoff/40-arc.log"

Mon Apr 21 13:21:08 +0000 2025 - Executing "{openroad -exit /openlane/scripts/openroad/antenna_check.tcl |& tee /dev/null /openlane/designs/twos_complement/runs/RUN_2025.04.21_13.20.27/logs/signoff/40-arc.log}"

Mon Apr 21 13:21:08 +0000 2025 - Executing "{python3 /openlane/scripts/extract_antenna_violators.py --output /openlane/designs/twos_complement/runs/RUN_2025.04.21_13.20.27/reports/signoff/40-antenna_violators.rpt --plain-out /openlane/designs/twos_complement/runs/RUN_2025.04.21_13.20.27/reports/signoff/40-antenna_violators_pins.txt /openlane/designs/twos_complement/runs/RUN_2025.04.21_13.20.27/logs/signoff/40-arc.log}"

Mon Apr 21 13:21:08 +0000 2025 - Executing "{python3 /openlane/scripts/write_runtime.py --conclude --seconds --time-in 1745241668 {flow completed}}"

Mon Apr 21 13:21:08 +0000 2025 - Executing "{python3 /openlane/scripts/generate_reports.py -d /openlane/designs/twos_complement --design_name twos_complement --tag RUN_2025.04.21_13.20.27 --output_file /openlane/designs/twos_complement/runs/RUN_2025.04.21_13.20.27/reports/metrics.csv --man_report /openlane/designs/twos_complement/runs/RUN_2025.04.21_13.20.27/reports/manufacturability.rpt --run_path /openlane/designs/twos_complement/runs/RUN_2025.04.21_13.20.27}"

