
===========================================================================
 report_power
============================================================================
======================= Fastest Corner ===================================

Group                  Internal  Switching    Leakage      Total
                          Power      Power      Power      Power (Watts)
----------------------------------------------------------------
Sequential             0.00e+00   0.00e+00   0.00e+00   0.00e+00   0.0%
Combinational          1.46e-04   3.99e-04   4.69e-09   5.45e-04 100.0%
Clock                 -8.56e-10   0.00e+00   2.32e-09   1.46e-09   0.0%
Macro                  0.00e+00   0.00e+00   0.00e+00   0.00e+00   0.0%
Pad                    0.00e+00   0.00e+00   0.00e+00   0.00e+00   0.0%
----------------------------------------------------------------
Total                  1.46e-04   3.99e-04   7.00e-09   5.45e-04 100.0%
                          26.8%      73.2%       0.0%

======================= Slowest Corner ===================================

Group                  Internal  Switching    Leakage      Total
                          Power      Power      Power      Power (Watts)
----------------------------------------------------------------
Sequential             0.00e+00   0.00e+00   0.00e+00   0.00e+00   0.0%
Combinational          1.04e-04   2.68e-04   2.08e-06   3.74e-04 100.0%
Clock                 -3.56e-10   0.00e+00   2.36e-09   2.00e-09   0.0%
Macro                  0.00e+00   0.00e+00   0.00e+00   0.00e+00   0.0%
Pad                    0.00e+00   0.00e+00   0.00e+00   0.00e+00   0.0%
----------------------------------------------------------------
Total                  1.04e-04   2.68e-04   2.08e-06   3.74e-04 100.0%
                          27.7%      71.7%       0.6%

======================= Typical Corner ===================================

Group                  Internal  Switching    Leakage      Total
                          Power      Power      Power      Power (Watts)
----------------------------------------------------------------
Sequential             0.00e+00   0.00e+00   0.00e+00   0.00e+00   0.0%
Combinational          1.32e-04   3.40e-04   1.54e-09   4.72e-04 100.0%
Clock                 -9.88e-11   0.00e+00   2.32e-09   2.22e-09   0.0%
Macro                  0.00e+00   0.00e+00   0.00e+00   0.00e+00   0.0%
Pad                    0.00e+00   0.00e+00   0.00e+00   0.00e+00   0.0%
----------------------------------------------------------------
Total                  1.32e-04   3.40e-04   3.85e-09   4.72e-04 100.0%
                          28.0%      72.0%       0.0%

