
===========================================================================
report_checks -path_delay max (Setup)
============================================================================
======================= Fastest Corner ===================================

Startpoint: A[2] (input port clocked by __VIRTUAL_CLK__)
Endpoint: out[6] (output port clocked by __VIRTUAL_CLK__)
Path Group: __VIRTUAL_CLK__
Path Type: max
Corner: Fastest

Fanout     Cap    Slew   Delay    Time   Description
-----------------------------------------------------------------------------
                  0.00    0.00    0.00   clock __VIRTUAL_CLK__ (rise edge)
                          0.00    0.00   clock network delay (ideal)
                          2.00    2.00 ^ input external delay
     1    0.00    0.02    0.01    2.01 ^ A[2] (in)
                                         A[2] (net)
                  0.02    0.00    2.01 ^ input3/A (sky130_fd_sc_hd__clkbuf_8)
     9    0.14    0.18    0.19    2.20 ^ input3/X (sky130_fd_sc_hd__clkbuf_8)
                                         net3 (net)
                  0.19    0.02    2.22 ^ _288_/A (sky130_fd_sc_hd__clkbuf_8)
    10    0.13    0.17    0.21    2.43 ^ _288_/X (sky130_fd_sc_hd__clkbuf_8)
                                         _217_ (net)
                  0.18    0.02    2.45 ^ _292_/B1 (sky130_fd_sc_hd__a22o_1)
     2    0.03    0.23    0.23    2.68 ^ _292_/X (sky130_fd_sc_hd__a22o_1)
                                         _221_ (net)
                  0.23    0.00    2.68 ^ _328_/A3 (sky130_fd_sc_hd__a31o_2)
     2    0.04    0.20    0.24    2.92 ^ _328_/X (sky130_fd_sc_hd__a31o_2)
                                         _008_ (net)
                  0.20    0.01    2.93 ^ _329_/C (sky130_fd_sc_hd__and3_1)
     2    0.03    0.26    0.28    3.21 ^ _329_/X (sky130_fd_sc_hd__and3_1)
                                         _009_ (net)
                  0.26    0.00    3.21 ^ _331_/A_N (sky130_fd_sc_hd__and2b_2)
     1    0.05    0.10    0.23    3.44 v _331_/X (sky130_fd_sc_hd__and2b_2)
                                         _011_ (net)
                  0.11    0.01    3.46 v _332_/B (sky130_fd_sc_hd__xnor2_4)
     2    0.04    0.23    0.23    3.69 ^ _332_/Y (sky130_fd_sc_hd__xnor2_4)
                                         _012_ (net)
                  0.23    0.00    3.69 ^ _333_/B (sky130_fd_sc_hd__nand2_4)
     4    0.07    0.13    0.13    3.82 v _333_/Y (sky130_fd_sc_hd__nand2_4)
                                         _013_ (net)
                  0.13    0.01    3.83 v _359_/A_N (sky130_fd_sc_hd__nand3b_4)
     2    0.04    0.10    0.19    4.01 v _359_/Y (sky130_fd_sc_hd__nand3b_4)
                                         _038_ (net)
                  0.10    0.00    4.02 v rebuffer22/A (sky130_fd_sc_hd__clkbuf_2)
     3    0.04    0.10    0.16    4.18 v rebuffer22/X (sky130_fd_sc_hd__clkbuf_2)
                                         net51 (net)
                  0.10    0.01    4.19 v _403_/A2 (sky130_fd_sc_hd__a21o_2)
     2    0.05    0.09    0.23    4.42 v _403_/X (sky130_fd_sc_hd__a21o_2)
                                         _081_ (net)
                  0.09    0.01    4.43 v _440_/A1 (sky130_fd_sc_hd__a21bo_1)
     1    0.03    0.10    0.20    4.63 v _440_/X (sky130_fd_sc_hd__a21bo_1)
                                         _117_ (net)
                  0.10    0.00    4.63 v _441_/B (sky130_fd_sc_hd__or2_4)
     1    0.02    0.05    0.20    4.83 v _441_/X (sky130_fd_sc_hd__or2_4)
                                         _118_ (net)
                  0.05    0.00    4.83 v _453_/B2 (sky130_fd_sc_hd__a22oi_4)
     1    0.06    0.24    0.21    5.04 ^ _453_/Y (sky130_fd_sc_hd__a22oi_4)
                                         net26 (net)
                  0.24    0.01    5.04 ^ output26/A (sky130_fd_sc_hd__buf_6)
     1    0.03    0.06    0.11    5.15 ^ output26/X (sky130_fd_sc_hd__buf_6)
                                         out[6] (net)
                  0.06    0.00    5.16 ^ out[6] (out)
                                  5.16   data arrival time

                  0.00   10.00   10.00   clock __VIRTUAL_CLK__ (rise edge)
                          0.00   10.00   clock network delay (ideal)
                         -0.25    9.75   clock uncertainty
                          0.00    9.75   clock reconvergence pessimism
                         -2.00    7.75   output external delay
                                  7.75   data required time
-----------------------------------------------------------------------------
                                  7.75   data required time
                                 -5.16   data arrival time
-----------------------------------------------------------------------------
                                  2.59   slack (MET)


Startpoint: A[2] (input port clocked by __VIRTUAL_CLK__)
Endpoint: out[7] (output port clocked by __VIRTUAL_CLK__)
Path Group: __VIRTUAL_CLK__
Path Type: max
Corner: Fastest

Fanout     Cap    Slew   Delay    Time   Description
-----------------------------------------------------------------------------
                  0.00    0.00    0.00   clock __VIRTUAL_CLK__ (rise edge)
                          0.00    0.00   clock network delay (ideal)
                          2.00    2.00 ^ input external delay
     1    0.00    0.02    0.01    2.01 ^ A[2] (in)
                                         A[2] (net)
                  0.02    0.00    2.01 ^ input3/A (sky130_fd_sc_hd__clkbuf_8)
     9    0.14    0.18    0.19    2.20 ^ input3/X (sky130_fd_sc_hd__clkbuf_8)
                                         net3 (net)
                  0.19    0.02    2.22 ^ _288_/A (sky130_fd_sc_hd__clkbuf_8)
    10    0.13    0.17    0.21    2.43 ^ _288_/X (sky130_fd_sc_hd__clkbuf_8)
                                         _217_ (net)
                  0.18    0.02    2.45 ^ _292_/B1 (sky130_fd_sc_hd__a22o_1)
     2    0.03    0.23    0.23    2.68 ^ _292_/X (sky130_fd_sc_hd__a22o_1)
                                         _221_ (net)
                  0.23    0.00    2.68 ^ _328_/A3 (sky130_fd_sc_hd__a31o_2)
     2    0.04    0.20    0.24    2.92 ^ _328_/X (sky130_fd_sc_hd__a31o_2)
                                         _008_ (net)
                  0.20    0.01    2.93 ^ _329_/C (sky130_fd_sc_hd__and3_1)
     2    0.03    0.26    0.28    3.21 ^ _329_/X (sky130_fd_sc_hd__and3_1)
                                         _009_ (net)
                  0.26    0.00    3.21 ^ _331_/A_N (sky130_fd_sc_hd__and2b_2)
     1    0.05    0.10    0.23    3.44 v _331_/X (sky130_fd_sc_hd__and2b_2)
                                         _011_ (net)
                  0.11    0.01    3.46 v _332_/B (sky130_fd_sc_hd__xnor2_4)
     2    0.04    0.23    0.23    3.69 ^ _332_/Y (sky130_fd_sc_hd__xnor2_4)
                                         _012_ (net)
                  0.23    0.00    3.69 ^ _333_/B (sky130_fd_sc_hd__nand2_4)
     4    0.07    0.13    0.13    3.82 v _333_/Y (sky130_fd_sc_hd__nand2_4)
                                         _013_ (net)
                  0.13    0.01    3.83 v _359_/A_N (sky130_fd_sc_hd__nand3b_4)
     2    0.04    0.10    0.19    4.01 v _359_/Y (sky130_fd_sc_hd__nand3b_4)
                                         _038_ (net)
                  0.10    0.01    4.02 v _438_/A2 (sky130_fd_sc_hd__a2111oi_4)
     2    0.01    0.23    0.30    4.33 ^ _438_/Y (sky130_fd_sc_hd__a2111oi_4)
                                         _115_ (net)
                  0.23    0.00    4.33 ^ wire28/A (sky130_fd_sc_hd__buf_4)
     2    0.03    0.06    0.13    4.46 ^ wire28/X (sky130_fd_sc_hd__buf_4)
                                         net28 (net)
                  0.06    0.00    4.46 ^ _497_/B1 (sky130_fd_sc_hd__a21oi_2)
     1    0.02    0.11    0.05    4.51 v _497_/Y (sky130_fd_sc_hd__a21oi_2)
                                         _173_ (net)
                  0.11    0.00    4.51 v _498_/A1 (sky130_fd_sc_hd__o21a_1)
     1    0.02    0.07    0.19    4.70 v _498_/X (sky130_fd_sc_hd__o21a_1)
                                         _174_ (net)
                  0.07    0.00    4.70 v _503_/A3 (sky130_fd_sc_hd__o32a_4)
     1    0.04    0.07    0.24    4.94 v _503_/X (sky130_fd_sc_hd__o32a_4)
                                         net27 (net)
                  0.07    0.01    4.95 v output27/A (sky130_fd_sc_hd__buf_8)
     1    0.03    0.03    0.11    5.06 v output27/X (sky130_fd_sc_hd__buf_8)
                                         out[7] (net)
                  0.03    0.00    5.06 v out[7] (out)
                                  5.06   data arrival time

                  0.00   10.00   10.00   clock __VIRTUAL_CLK__ (rise edge)
                          0.00   10.00   clock network delay (ideal)
                         -0.25    9.75   clock uncertainty
                          0.00    9.75   clock reconvergence pessimism
                         -2.00    7.75   output external delay
                                  7.75   data required time
-----------------------------------------------------------------------------
                                  7.75   data required time
                                 -5.06   data arrival time
-----------------------------------------------------------------------------
                                  2.69   slack (MET)


Startpoint: A[2] (input port clocked by __VIRTUAL_CLK__)
Endpoint: out[5] (output port clocked by __VIRTUAL_CLK__)
Path Group: __VIRTUAL_CLK__
Path Type: max
Corner: Fastest

Fanout     Cap    Slew   Delay    Time   Description
-----------------------------------------------------------------------------
                  0.00    0.00    0.00   clock __VIRTUAL_CLK__ (rise edge)
                          0.00    0.00   clock network delay (ideal)
                          2.00    2.00 ^ input external delay
     1    0.00    0.02    0.01    2.01 ^ A[2] (in)
                                         A[2] (net)
                  0.02    0.00    2.01 ^ input3/A (sky130_fd_sc_hd__clkbuf_8)
     9    0.14    0.18    0.19    2.20 ^ input3/X (sky130_fd_sc_hd__clkbuf_8)
                                         net3 (net)
                  0.19    0.02    2.22 ^ _288_/A (sky130_fd_sc_hd__clkbuf_8)
    10    0.13    0.17    0.21    2.43 ^ _288_/X (sky130_fd_sc_hd__clkbuf_8)
                                         _217_ (net)
                  0.18    0.02    2.45 ^ _292_/B1 (sky130_fd_sc_hd__a22o_1)
     2    0.03    0.23    0.23    2.68 ^ _292_/X (sky130_fd_sc_hd__a22o_1)
                                         _221_ (net)
                  0.23    0.00    2.68 ^ _328_/A3 (sky130_fd_sc_hd__a31o_2)
     2    0.04    0.20    0.24    2.92 ^ _328_/X (sky130_fd_sc_hd__a31o_2)
                                         _008_ (net)
                  0.20    0.01    2.93 ^ _329_/C (sky130_fd_sc_hd__and3_1)
     2    0.03    0.26    0.28    3.21 ^ _329_/X (sky130_fd_sc_hd__and3_1)
                                         _009_ (net)
                  0.26    0.00    3.21 ^ _331_/A_N (sky130_fd_sc_hd__and2b_2)
     1    0.05    0.10    0.23    3.44 v _331_/X (sky130_fd_sc_hd__and2b_2)
                                         _011_ (net)
                  0.11    0.01    3.46 v _332_/B (sky130_fd_sc_hd__xnor2_4)
     2    0.04    0.23    0.23    3.69 ^ _332_/Y (sky130_fd_sc_hd__xnor2_4)
                                         _012_ (net)
                  0.23    0.00    3.69 ^ _333_/B (sky130_fd_sc_hd__nand2_4)
     4    0.07    0.13    0.13    3.82 v _333_/Y (sky130_fd_sc_hd__nand2_4)
                                         _013_ (net)
                  0.13    0.01    3.83 v _359_/A_N (sky130_fd_sc_hd__nand3b_4)
     2    0.04    0.10    0.19    4.01 v _359_/Y (sky130_fd_sc_hd__nand3b_4)
                                         _038_ (net)
                  0.10    0.00    4.02 v rebuffer22/A (sky130_fd_sc_hd__clkbuf_2)
     3    0.04    0.10    0.16    4.18 v rebuffer22/X (sky130_fd_sc_hd__clkbuf_2)
                                         net51 (net)
                  0.10    0.01    4.19 v _403_/A2 (sky130_fd_sc_hd__a21o_2)
     2    0.05    0.09    0.23    4.42 v _403_/X (sky130_fd_sc_hd__a21o_2)
                                         _081_ (net)
                  0.09    0.01    4.43 v _408_/A2 (sky130_fd_sc_hd__a31o_1)
     2    0.03    0.11    0.25    4.67 v _408_/X (sky130_fd_sc_hd__a31o_1)
                                         _086_ (net)
                  0.12    0.01    4.68 v _409_/B1 (sky130_fd_sc_hd__a21oi_1)
     1    0.01    0.16    0.14    4.82 ^ _409_/Y (sky130_fd_sc_hd__a21oi_1)
                                         _087_ (net)
                  0.16    0.00    4.82 ^ _410_/B1 (sky130_fd_sc_hd__a21oi_1)
     1    0.00    0.05    0.03    4.85 v _410_/Y (sky130_fd_sc_hd__a21oi_1)
                                         net25 (net)
                  0.05    0.00    4.85 v output25/A (sky130_fd_sc_hd__buf_2)
     1    0.03    0.06    0.13    4.98 v output25/X (sky130_fd_sc_hd__buf_2)
                                         out[5] (net)
                  0.06    0.00    4.98 v out[5] (out)
                                  4.98   data arrival time

                  0.00   10.00   10.00   clock __VIRTUAL_CLK__ (rise edge)
                          0.00   10.00   clock network delay (ideal)
                         -0.25    9.75   clock uncertainty
                          0.00    9.75   clock reconvergence pessimism
                         -2.00    7.75   output external delay
                                  7.75   data required time
-----------------------------------------------------------------------------
                                  7.75   data required time
                                 -4.98   data arrival time
-----------------------------------------------------------------------------
                                  2.77   slack (MET)


Startpoint: A[2] (input port clocked by __VIRTUAL_CLK__)
Endpoint: out[4] (output port clocked by __VIRTUAL_CLK__)
Path Group: __VIRTUAL_CLK__
Path Type: max
Corner: Fastest

Fanout     Cap    Slew   Delay    Time   Description
-----------------------------------------------------------------------------
                  0.00    0.00    0.00   clock __VIRTUAL_CLK__ (rise edge)
                          0.00    0.00   clock network delay (ideal)
                          2.00    2.00 ^ input external delay
     1    0.00    0.02    0.01    2.01 ^ A[2] (in)
                                         A[2] (net)
                  0.02    0.00    2.01 ^ input3/A (sky130_fd_sc_hd__clkbuf_8)
     9    0.14    0.18    0.19    2.20 ^ input3/X (sky130_fd_sc_hd__clkbuf_8)
                                         net3 (net)
                  0.19    0.02    2.22 ^ _288_/A (sky130_fd_sc_hd__clkbuf_8)
    10    0.13    0.17    0.21    2.43 ^ _288_/X (sky130_fd_sc_hd__clkbuf_8)
                                         _217_ (net)
                  0.18    0.02    2.45 ^ _292_/B1 (sky130_fd_sc_hd__a22o_1)
     2    0.03    0.23    0.23    2.68 ^ _292_/X (sky130_fd_sc_hd__a22o_1)
                                         _221_ (net)
                  0.23    0.00    2.68 ^ _328_/A3 (sky130_fd_sc_hd__a31o_2)
     2    0.04    0.20    0.24    2.92 ^ _328_/X (sky130_fd_sc_hd__a31o_2)
                                         _008_ (net)
                  0.20    0.01    2.93 ^ _329_/C (sky130_fd_sc_hd__and3_1)
     2    0.03    0.26    0.28    3.21 ^ _329_/X (sky130_fd_sc_hd__and3_1)
                                         _009_ (net)
                  0.26    0.00    3.21 ^ _331_/A_N (sky130_fd_sc_hd__and2b_2)
     1    0.05    0.10    0.23    3.44 v _331_/X (sky130_fd_sc_hd__and2b_2)
                                         _011_ (net)
                  0.11    0.01    3.46 v _332_/B (sky130_fd_sc_hd__xnor2_4)
     2    0.04    0.23    0.23    3.69 ^ _332_/Y (sky130_fd_sc_hd__xnor2_4)
                                         _012_ (net)
                  0.23    0.00    3.69 ^ _333_/B (sky130_fd_sc_hd__nand2_4)
     4    0.07    0.13    0.13    3.82 v _333_/Y (sky130_fd_sc_hd__nand2_4)
                                         _013_ (net)
                  0.13    0.01    3.83 v _359_/A_N (sky130_fd_sc_hd__nand3b_4)
     2    0.04    0.10    0.19    4.01 v _359_/Y (sky130_fd_sc_hd__nand3b_4)
                                         _038_ (net)
                  0.10    0.00    4.02 v rebuffer22/A (sky130_fd_sc_hd__clkbuf_2)
     3    0.04    0.10    0.16    4.18 v rebuffer22/X (sky130_fd_sc_hd__clkbuf_2)
                                         net51 (net)
                  0.10    0.01    4.19 v rebuffer23/A (sky130_fd_sc_hd__dlymetal6s2s_1)
     1    0.01    0.05    0.14    4.33 v rebuffer23/X (sky130_fd_sc_hd__dlymetal6s2s_1)
                                         net52 (net)
                  0.05    0.00    4.33 v _360_/C (sky130_fd_sc_hd__and3_2)
     2    0.04    0.09    0.21    4.54 v _360_/X (sky130_fd_sc_hd__and3_2)
                                         _039_ (net)
                  0.09    0.01    4.55 v _373_/B1 (sky130_fd_sc_hd__o2bb2a_1)
     1    0.02    0.10    0.27    4.82 v _373_/X (sky130_fd_sc_hd__o2bb2a_1)
                                         net24 (net)
                  0.10    0.00    4.83 v output24/A (sky130_fd_sc_hd__buf_2)
     1    0.03    0.06    0.15    4.98 v output24/X (sky130_fd_sc_hd__buf_2)
                                         out[4] (net)
                  0.06    0.00    4.98 v out[4] (out)
                                  4.98   data arrival time

                  0.00   10.00   10.00   clock __VIRTUAL_CLK__ (rise edge)
                          0.00   10.00   clock network delay (ideal)
                         -0.25    9.75   clock uncertainty
                          0.00    9.75   clock reconvergence pessimism
                         -2.00    7.75   output external delay
                                  7.75   data required time
-----------------------------------------------------------------------------
                                  7.75   data required time
                                 -4.98   data arrival time
-----------------------------------------------------------------------------
                                  2.77   slack (MET)


Startpoint: A[2] (input port clocked by __VIRTUAL_CLK__)
Endpoint: out[3] (output port clocked by __VIRTUAL_CLK__)
Path Group: __VIRTUAL_CLK__
Path Type: max
Corner: Fastest

Fanout     Cap    Slew   Delay    Time   Description
-----------------------------------------------------------------------------
                  0.00    0.00    0.00   clock __VIRTUAL_CLK__ (rise edge)
                          0.00    0.00   clock network delay (ideal)
                          2.00    2.00 ^ input external delay
     1    0.00    0.02    0.01    2.01 ^ A[2] (in)
                                         A[2] (net)
                  0.02    0.00    2.01 ^ input3/A (sky130_fd_sc_hd__clkbuf_8)
     9    0.14    0.18    0.19    2.20 ^ input3/X (sky130_fd_sc_hd__clkbuf_8)
                                         net3 (net)
                  0.19    0.02    2.22 ^ _288_/A (sky130_fd_sc_hd__clkbuf_8)
    10    0.13    0.17    0.21    2.43 ^ _288_/X (sky130_fd_sc_hd__clkbuf_8)
                                         _217_ (net)
                  0.18    0.02    2.45 ^ _292_/B1 (sky130_fd_sc_hd__a22o_1)
     2    0.03    0.23    0.23    2.68 ^ _292_/X (sky130_fd_sc_hd__a22o_1)
                                         _221_ (net)
                  0.23    0.00    2.68 ^ _328_/A3 (sky130_fd_sc_hd__a31o_2)
     2    0.04    0.20    0.24    2.92 ^ _328_/X (sky130_fd_sc_hd__a31o_2)
                                         _008_ (net)
                  0.20    0.01    2.93 ^ _329_/C (sky130_fd_sc_hd__and3_1)
     2    0.03    0.26    0.28    3.21 ^ _329_/X (sky130_fd_sc_hd__and3_1)
                                         _009_ (net)
                  0.26    0.00    3.21 ^ _331_/A_N (sky130_fd_sc_hd__and2b_2)
     1    0.05    0.10    0.23    3.44 v _331_/X (sky130_fd_sc_hd__and2b_2)
                                         _011_ (net)
                  0.11    0.01    3.46 v _332_/B (sky130_fd_sc_hd__xnor2_4)
     2    0.04    0.23    0.23    3.69 ^ _332_/Y (sky130_fd_sc_hd__xnor2_4)
                                         _012_ (net)
                  0.23    0.00    3.69 ^ _333_/B (sky130_fd_sc_hd__nand2_4)
     4    0.07    0.13    0.13    3.82 v _333_/Y (sky130_fd_sc_hd__nand2_4)
                                         _013_ (net)
                  0.13    0.01    3.82 v _338_/A2 (sky130_fd_sc_hd__a31o_1)
     1    0.01    0.05    0.19    4.02 v _338_/X (sky130_fd_sc_hd__a31o_1)
                                         _018_ (net)
                  0.05    0.00    4.02 v _339_/B2 (sky130_fd_sc_hd__o2bb2a_1)
     1    0.02    0.09    0.23    4.25 v _339_/X (sky130_fd_sc_hd__o2bb2a_1)
                                         net23 (net)
                  0.09    0.00    4.26 v output23/A (sky130_fd_sc_hd__buf_2)
     1    0.03    0.06    0.15    4.40 v output23/X (sky130_fd_sc_hd__buf_2)
                                         out[3] (net)
                  0.06    0.00    4.40 v out[3] (out)
                                  4.40   data arrival time

                  0.00   10.00   10.00   clock __VIRTUAL_CLK__ (rise edge)
                          0.00   10.00   clock network delay (ideal)
                         -0.25    9.75   clock uncertainty
                          0.00    9.75   clock reconvergence pessimism
                         -2.00    7.75   output external delay
                                  7.75   data required time
-----------------------------------------------------------------------------
                                  7.75   data required time
                                 -4.40   data arrival time
-----------------------------------------------------------------------------
                                  3.35   slack (MET)


Startpoint: B[0] (input port clocked by __VIRTUAL_CLK__)
Endpoint: out[2] (output port clocked by __VIRTUAL_CLK__)
Path Group: __VIRTUAL_CLK__
Path Type: max
Corner: Fastest

Fanout     Cap    Slew   Delay    Time   Description
-----------------------------------------------------------------------------
                  0.00    0.00    0.00   clock __VIRTUAL_CLK__ (rise edge)
                          0.00    0.00   clock network delay (ideal)
                          2.00    2.00 v input external delay
     1    0.01    0.01    0.00    2.00 v B[0] (in)
                                         B[0] (net)
                  0.01    0.00    2.00 v input9/A (sky130_fd_sc_hd__buf_6)
     6    0.10    0.07    0.10    2.11 v input9/X (sky130_fd_sc_hd__buf_6)
                                         net9 (net)
                  0.08    0.03    2.14 v _251_/A (sky130_fd_sc_hd__buf_12)
     5    0.10    0.05    0.13    2.27 v _251_/X (sky130_fd_sc_hd__buf_12)
                                         _182_ (net)
                  0.05    0.01    2.28 v _252_/A (sky130_fd_sc_hd__clkbuf_8)
    11    0.11    0.09    0.16    2.43 v _252_/X (sky130_fd_sc_hd__clkbuf_8)
                                         _183_ (net)
                  0.10    0.02    2.45 v _298_/A1 (sky130_fd_sc_hd__o21a_4)
     3    0.07    0.08    0.22    2.67 v _298_/X (sky130_fd_sc_hd__o21a_4)
                                         _227_ (net)
                  0.08    0.01    2.69 v _299_/B (sky130_fd_sc_hd__xnor2_4)
     2    0.04    0.26    0.24    2.93 ^ _299_/Y (sky130_fd_sc_hd__xnor2_4)
                                         _228_ (net)
                  0.26    0.01    2.93 ^ _300_/B (sky130_fd_sc_hd__xor2_4)
     3    0.07    0.37    0.31    3.25 ^ _300_/X (sky130_fd_sc_hd__xor2_4)
                                         _229_ (net)
                  0.37    0.01    3.25 ^ _302_/A (sky130_fd_sc_hd__nand2_1)
     1    0.02    0.16    0.15    3.40 v _302_/Y (sky130_fd_sc_hd__nand2_1)
                                         _231_ (net)
                  0.16    0.00    3.40 v _308_/A1 (sky130_fd_sc_hd__a211o_1)
     1    0.02    0.09    0.27    3.67 v _308_/X (sky130_fd_sc_hd__a211o_1)
                                         _237_ (net)
                  0.09    0.00    3.67 v _309_/B2 (sky130_fd_sc_hd__o2bb2a_1)
     1    0.03    0.12    0.29    3.96 v _309_/X (sky130_fd_sc_hd__o2bb2a_1)
                                         net22 (net)
                  0.12    0.00    3.96 v output22/A (sky130_fd_sc_hd__buf_2)
     1    0.03    0.06    0.16    4.12 v output22/X (sky130_fd_sc_hd__buf_2)
                                         out[2] (net)
                  0.06    0.00    4.12 v out[2] (out)
                                  4.12   data arrival time

                  0.00   10.00   10.00   clock __VIRTUAL_CLK__ (rise edge)
                          0.00   10.00   clock network delay (ideal)
                         -0.25    9.75   clock uncertainty
                          0.00    9.75   clock reconvergence pessimism
                         -2.00    7.75   output external delay
                                  7.75   data required time
-----------------------------------------------------------------------------
                                  7.75   data required time
                                 -4.12   data arrival time
-----------------------------------------------------------------------------
                                  3.63   slack (MET)


Startpoint: B[0] (input port clocked by __VIRTUAL_CLK__)
Endpoint: out[1] (output port clocked by __VIRTUAL_CLK__)
Path Group: __VIRTUAL_CLK__
Path Type: max
Corner: Fastest

Fanout     Cap    Slew   Delay    Time   Description
-----------------------------------------------------------------------------
                  0.00    0.00    0.00   clock __VIRTUAL_CLK__ (rise edge)
                          0.00    0.00   clock network delay (ideal)
                          2.00    2.00 v input external delay
     1    0.01    0.01    0.00    2.00 v B[0] (in)
                                         B[0] (net)
                  0.01    0.00    2.00 v input9/A (sky130_fd_sc_hd__buf_6)
     6    0.10    0.07    0.10    2.11 v input9/X (sky130_fd_sc_hd__buf_6)
                                         net9 (net)
                  0.08    0.03    2.14 v _251_/A (sky130_fd_sc_hd__buf_12)
     5    0.10    0.05    0.13    2.27 v _251_/X (sky130_fd_sc_hd__buf_12)
                                         _182_ (net)
                  0.05    0.01    2.28 v _252_/A (sky130_fd_sc_hd__clkbuf_8)
    11    0.11    0.09    0.16    2.43 v _252_/X (sky130_fd_sc_hd__clkbuf_8)
                                         _183_ (net)
                  0.09    0.01    2.44 v _276_/A1 (sky130_fd_sc_hd__a21oi_2)
     2    0.03    0.31    0.30    2.74 ^ _276_/Y (sky130_fd_sc_hd__a21oi_2)
                                         _206_ (net)
                  0.31    0.01    2.74 ^ _279_/B (sky130_fd_sc_hd__or3_4)
     3    0.06    0.13    0.19    2.94 ^ _279_/X (sky130_fd_sc_hd__or3_4)
                                         _209_ (net)
                  0.13    0.01    2.95 ^ _280_/B_N (sky130_fd_sc_hd__or2b_2)
     1    0.04    0.10    0.27    3.21 v _280_/X (sky130_fd_sc_hd__or2b_2)
                                         _210_ (net)
                  0.10    0.00    3.22 v _281_/B (sky130_fd_sc_hd__xnor2_2)
     1    0.03    0.12    0.17    3.39 v _281_/Y (sky130_fd_sc_hd__xnor2_2)
                                         _211_ (net)
                  0.12    0.00    3.39 v _286_/A2 (sky130_fd_sc_hd__a211o_1)
     1    0.02    0.09    0.28    3.67 v _286_/X (sky130_fd_sc_hd__a211o_1)
                                         _216_ (net)
                  0.09    0.00    3.67 v _287_/B2 (sky130_fd_sc_hd__o2bb2a_1)
     1    0.00    0.04    0.19    3.87 v _287_/X (sky130_fd_sc_hd__o2bb2a_1)
                                         net21 (net)
                  0.04    0.00    3.87 v output21/A (sky130_fd_sc_hd__buf_2)
     1    0.03    0.06    0.13    4.00 v output21/X (sky130_fd_sc_hd__buf_2)
                                         out[1] (net)
                  0.06    0.00    4.00 v out[1] (out)
                                  4.00   data arrival time

                  0.00   10.00   10.00   clock __VIRTUAL_CLK__ (rise edge)
                          0.00   10.00   clock network delay (ideal)
                         -0.25    9.75   clock uncertainty
                          0.00    9.75   clock reconvergence pessimism
                         -2.00    7.75   output external delay
                                  7.75   data required time
-----------------------------------------------------------------------------
                                  7.75   data required time
                                 -4.00   data arrival time
-----------------------------------------------------------------------------
                                  3.75   slack (MET)


Startpoint: opcode[1] (input port clocked by __VIRTUAL_CLK__)
Endpoint: out[0] (output port clocked by __VIRTUAL_CLK__)
Path Group: __VIRTUAL_CLK__
Path Type: max
Corner: Fastest

Fanout     Cap    Slew   Delay    Time   Description
-----------------------------------------------------------------------------
                  0.00    0.00    0.00   clock __VIRTUAL_CLK__ (rise edge)
                          0.00    0.00   clock network delay (ideal)
                          2.00    2.00 ^ input external delay
     1    0.00    0.02    0.01    2.01 ^ opcode[1] (in)
                                         opcode[1] (net)
                  0.02    0.00    2.01 ^ input18/A (sky130_fd_sc_hd__buf_4)
     5    0.10    0.21    0.19    2.20 ^ input18/X (sky130_fd_sc_hd__buf_4)
                                         net18 (net)
                  0.22    0.02    2.22 ^ _254_/B (sky130_fd_sc_hd__nand2_4)
     4    0.08    0.14    0.13    2.35 v _254_/Y (sky130_fd_sc_hd__nand2_4)
                                         _185_ (net)
                  0.14    0.01    2.36 v _259_/B (sky130_fd_sc_hd__nor2_4)
     7    0.10    0.44    0.38    2.74 ^ _259_/Y (sky130_fd_sc_hd__nor2_4)
                                         _190_ (net)
                  0.44    0.01    2.75 ^ _260_/A2 (sky130_fd_sc_hd__o211a_1)
     1    0.01    0.10    0.15    2.90 ^ _260_/X (sky130_fd_sc_hd__o211a_1)
                                         _191_ (net)
                  0.10    0.00    2.90 ^ _261_/B1 (sky130_fd_sc_hd__a31o_1)
     2    0.03    0.18    0.17    3.08 ^ _261_/X (sky130_fd_sc_hd__a31o_1)
                                         _192_ (net)
                  0.18    0.00    3.08 ^ _262_/B2 (sky130_fd_sc_hd__a2bb2o_1)
     1    0.03    0.19    0.22    3.30 ^ _262_/X (sky130_fd_sc_hd__a2bb2o_1)
                                         net20 (net)
                  0.19    0.00    3.31 ^ output20/A (sky130_fd_sc_hd__buf_2)
     1    0.03    0.13    0.17    3.48 ^ output20/X (sky130_fd_sc_hd__buf_2)
                                         out[0] (net)
                  0.13    0.00    3.48 ^ out[0] (out)
                                  3.48   data arrival time

                  0.00   10.00   10.00   clock __VIRTUAL_CLK__ (rise edge)
                          0.00   10.00   clock network delay (ideal)
                         -0.25    9.75   clock uncertainty
                          0.00    9.75   clock reconvergence pessimism
                         -2.00    7.75   output external delay
                                  7.75   data required time
-----------------------------------------------------------------------------
                                  7.75   data required time
                                 -3.48   data arrival time
-----------------------------------------------------------------------------
                                  4.27   slack (MET)



worst slack corner Fastest: 2.5940
======================= Slowest Corner ===================================

Startpoint: A[2] (input port clocked by __VIRTUAL_CLK__)
Endpoint: out[6] (output port clocked by __VIRTUAL_CLK__)
Path Group: __VIRTUAL_CLK__
Path Type: max
Corner: Slowest

Fanout     Cap    Slew   Delay    Time   Description
-----------------------------------------------------------------------------
                  0.00    0.00    0.00   clock __VIRTUAL_CLK__ (rise edge)
                          0.00    0.00   clock network delay (ideal)
                          2.00    2.00 ^ input external delay
     1    0.00    0.05    0.03    2.03 ^ A[2] (in)
                                         A[2] (net)
                  0.05    0.00    2.03 ^ input3/A (sky130_fd_sc_hd__clkbuf_8)
     9    0.14    0.37    0.46    2.48 ^ input3/X (sky130_fd_sc_hd__clkbuf_8)
                                         net3 (net)
                  0.37    0.02    2.51 ^ _288_/A (sky130_fd_sc_hd__clkbuf_8)
    10    0.13    0.35    0.58    3.09 ^ _288_/X (sky130_fd_sc_hd__clkbuf_8)
                                         _217_ (net)
                  0.35    0.02    3.11 ^ _292_/B1 (sky130_fd_sc_hd__a22o_1)
     2    0.03    0.48    0.68    3.79 ^ _292_/X (sky130_fd_sc_hd__a22o_1)
                                         _221_ (net)
                  0.48    0.00    3.79 ^ _328_/A3 (sky130_fd_sc_hd__a31o_2)
     2    0.04    0.41    0.76    4.55 ^ _328_/X (sky130_fd_sc_hd__a31o_2)
                                         _008_ (net)
                  0.41    0.01    4.56 ^ _329_/C (sky130_fd_sc_hd__and3_1)
     2    0.03    0.53    0.79    5.35 ^ _329_/X (sky130_fd_sc_hd__and3_1)
                                         _009_ (net)
                  0.53    0.00    5.35 ^ _331_/A_N (sky130_fd_sc_hd__and2b_2)
     1    0.06    0.28    0.85    6.21 v _331_/X (sky130_fd_sc_hd__and2b_2)
                                         _011_ (net)
                  0.29    0.01    6.22 v _332_/B (sky130_fd_sc_hd__xnor2_4)
     2    0.04    0.47    0.54    6.76 ^ _332_/Y (sky130_fd_sc_hd__xnor2_4)
                                         _012_ (net)
                  0.47    0.00    6.77 ^ _333_/B (sky130_fd_sc_hd__nand2_4)
     4    0.07    0.35    0.45    7.22 v _333_/Y (sky130_fd_sc_hd__nand2_4)
                                         _013_ (net)
                  0.35    0.01    7.22 v _359_/A_N (sky130_fd_sc_hd__nand3b_4)
     2    0.04    0.28    0.57    7.79 v _359_/Y (sky130_fd_sc_hd__nand3b_4)
                                         _038_ (net)
                  0.28    0.00    7.80 v rebuffer22/A (sky130_fd_sc_hd__clkbuf_2)
     3    0.04    0.26    0.46    8.26 v rebuffer22/X (sky130_fd_sc_hd__clkbuf_2)
                                         net51 (net)
                  0.26    0.01    8.27 v _403_/A2 (sky130_fd_sc_hd__a21o_2)
     2    0.05    0.23    0.66    8.93 v _403_/X (sky130_fd_sc_hd__a21o_2)
                                         _081_ (net)
                  0.23    0.01    8.93 v _440_/A1 (sky130_fd_sc_hd__a21bo_1)
     1    0.03    0.25    0.57    9.50 v _440_/X (sky130_fd_sc_hd__a21bo_1)
                                         _117_ (net)
                  0.25    0.00    9.51 v _441_/B (sky130_fd_sc_hd__or2_4)
     1    0.02    0.13    0.61   10.11 v _441_/X (sky130_fd_sc_hd__or2_4)
                                         _118_ (net)
                  0.13    0.00   10.12 v _453_/B2 (sky130_fd_sc_hd__a22oi_4)
     1    0.06    0.68    0.66   10.78 ^ _453_/Y (sky130_fd_sc_hd__a22oi_4)
                                         net26 (net)
                  0.68    0.01   10.78 ^ output26/A (sky130_fd_sc_hd__buf_6)
     1    0.03    0.13    0.47   11.25 ^ output26/X (sky130_fd_sc_hd__buf_6)
                                         out[6] (net)
                  0.13    0.00   11.25 ^ out[6] (out)
                                 11.25   data arrival time

                  0.00   10.00   10.00   clock __VIRTUAL_CLK__ (rise edge)
                          0.00   10.00   clock network delay (ideal)
                         -0.25    9.75   clock uncertainty
                          0.00    9.75   clock reconvergence pessimism
                         -2.00    7.75   output external delay
                                  7.75   data required time
-----------------------------------------------------------------------------
                                  7.75   data required time
                                -11.25   data arrival time
-----------------------------------------------------------------------------
                                 -3.50   slack (VIOLATED)


Startpoint: B[3] (input port clocked by __VIRTUAL_CLK__)
Endpoint: out[7] (output port clocked by __VIRTUAL_CLK__)
Path Group: __VIRTUAL_CLK__
Path Type: max
Corner: Slowest

Fanout     Cap    Slew   Delay    Time   Description
-----------------------------------------------------------------------------
                  0.00    0.00    0.00   clock __VIRTUAL_CLK__ (rise edge)
                          0.00    0.00   clock network delay (ideal)
                          2.00    2.00 ^ input external delay
     1    0.00    0.03    0.02    2.02 ^ B[3] (in)
                                         B[3] (net)
                  0.03    0.00    2.02 ^ input12/A (sky130_fd_sc_hd__buf_4)
     8    0.11    0.49    0.51    2.53 ^ input12/X (sky130_fd_sc_hd__buf_4)
                                         net12 (net)
                  0.49    0.02    2.55 ^ _391_/C (sky130_fd_sc_hd__and4_4)
     2    0.05    0.32    0.89    3.43 ^ _391_/X (sky130_fd_sc_hd__and4_4)
                                         _069_ (net)
                  0.32    0.02    3.45 ^ _393_/A_N (sky130_fd_sc_hd__and2b_4)
     1    0.06    0.17    0.57    4.01 v _393_/X (sky130_fd_sc_hd__and2b_4)
                                         _071_ (net)
                  0.17    0.02    4.03 v _394_/B (sky130_fd_sc_hd__xnor2_4)
     3    0.05    0.64    0.63    4.66 ^ _394_/Y (sky130_fd_sc_hd__xnor2_4)
                                         _072_ (net)
                  0.64    0.00    4.66 ^ _396_/A (sky130_fd_sc_hd__nand3_4)
     3    0.06    0.44    0.59    5.26 v _396_/Y (sky130_fd_sc_hd__nand3_4)
                                         _074_ (net)
                  0.44    0.01    5.27 v _399_/A2 (sky130_fd_sc_hd__a21oi_4)
     2    0.07    0.74    0.86    6.13 ^ _399_/Y (sky130_fd_sc_hd__a21oi_4)
                                         _077_ (net)
                  0.74    0.01    6.14 ^ _401_/B (sky130_fd_sc_hd__or3_4)
     3    0.02    0.12    0.55    6.69 ^ _401_/X (sky130_fd_sc_hd__or3_4)
                                         _079_ (net)
                  0.12    0.00    6.69 ^ rebuffer1/A (sky130_fd_sc_hd__dlymetal6s4s_1)
     1    0.03    0.47    0.64    7.34 ^ rebuffer1/X (sky130_fd_sc_hd__dlymetal6s4s_1)
                                         net30 (net)
                  0.47    0.00    7.34 ^ _402_/B (sky130_fd_sc_hd__nand2_2)
     3    0.05    0.41    0.52    7.86 v _402_/Y (sky130_fd_sc_hd__nand2_2)
                                         _080_ (net)
                  0.41    0.00    7.87 v _438_/B1 (sky130_fd_sc_hd__a2111oi_4)
     2    0.01    0.50    0.79    8.66 ^ _438_/Y (sky130_fd_sc_hd__a2111oi_4)
                                         _115_ (net)
                  0.50    0.00    8.66 ^ wire28/A (sky130_fd_sc_hd__buf_4)
     2    0.03    0.13    0.46    9.12 ^ wire28/X (sky130_fd_sc_hd__buf_4)
                                         net28 (net)
                  0.13    0.00    9.12 ^ _496_/B (sky130_fd_sc_hd__and3_4)
     1    0.04    0.23    0.58    9.70 ^ _496_/X (sky130_fd_sc_hd__and3_4)
                                         _172_ (net)
                  0.23    0.00    9.70 ^ _498_/A2 (sky130_fd_sc_hd__o21a_1)
     1    0.02    0.27    0.43   10.14 ^ _498_/X (sky130_fd_sc_hd__o21a_1)
                                         _174_ (net)
                  0.27    0.00   10.14 ^ _503_/A3 (sky130_fd_sc_hd__o32a_4)
     1    0.04    0.18    0.49   10.63 ^ _503_/X (sky130_fd_sc_hd__o32a_4)
                                         net27 (net)
                  0.19    0.01   10.63 ^ output27/A (sky130_fd_sc_hd__buf_8)
     1    0.03    0.10    0.27   10.90 ^ output27/X (sky130_fd_sc_hd__buf_8)
                                         out[7] (net)
                  0.10    0.00   10.90 ^ out[7] (out)
                                 10.90   data arrival time

                  0.00   10.00   10.00   clock __VIRTUAL_CLK__ (rise edge)
                          0.00   10.00   clock network delay (ideal)
                         -0.25    9.75   clock uncertainty
                          0.00    9.75   clock reconvergence pessimism
                         -2.00    7.75   output external delay
                                  7.75   data required time
-----------------------------------------------------------------------------
                                  7.75   data required time
                                -10.90   data arrival time
-----------------------------------------------------------------------------
                                 -3.15   slack (VIOLATED)


Startpoint: A[2] (input port clocked by __VIRTUAL_CLK__)
Endpoint: out[4] (output port clocked by __VIRTUAL_CLK__)
Path Group: __VIRTUAL_CLK__
Path Type: max
Corner: Slowest

Fanout     Cap    Slew   Delay    Time   Description
-----------------------------------------------------------------------------
                  0.00    0.00    0.00   clock __VIRTUAL_CLK__ (rise edge)
                          0.00    0.00   clock network delay (ideal)
                          2.00    2.00 ^ input external delay
     1    0.00    0.05    0.03    2.03 ^ A[2] (in)
                                         A[2] (net)
                  0.05    0.00    2.03 ^ input3/A (sky130_fd_sc_hd__clkbuf_8)
     9    0.14    0.37    0.46    2.48 ^ input3/X (sky130_fd_sc_hd__clkbuf_8)
                                         net3 (net)
                  0.37    0.02    2.51 ^ _288_/A (sky130_fd_sc_hd__clkbuf_8)
    10    0.13    0.35    0.58    3.09 ^ _288_/X (sky130_fd_sc_hd__clkbuf_8)
                                         _217_ (net)
                  0.35    0.02    3.11 ^ _292_/B1 (sky130_fd_sc_hd__a22o_1)
     2    0.03    0.48    0.68    3.79 ^ _292_/X (sky130_fd_sc_hd__a22o_1)
                                         _221_ (net)
                  0.48    0.00    3.79 ^ _328_/A3 (sky130_fd_sc_hd__a31o_2)
     2    0.04    0.41    0.76    4.55 ^ _328_/X (sky130_fd_sc_hd__a31o_2)
                                         _008_ (net)
                  0.41    0.01    4.56 ^ _329_/C (sky130_fd_sc_hd__and3_1)
     2    0.03    0.53    0.79    5.35 ^ _329_/X (sky130_fd_sc_hd__and3_1)
                                         _009_ (net)
                  0.53    0.00    5.35 ^ _331_/A_N (sky130_fd_sc_hd__and2b_2)
     1    0.06    0.28    0.85    6.21 v _331_/X (sky130_fd_sc_hd__and2b_2)
                                         _011_ (net)
                  0.29    0.01    6.22 v _332_/B (sky130_fd_sc_hd__xnor2_4)
     2    0.04    0.47    0.54    6.76 ^ _332_/Y (sky130_fd_sc_hd__xnor2_4)
                                         _012_ (net)
                  0.47    0.00    6.77 ^ _333_/B (sky130_fd_sc_hd__nand2_4)
     4    0.07    0.35    0.45    7.22 v _333_/Y (sky130_fd_sc_hd__nand2_4)
                                         _013_ (net)
                  0.35    0.01    7.22 v _359_/A_N (sky130_fd_sc_hd__nand3b_4)
     2    0.04    0.28    0.57    7.79 v _359_/Y (sky130_fd_sc_hd__nand3b_4)
                                         _038_ (net)
                  0.28    0.00    7.80 v rebuffer22/A (sky130_fd_sc_hd__clkbuf_2)
     3    0.04    0.26    0.46    8.26 v rebuffer22/X (sky130_fd_sc_hd__clkbuf_2)
                                         net51 (net)
                  0.26    0.01    8.27 v rebuffer23/A (sky130_fd_sc_hd__dlymetal6s2s_1)
     1    0.01    0.14    0.45    8.72 v rebuffer23/X (sky130_fd_sc_hd__dlymetal6s2s_1)
                                         net52 (net)
                  0.14    0.00    8.72 v _360_/C (sky130_fd_sc_hd__and3_2)
     2    0.04    0.23    0.68    9.40 v _360_/X (sky130_fd_sc_hd__and3_2)
                                         _039_ (net)
                  0.23    0.01    9.41 v _373_/B1 (sky130_fd_sc_hd__o2bb2a_1)
     1    0.02    0.28    0.94   10.34 v _373_/X (sky130_fd_sc_hd__o2bb2a_1)
                                         net24 (net)
                  0.28    0.00   10.35 v output24/A (sky130_fd_sc_hd__buf_2)
     1    0.03    0.17    0.47   10.81 v output24/X (sky130_fd_sc_hd__buf_2)
                                         out[4] (net)
                  0.17    0.00   10.81 v out[4] (out)
                                 10.81   data arrival time

                  0.00   10.00   10.00   clock __VIRTUAL_CLK__ (rise edge)
                          0.00   10.00   clock network delay (ideal)
                         -0.25    9.75   clock uncertainty
                          0.00    9.75   clock reconvergence pessimism
                         -2.00    7.75   output external delay
                                  7.75   data required time
-----------------------------------------------------------------------------
                                  7.75   data required time
                                -10.81   data arrival time
-----------------------------------------------------------------------------
                                 -3.06   slack (VIOLATED)


Startpoint: A[2] (input port clocked by __VIRTUAL_CLK__)
Endpoint: out[5] (output port clocked by __VIRTUAL_CLK__)
Path Group: __VIRTUAL_CLK__
Path Type: max
Corner: Slowest

Fanout     Cap    Slew   Delay    Time   Description
-----------------------------------------------------------------------------
                  0.00    0.00    0.00   clock __VIRTUAL_CLK__ (rise edge)
                          0.00    0.00   clock network delay (ideal)
                          2.00    2.00 ^ input external delay
     1    0.00    0.05    0.03    2.03 ^ A[2] (in)
                                         A[2] (net)
                  0.05    0.00    2.03 ^ input3/A (sky130_fd_sc_hd__clkbuf_8)
     9    0.14    0.37    0.46    2.48 ^ input3/X (sky130_fd_sc_hd__clkbuf_8)
                                         net3 (net)
                  0.37    0.02    2.51 ^ _288_/A (sky130_fd_sc_hd__clkbuf_8)
    10    0.13    0.35    0.58    3.09 ^ _288_/X (sky130_fd_sc_hd__clkbuf_8)
                                         _217_ (net)
                  0.35    0.02    3.11 ^ _292_/B1 (sky130_fd_sc_hd__a22o_1)
     2    0.03    0.48    0.68    3.79 ^ _292_/X (sky130_fd_sc_hd__a22o_1)
                                         _221_ (net)
                  0.48    0.00    3.79 ^ _328_/A3 (sky130_fd_sc_hd__a31o_2)
     2    0.04    0.41    0.76    4.55 ^ _328_/X (sky130_fd_sc_hd__a31o_2)
                                         _008_ (net)
                  0.41    0.01    4.56 ^ _329_/C (sky130_fd_sc_hd__and3_1)
     2    0.03    0.53    0.79    5.35 ^ _329_/X (sky130_fd_sc_hd__and3_1)
                                         _009_ (net)
                  0.53    0.00    5.35 ^ _331_/A_N (sky130_fd_sc_hd__and2b_2)
     1    0.06    0.28    0.85    6.21 v _331_/X (sky130_fd_sc_hd__and2b_2)
                                         _011_ (net)
                  0.29    0.01    6.22 v _332_/B (sky130_fd_sc_hd__xnor2_4)
     2    0.04    0.47    0.54    6.76 ^ _332_/Y (sky130_fd_sc_hd__xnor2_4)
                                         _012_ (net)
                  0.47    0.00    6.77 ^ _333_/B (sky130_fd_sc_hd__nand2_4)
     4    0.07    0.35    0.45    7.22 v _333_/Y (sky130_fd_sc_hd__nand2_4)
                                         _013_ (net)
                  0.35    0.01    7.22 v _359_/A_N (sky130_fd_sc_hd__nand3b_4)
     2    0.04    0.28    0.57    7.79 v _359_/Y (sky130_fd_sc_hd__nand3b_4)
                                         _038_ (net)
                  0.28    0.00    7.80 v rebuffer22/A (sky130_fd_sc_hd__clkbuf_2)
     3    0.04    0.26    0.46    8.26 v rebuffer22/X (sky130_fd_sc_hd__clkbuf_2)
                                         net51 (net)
                  0.26    0.01    8.27 v _403_/A2 (sky130_fd_sc_hd__a21o_2)
     2    0.05    0.23    0.66    8.93 v _403_/X (sky130_fd_sc_hd__a21o_2)
                                         _081_ (net)
                  0.23    0.01    8.93 v _408_/A2 (sky130_fd_sc_hd__a31o_1)
     2    0.03    0.31    0.69    9.62 v _408_/X (sky130_fd_sc_hd__a31o_1)
                                         _086_ (net)
                  0.31    0.01    9.63 v _409_/B1 (sky130_fd_sc_hd__a21oi_1)
     1    0.01    0.36    0.45   10.07 ^ _409_/Y (sky130_fd_sc_hd__a21oi_1)
                                         _087_ (net)
                  0.36    0.00   10.08 ^ _410_/B1 (sky130_fd_sc_hd__a21oi_1)
     1    0.00    0.12    0.18   10.26 v _410_/Y (sky130_fd_sc_hd__a21oi_1)
                                         net25 (net)
                  0.12    0.00   10.26 v output25/A (sky130_fd_sc_hd__buf_2)
     1    0.03    0.17    0.39   10.64 v output25/X (sky130_fd_sc_hd__buf_2)
                                         out[5] (net)
                  0.17    0.00   10.65 v out[5] (out)
                                 10.65   data arrival time

                  0.00   10.00   10.00   clock __VIRTUAL_CLK__ (rise edge)
                          0.00   10.00   clock network delay (ideal)
                         -0.25    9.75   clock uncertainty
                          0.00    9.75   clock reconvergence pessimism
                         -2.00    7.75   output external delay
                                  7.75   data required time
-----------------------------------------------------------------------------
                                  7.75   data required time
                                -10.65   data arrival time
-----------------------------------------------------------------------------
                                 -2.90   slack (VIOLATED)


Startpoint: A[2] (input port clocked by __VIRTUAL_CLK__)
Endpoint: out[3] (output port clocked by __VIRTUAL_CLK__)
Path Group: __VIRTUAL_CLK__
Path Type: max
Corner: Slowest

Fanout     Cap    Slew   Delay    Time   Description
-----------------------------------------------------------------------------
                  0.00    0.00    0.00   clock __VIRTUAL_CLK__ (rise edge)
                          0.00    0.00   clock network delay (ideal)
                          2.00    2.00 ^ input external delay
     1    0.00    0.05    0.03    2.03 ^ A[2] (in)
                                         A[2] (net)
                  0.05    0.00    2.03 ^ input3/A (sky130_fd_sc_hd__clkbuf_8)
     9    0.14    0.37    0.46    2.48 ^ input3/X (sky130_fd_sc_hd__clkbuf_8)
                                         net3 (net)
                  0.37    0.02    2.51 ^ _288_/A (sky130_fd_sc_hd__clkbuf_8)
    10    0.13    0.35    0.58    3.09 ^ _288_/X (sky130_fd_sc_hd__clkbuf_8)
                                         _217_ (net)
                  0.35    0.02    3.11 ^ _292_/B1 (sky130_fd_sc_hd__a22o_1)
     2    0.03    0.48    0.68    3.79 ^ _292_/X (sky130_fd_sc_hd__a22o_1)
                                         _221_ (net)
                  0.48    0.00    3.79 ^ _328_/A3 (sky130_fd_sc_hd__a31o_2)
     2    0.04    0.41    0.76    4.55 ^ _328_/X (sky130_fd_sc_hd__a31o_2)
                                         _008_ (net)
                  0.41    0.01    4.56 ^ _329_/C (sky130_fd_sc_hd__and3_1)
     2    0.03    0.53    0.79    5.35 ^ _329_/X (sky130_fd_sc_hd__and3_1)
                                         _009_ (net)
                  0.53    0.00    5.35 ^ _331_/A_N (sky130_fd_sc_hd__and2b_2)
     1    0.06    0.28    0.85    6.21 v _331_/X (sky130_fd_sc_hd__and2b_2)
                                         _011_ (net)
                  0.29    0.01    6.22 v _332_/B (sky130_fd_sc_hd__xnor2_4)
     2    0.04    0.47    0.54    6.76 ^ _332_/Y (sky130_fd_sc_hd__xnor2_4)
                                         _012_ (net)
                  0.47    0.00    6.77 ^ _333_/B (sky130_fd_sc_hd__nand2_4)
     4    0.07    0.35    0.45    7.22 v _333_/Y (sky130_fd_sc_hd__nand2_4)
                                         _013_ (net)
                  0.35    0.01    7.22 v _338_/A2 (sky130_fd_sc_hd__a31o_1)
     1    0.01    0.11    0.56    7.78 v _338_/X (sky130_fd_sc_hd__a31o_1)
                                         _018_ (net)
                  0.11    0.00    7.78 v _339_/B2 (sky130_fd_sc_hd__o2bb2a_1)
     1    0.02    0.23    0.82    8.60 v _339_/X (sky130_fd_sc_hd__o2bb2a_1)
                                         net23 (net)
                  0.23    0.00    8.60 v output23/A (sky130_fd_sc_hd__buf_2)
     1    0.03    0.17    0.44    9.05 v output23/X (sky130_fd_sc_hd__buf_2)
                                         out[3] (net)
                  0.17    0.00    9.05 v out[3] (out)
                                  9.05   data arrival time

                  0.00   10.00   10.00   clock __VIRTUAL_CLK__ (rise edge)
                          0.00   10.00   clock network delay (ideal)
                         -0.25    9.75   clock uncertainty
                          0.00    9.75   clock reconvergence pessimism
                         -2.00    7.75   output external delay
                                  7.75   data required time
-----------------------------------------------------------------------------
                                  7.75   data required time
                                 -9.05   data arrival time
-----------------------------------------------------------------------------
                                 -1.30   slack (VIOLATED)


Startpoint: opcode[1] (input port clocked by __VIRTUAL_CLK__)
Endpoint: out[2] (output port clocked by __VIRTUAL_CLK__)
Path Group: __VIRTUAL_CLK__
Path Type: max
Corner: Slowest

Fanout     Cap    Slew   Delay    Time   Description
-----------------------------------------------------------------------------
                  0.00    0.00    0.00   clock __VIRTUAL_CLK__ (rise edge)
                          0.00    0.00   clock network delay (ideal)
                          2.00    2.00 ^ input external delay
     1    0.00    0.04    0.02    2.02 ^ opcode[1] (in)
                                         opcode[1] (net)
                  0.04    0.00    2.02 ^ input18/A (sky130_fd_sc_hd__buf_4)
     5    0.10    0.45    0.47    2.49 ^ input18/X (sky130_fd_sc_hd__buf_4)
                                         net18 (net)
                  0.45    0.03    2.53 ^ _275_/B (sky130_fd_sc_hd__nand3b_4)
     5    0.04    0.31    0.44    2.97 v _275_/Y (sky130_fd_sc_hd__nand3b_4)
                                         _205_ (net)
                  0.31    0.00    2.97 v rebuffer3/A (sky130_fd_sc_hd__dlymetal6s2s_1)
     3    0.02    0.21    0.54    3.52 v rebuffer3/X (sky130_fd_sc_hd__dlymetal6s2s_1)
                                         net32 (net)
                  0.21    0.00    3.52 v _298_/B1 (sky130_fd_sc_hd__o21a_4)
     3    0.07    0.20    0.43    3.94 v _298_/X (sky130_fd_sc_hd__o21a_4)
                                         _227_ (net)
                  0.20    0.01    3.96 v _299_/B (sky130_fd_sc_hd__xnor2_4)
     2    0.04    0.52    0.55    4.51 ^ _299_/Y (sky130_fd_sc_hd__xnor2_4)
                                         _228_ (net)
                  0.52    0.01    4.51 ^ _300_/B (sky130_fd_sc_hd__xor2_4)
     3    0.07    0.76    0.85    5.36 ^ _300_/X (sky130_fd_sc_hd__xor2_4)
                                         _229_ (net)
                  0.76    0.01    5.37 ^ _302_/A (sky130_fd_sc_hd__nand2_1)
     1    0.02    0.42    0.63    6.00 v _302_/Y (sky130_fd_sc_hd__nand2_1)
                                         _231_ (net)
                  0.42    0.00    6.00 v _308_/A1 (sky130_fd_sc_hd__a211o_1)
     1    0.02    0.23    0.83    6.82 v _308_/X (sky130_fd_sc_hd__a211o_1)
                                         _237_ (net)
                  0.23    0.00    6.83 v _309_/B2 (sky130_fd_sc_hd__o2bb2a_1)
     1    0.03    0.33    0.96    7.79 v _309_/X (sky130_fd_sc_hd__o2bb2a_1)
                                         net22 (net)
                  0.33    0.00    7.79 v output22/A (sky130_fd_sc_hd__buf_2)
     1    0.03    0.17    0.49    8.28 v output22/X (sky130_fd_sc_hd__buf_2)
                                         out[2] (net)
                  0.17    0.00    8.29 v out[2] (out)
                                  8.29   data arrival time

                  0.00   10.00   10.00   clock __VIRTUAL_CLK__ (rise edge)
                          0.00   10.00   clock network delay (ideal)
                         -0.25    9.75   clock uncertainty
                          0.00    9.75   clock reconvergence pessimism
                         -2.00    7.75   output external delay
                                  7.75   data required time
-----------------------------------------------------------------------------
                                  7.75   data required time
                                 -8.29   data arrival time
-----------------------------------------------------------------------------
                                 -0.54   slack (VIOLATED)


Startpoint: B[0] (input port clocked by __VIRTUAL_CLK__)
Endpoint: out[1] (output port clocked by __VIRTUAL_CLK__)
Path Group: __VIRTUAL_CLK__
Path Type: max
Corner: Slowest

Fanout     Cap    Slew   Delay    Time   Description
-----------------------------------------------------------------------------
                  0.00    0.00    0.00   clock __VIRTUAL_CLK__ (rise edge)
                          0.00    0.00   clock network delay (ideal)
                          2.00    2.00 v input external delay
     1    0.01    0.03    0.02    2.02 v B[0] (in)
                                         B[0] (net)
                  0.03    0.00    2.02 v input9/A (sky130_fd_sc_hd__buf_6)
     6    0.10    0.17    0.30    2.32 v input9/X (sky130_fd_sc_hd__buf_6)
                                         net9 (net)
                  0.18    0.03    2.35 v _251_/A (sky130_fd_sc_hd__buf_12)
     5    0.10    0.11    0.35    2.70 v _251_/X (sky130_fd_sc_hd__buf_12)
                                         _182_ (net)
                  0.11    0.01    2.70 v _252_/A (sky130_fd_sc_hd__clkbuf_8)
    11    0.11    0.22    0.42    3.12 v _252_/X (sky130_fd_sc_hd__clkbuf_8)
                                         _183_ (net)
                  0.22    0.01    3.13 v _276_/A1 (sky130_fd_sc_hd__a21oi_2)
     2    0.03    0.70    0.72    3.85 ^ _276_/Y (sky130_fd_sc_hd__a21oi_2)
                                         _206_ (net)
                  0.70    0.01    3.85 ^ _279_/B (sky130_fd_sc_hd__or3_4)
     3    0.06    0.27    0.66    4.52 ^ _279_/X (sky130_fd_sc_hd__or3_4)
                                         _209_ (net)
                  0.27    0.01    4.52 ^ _280_/B_N (sky130_fd_sc_hd__or2b_2)
     1    0.04    0.29    1.00    5.53 v _280_/X (sky130_fd_sc_hd__or2b_2)
                                         _210_ (net)
                  0.29    0.00    5.53 v _281_/B (sky130_fd_sc_hd__xnor2_2)
     1    0.03    0.34    0.54    6.07 v _281_/Y (sky130_fd_sc_hd__xnor2_2)
                                         _211_ (net)
                  0.34    0.00    6.07 v _286_/A2 (sky130_fd_sc_hd__a211o_1)
     1    0.02    0.22    0.83    6.90 v _286_/X (sky130_fd_sc_hd__a211o_1)
                                         _216_ (net)
                  0.22    0.00    6.90 v _287_/B2 (sky130_fd_sc_hd__o2bb2a_1)
     1    0.00    0.11    0.71    7.62 v _287_/X (sky130_fd_sc_hd__o2bb2a_1)
                                         net21 (net)
                  0.11    0.00    7.62 v output21/A (sky130_fd_sc_hd__buf_2)
     1    0.03    0.16    0.38    8.00 v output21/X (sky130_fd_sc_hd__buf_2)
                                         out[1] (net)
                  0.16    0.00    8.00 v out[1] (out)
                                  8.00   data arrival time

                  0.00   10.00   10.00   clock __VIRTUAL_CLK__ (rise edge)
                          0.00   10.00   clock network delay (ideal)
                         -0.25    9.75   clock uncertainty
                          0.00    9.75   clock reconvergence pessimism
                         -2.00    7.75   output external delay
                                  7.75   data required time
-----------------------------------------------------------------------------
                                  7.75   data required time
                                 -8.00   data arrival time
-----------------------------------------------------------------------------
                                 -0.25   slack (VIOLATED)


Startpoint: opcode[1] (input port clocked by __VIRTUAL_CLK__)
Endpoint: out[0] (output port clocked by __VIRTUAL_CLK__)
Path Group: __VIRTUAL_CLK__
Path Type: max
Corner: Slowest

Fanout     Cap    Slew   Delay    Time   Description
-----------------------------------------------------------------------------
                  0.00    0.00    0.00   clock __VIRTUAL_CLK__ (rise edge)
                          0.00    0.00   clock network delay (ideal)
                          2.00    2.00 ^ input external delay
     1    0.00    0.04    0.02    2.02 ^ opcode[1] (in)
                                         opcode[1] (net)
                  0.04    0.00    2.02 ^ input18/A (sky130_fd_sc_hd__buf_4)
     5    0.10    0.45    0.47    2.49 ^ input18/X (sky130_fd_sc_hd__buf_4)
                                         net18 (net)
                  0.45    0.02    2.52 ^ _254_/B (sky130_fd_sc_hd__nand2_4)
     4    0.08    0.37    0.47    2.98 v _254_/Y (sky130_fd_sc_hd__nand2_4)
                                         _185_ (net)
                  0.37    0.01    2.99 v _259_/B (sky130_fd_sc_hd__nor2_4)
     7    0.10    0.98    0.94    3.93 ^ _259_/Y (sky130_fd_sc_hd__nor2_4)
                                         _190_ (net)
                  0.98    0.01    3.94 ^ _260_/A2 (sky130_fd_sc_hd__o211a_1)
     1    0.01    0.22    0.68    4.61 ^ _260_/X (sky130_fd_sc_hd__o211a_1)
                                         _191_ (net)
                  0.22    0.00    4.62 ^ _261_/B1 (sky130_fd_sc_hd__a31o_1)
     2    0.03    0.40    0.49    5.10 ^ _261_/X (sky130_fd_sc_hd__a31o_1)
                                         _192_ (net)
                  0.40    0.00    5.11 ^ _262_/B2 (sky130_fd_sc_hd__a2bb2o_1)
     1    0.03    0.39    0.63    5.74 ^ _262_/X (sky130_fd_sc_hd__a2bb2o_1)
                                         net20 (net)
                  0.39    0.00    5.74 ^ output20/A (sky130_fd_sc_hd__buf_2)
     1    0.03    0.27    0.50    6.24 ^ output20/X (sky130_fd_sc_hd__buf_2)
                                         out[0] (net)
                  0.27    0.00    6.24 ^ out[0] (out)
                                  6.24   data arrival time

                  0.00   10.00   10.00   clock __VIRTUAL_CLK__ (rise edge)
                          0.00   10.00   clock network delay (ideal)
                         -0.25    9.75   clock uncertainty
                          0.00    9.75   clock reconvergence pessimism
                         -2.00    7.75   output external delay
                                  7.75   data required time
-----------------------------------------------------------------------------
                                  7.75   data required time
                                 -6.24   data arrival time
-----------------------------------------------------------------------------
                                  1.51   slack (MET)



worst slack corner Slowest: -3.4977
======================= Typical Corner ===================================

Startpoint: A[2] (input port clocked by __VIRTUAL_CLK__)
Endpoint: out[6] (output port clocked by __VIRTUAL_CLK__)
Path Group: __VIRTUAL_CLK__
Path Type: max
Corner: Typical

Fanout     Cap    Slew   Delay    Time   Description
-----------------------------------------------------------------------------
                  0.00    0.00    0.00   clock __VIRTUAL_CLK__ (rise edge)
                          0.00    0.00   clock network delay (ideal)
                          2.00    2.00 ^ input external delay
     1    0.00    0.03    0.02    2.02 ^ A[2] (in)
                                         A[2] (net)
                  0.03    0.00    2.02 ^ input3/A (sky130_fd_sc_hd__clkbuf_8)
     9    0.14    0.24    0.26    2.28 ^ input3/X (sky130_fd_sc_hd__clkbuf_8)
                                         net3 (net)
                  0.24    0.02    2.31 ^ _288_/A (sky130_fd_sc_hd__clkbuf_8)
    10    0.13    0.23    0.33    2.63 ^ _288_/X (sky130_fd_sc_hd__clkbuf_8)
                                         _217_ (net)
                  0.23    0.02    2.65 ^ _292_/B1 (sky130_fd_sc_hd__a22o_1)
     2    0.03    0.30    0.37    3.02 ^ _292_/X (sky130_fd_sc_hd__a22o_1)
                                         _221_ (net)
                  0.30    0.00    3.02 ^ _328_/A3 (sky130_fd_sc_hd__a31o_2)
     2    0.04    0.25    0.38    3.40 ^ _328_/X (sky130_fd_sc_hd__a31o_2)
                                         _008_ (net)
                  0.25    0.01    3.41 ^ _329_/C (sky130_fd_sc_hd__and3_1)
     2    0.03    0.34    0.43    3.83 ^ _329_/X (sky130_fd_sc_hd__and3_1)
                                         _009_ (net)
                  0.34    0.00    3.84 ^ _331_/A_N (sky130_fd_sc_hd__and2b_2)
     1    0.06    0.15    0.39    4.23 v _331_/X (sky130_fd_sc_hd__and2b_2)
                                         _011_ (net)
                  0.15    0.01    4.24 v _332_/B (sky130_fd_sc_hd__xnor2_4)
     2    0.04    0.30    0.32    4.57 ^ _332_/Y (sky130_fd_sc_hd__xnor2_4)
                                         _012_ (net)
                  0.30    0.00    4.57 ^ _333_/B (sky130_fd_sc_hd__nand2_4)
     4    0.07    0.18    0.21    4.78 v _333_/Y (sky130_fd_sc_hd__nand2_4)
                                         _013_ (net)
                  0.18    0.01    4.79 v _359_/A_N (sky130_fd_sc_hd__nand3b_4)
     2    0.04    0.14    0.29    5.08 v _359_/Y (sky130_fd_sc_hd__nand3b_4)
                                         _038_ (net)
                  0.14    0.00    5.08 v rebuffer22/A (sky130_fd_sc_hd__clkbuf_2)
     3    0.04    0.14    0.25    5.33 v rebuffer22/X (sky130_fd_sc_hd__clkbuf_2)
                                         net51 (net)
                  0.14    0.01    5.33 v _403_/A2 (sky130_fd_sc_hd__a21o_2)
     2    0.05    0.13    0.36    5.69 v _403_/X (sky130_fd_sc_hd__a21o_2)
                                         _081_ (net)
                  0.13    0.01    5.70 v _440_/A1 (sky130_fd_sc_hd__a21bo_1)
     1    0.03    0.13    0.30    6.00 v _440_/X (sky130_fd_sc_hd__a21bo_1)
                                         _117_ (net)
                  0.13    0.00    6.00 v _441_/B (sky130_fd_sc_hd__or2_4)
     1    0.02    0.07    0.31    6.31 v _441_/X (sky130_fd_sc_hd__or2_4)
                                         _118_ (net)
                  0.07    0.00    6.32 v _453_/B2 (sky130_fd_sc_hd__a22oi_4)
     1    0.06    0.43    0.40    6.72 ^ _453_/Y (sky130_fd_sc_hd__a22oi_4)
                                         net26 (net)
                  0.43    0.01    6.72 ^ output26/A (sky130_fd_sc_hd__buf_6)
     1    0.03    0.08    0.21    6.93 ^ output26/X (sky130_fd_sc_hd__buf_6)
                                         out[6] (net)
                  0.08    0.00    6.93 ^ out[6] (out)
                                  6.93   data arrival time

                  0.00   10.00   10.00   clock __VIRTUAL_CLK__ (rise edge)
                          0.00   10.00   clock network delay (ideal)
                         -0.25    9.75   clock uncertainty
                          0.00    9.75   clock reconvergence pessimism
                         -2.00    7.75   output external delay
                                  7.75   data required time
-----------------------------------------------------------------------------
                                  7.75   data required time
                                 -6.93   data arrival time
-----------------------------------------------------------------------------
                                  0.82   slack (MET)


Startpoint: B[3] (input port clocked by __VIRTUAL_CLK__)
Endpoint: out[7] (output port clocked by __VIRTUAL_CLK__)
Path Group: __VIRTUAL_CLK__
Path Type: max
Corner: Typical

Fanout     Cap    Slew   Delay    Time   Description
-----------------------------------------------------------------------------
                  0.00    0.00    0.00   clock __VIRTUAL_CLK__ (rise edge)
                          0.00    0.00   clock network delay (ideal)
                          2.00    2.00 ^ input external delay
     1    0.00    0.02    0.01    2.01 ^ B[3] (in)
                                         B[3] (net)
                  0.02    0.00    2.01 ^ input12/A (sky130_fd_sc_hd__buf_4)
     8    0.11    0.31    0.30    2.31 ^ input12/X (sky130_fd_sc_hd__buf_4)
                                         net12 (net)
                  0.31    0.02    2.33 ^ _391_/C (sky130_fd_sc_hd__and4_4)
     2    0.05    0.18    0.41    2.73 ^ _391_/X (sky130_fd_sc_hd__and4_4)
                                         _069_ (net)
                  0.18    0.02    2.75 ^ _393_/A_N (sky130_fd_sc_hd__and2b_4)
     1    0.06    0.09    0.29    3.04 v _393_/X (sky130_fd_sc_hd__and2b_4)
                                         _071_ (net)
                  0.10    0.02    3.06 v _394_/B (sky130_fd_sc_hd__xnor2_4)
     3    0.05    0.41    0.39    3.44 ^ _394_/Y (sky130_fd_sc_hd__xnor2_4)
                                         _072_ (net)
                  0.41    0.00    3.45 ^ _396_/A (sky130_fd_sc_hd__nand3_4)
     3    0.06    0.24    0.28    3.73 v _396_/Y (sky130_fd_sc_hd__nand3_4)
                                         _074_ (net)
                  0.24    0.01    3.74 v _399_/A2 (sky130_fd_sc_hd__a21oi_4)
     2    0.07    0.47    0.51    4.25 ^ _399_/Y (sky130_fd_sc_hd__a21oi_4)
                                         _077_ (net)
                  0.47    0.01    4.26 ^ _401_/B (sky130_fd_sc_hd__or3_4)
     3    0.02    0.07    0.26    4.52 ^ _401_/X (sky130_fd_sc_hd__or3_4)
                                         _079_ (net)
                  0.07    0.00    4.52 ^ rebuffer1/A (sky130_fd_sc_hd__dlymetal6s4s_1)
     1    0.03    0.31    0.38    4.90 ^ rebuffer1/X (sky130_fd_sc_hd__dlymetal6s4s_1)
                                         net30 (net)
                  0.31    0.00    4.90 ^ _402_/B (sky130_fd_sc_hd__nand2_2)
     3    0.05    0.20    0.25    5.15 v _402_/Y (sky130_fd_sc_hd__nand2_2)
                                         _080_ (net)
                  0.20    0.00    5.16 v _438_/B1 (sky130_fd_sc_hd__a2111oi_4)
     2    0.01    0.32    0.44    5.60 ^ _438_/Y (sky130_fd_sc_hd__a2111oi_4)
                                         _115_ (net)
                  0.32    0.00    5.60 ^ wire28/A (sky130_fd_sc_hd__buf_4)
     2    0.03    0.08    0.23    5.83 ^ wire28/X (sky130_fd_sc_hd__buf_4)
                                         net28 (net)
                  0.08    0.00    5.83 ^ _497_/B1 (sky130_fd_sc_hd__a21oi_2)
     1    0.02    0.15    0.08    5.91 v _497_/Y (sky130_fd_sc_hd__a21oi_2)
                                         _173_ (net)
                  0.15    0.00    5.91 v _498_/A1 (sky130_fd_sc_hd__o21a_1)
     1    0.02    0.09    0.29    6.20 v _498_/X (sky130_fd_sc_hd__o21a_1)
                                         _174_ (net)
                  0.09    0.00    6.20 v _503_/A3 (sky130_fd_sc_hd__o32a_4)
     1    0.04    0.10    0.40    6.60 v _503_/X (sky130_fd_sc_hd__o32a_4)
                                         net27 (net)
                  0.10    0.01    6.61 v output27/A (sky130_fd_sc_hd__buf_8)
     1    0.03    0.04    0.16    6.78 v output27/X (sky130_fd_sc_hd__buf_8)
                                         out[7] (net)
                  0.04    0.00    6.78 v out[7] (out)
                                  6.78   data arrival time

                  0.00   10.00   10.00   clock __VIRTUAL_CLK__ (rise edge)
                          0.00   10.00   clock network delay (ideal)
                         -0.25    9.75   clock uncertainty
                          0.00    9.75   clock reconvergence pessimism
                         -2.00    7.75   output external delay
                                  7.75   data required time
-----------------------------------------------------------------------------
                                  7.75   data required time
                                 -6.78   data arrival time
-----------------------------------------------------------------------------
                                  0.97   slack (MET)


Startpoint: A[2] (input port clocked by __VIRTUAL_CLK__)
Endpoint: out[5] (output port clocked by __VIRTUAL_CLK__)
Path Group: __VIRTUAL_CLK__
Path Type: max
Corner: Typical

Fanout     Cap    Slew   Delay    Time   Description
-----------------------------------------------------------------------------
                  0.00    0.00    0.00   clock __VIRTUAL_CLK__ (rise edge)
                          0.00    0.00   clock network delay (ideal)
                          2.00    2.00 ^ input external delay
     1    0.00    0.03    0.02    2.02 ^ A[2] (in)
                                         A[2] (net)
                  0.03    0.00    2.02 ^ input3/A (sky130_fd_sc_hd__clkbuf_8)
     9    0.14    0.24    0.26    2.28 ^ input3/X (sky130_fd_sc_hd__clkbuf_8)
                                         net3 (net)
                  0.24    0.02    2.31 ^ _288_/A (sky130_fd_sc_hd__clkbuf_8)
    10    0.13    0.23    0.33    2.63 ^ _288_/X (sky130_fd_sc_hd__clkbuf_8)
                                         _217_ (net)
                  0.23    0.02    2.65 ^ _292_/B1 (sky130_fd_sc_hd__a22o_1)
     2    0.03    0.30    0.37    3.02 ^ _292_/X (sky130_fd_sc_hd__a22o_1)
                                         _221_ (net)
                  0.30    0.00    3.02 ^ _328_/A3 (sky130_fd_sc_hd__a31o_2)
     2    0.04    0.25    0.38    3.40 ^ _328_/X (sky130_fd_sc_hd__a31o_2)
                                         _008_ (net)
                  0.25    0.01    3.41 ^ _329_/C (sky130_fd_sc_hd__and3_1)
     2    0.03    0.34    0.43    3.83 ^ _329_/X (sky130_fd_sc_hd__and3_1)
                                         _009_ (net)
                  0.34    0.00    3.84 ^ _331_/A_N (sky130_fd_sc_hd__and2b_2)
     1    0.06    0.15    0.39    4.23 v _331_/X (sky130_fd_sc_hd__and2b_2)
                                         _011_ (net)
                  0.15    0.01    4.24 v _332_/B (sky130_fd_sc_hd__xnor2_4)
     2    0.04    0.30    0.32    4.57 ^ _332_/Y (sky130_fd_sc_hd__xnor2_4)
                                         _012_ (net)
                  0.30    0.00    4.57 ^ _333_/B (sky130_fd_sc_hd__nand2_4)
     4    0.07    0.18    0.21    4.78 v _333_/Y (sky130_fd_sc_hd__nand2_4)
                                         _013_ (net)
                  0.18    0.01    4.79 v _359_/A_N (sky130_fd_sc_hd__nand3b_4)
     2    0.04    0.14    0.29    5.08 v _359_/Y (sky130_fd_sc_hd__nand3b_4)
                                         _038_ (net)
                  0.14    0.00    5.08 v rebuffer22/A (sky130_fd_sc_hd__clkbuf_2)
     3    0.04    0.14    0.25    5.33 v rebuffer22/X (sky130_fd_sc_hd__clkbuf_2)
                                         net51 (net)
                  0.14    0.01    5.33 v _403_/A2 (sky130_fd_sc_hd__a21o_2)
     2    0.05    0.13    0.36    5.69 v _403_/X (sky130_fd_sc_hd__a21o_2)
                                         _081_ (net)
                  0.13    0.01    5.70 v _408_/A2 (sky130_fd_sc_hd__a31o_1)
     2    0.03    0.16    0.37    6.07 v _408_/X (sky130_fd_sc_hd__a31o_1)
                                         _086_ (net)
                  0.16    0.01    6.07 v _409_/B1 (sky130_fd_sc_hd__a21oi_1)
     1    0.01    0.22    0.26    6.33 ^ _409_/Y (sky130_fd_sc_hd__a21oi_1)
                                         _087_ (net)
                  0.22    0.00    6.33 ^ _410_/B1 (sky130_fd_sc_hd__a21oi_1)
     1    0.00    0.07    0.08    6.41 v _410_/Y (sky130_fd_sc_hd__a21oi_1)
                                         net25 (net)
                  0.07    0.00    6.41 v output25/A (sky130_fd_sc_hd__buf_2)
     1    0.03    0.09    0.20    6.60 v output25/X (sky130_fd_sc_hd__buf_2)
                                         out[5] (net)
                  0.09    0.00    6.60 v out[5] (out)
                                  6.60   data arrival time

                  0.00   10.00   10.00   clock __VIRTUAL_CLK__ (rise edge)
                          0.00   10.00   clock network delay (ideal)
                         -0.25    9.75   clock uncertainty
                          0.00    9.75   clock reconvergence pessimism
                         -2.00    7.75   output external delay
                                  7.75   data required time
-----------------------------------------------------------------------------
                                  7.75   data required time
                                 -6.60   data arrival time
-----------------------------------------------------------------------------
                                  1.15   slack (MET)


Startpoint: A[2] (input port clocked by __VIRTUAL_CLK__)
Endpoint: out[4] (output port clocked by __VIRTUAL_CLK__)
Path Group: __VIRTUAL_CLK__
Path Type: max
Corner: Typical

Fanout     Cap    Slew   Delay    Time   Description
-----------------------------------------------------------------------------
                  0.00    0.00    0.00   clock __VIRTUAL_CLK__ (rise edge)
                          0.00    0.00   clock network delay (ideal)
                          2.00    2.00 ^ input external delay
     1    0.00    0.03    0.02    2.02 ^ A[2] (in)
                                         A[2] (net)
                  0.03    0.00    2.02 ^ input3/A (sky130_fd_sc_hd__clkbuf_8)
     9    0.14    0.24    0.26    2.28 ^ input3/X (sky130_fd_sc_hd__clkbuf_8)
                                         net3 (net)
                  0.24    0.02    2.31 ^ _288_/A (sky130_fd_sc_hd__clkbuf_8)
    10    0.13    0.23    0.33    2.63 ^ _288_/X (sky130_fd_sc_hd__clkbuf_8)
                                         _217_ (net)
                  0.23    0.02    2.65 ^ _292_/B1 (sky130_fd_sc_hd__a22o_1)
     2    0.03    0.30    0.37    3.02 ^ _292_/X (sky130_fd_sc_hd__a22o_1)
                                         _221_ (net)
                  0.30    0.00    3.02 ^ _328_/A3 (sky130_fd_sc_hd__a31o_2)
     2    0.04    0.25    0.38    3.40 ^ _328_/X (sky130_fd_sc_hd__a31o_2)
                                         _008_ (net)
                  0.25    0.01    3.41 ^ _329_/C (sky130_fd_sc_hd__and3_1)
     2    0.03    0.34    0.43    3.83 ^ _329_/X (sky130_fd_sc_hd__and3_1)
                                         _009_ (net)
                  0.34    0.00    3.84 ^ _331_/A_N (sky130_fd_sc_hd__and2b_2)
     1    0.06    0.15    0.39    4.23 v _331_/X (sky130_fd_sc_hd__and2b_2)
                                         _011_ (net)
                  0.15    0.01    4.24 v _332_/B (sky130_fd_sc_hd__xnor2_4)
     2    0.04    0.30    0.32    4.57 ^ _332_/Y (sky130_fd_sc_hd__xnor2_4)
                                         _012_ (net)
                  0.30    0.00    4.57 ^ _333_/B (sky130_fd_sc_hd__nand2_4)
     4    0.07    0.18    0.21    4.78 v _333_/Y (sky130_fd_sc_hd__nand2_4)
                                         _013_ (net)
                  0.18    0.01    4.79 v _359_/A_N (sky130_fd_sc_hd__nand3b_4)
     2    0.04    0.14    0.29    5.08 v _359_/Y (sky130_fd_sc_hd__nand3b_4)
                                         _038_ (net)
                  0.14    0.00    5.08 v rebuffer22/A (sky130_fd_sc_hd__clkbuf_2)
     3    0.04    0.14    0.25    5.33 v rebuffer22/X (sky130_fd_sc_hd__clkbuf_2)
                                         net51 (net)
                  0.14    0.01    5.33 v rebuffer23/A (sky130_fd_sc_hd__dlymetal6s2s_1)
     1    0.01    0.07    0.22    5.55 v rebuffer23/X (sky130_fd_sc_hd__dlymetal6s2s_1)
                                         net52 (net)
                  0.07    0.00    5.56 v _360_/C (sky130_fd_sc_hd__and3_2)
     2    0.04    0.12    0.32    5.88 v _360_/X (sky130_fd_sc_hd__and3_2)
                                         _039_ (net)
                  0.12    0.01    5.89 v _373_/B1 (sky130_fd_sc_hd__o2bb2a_1)
     1    0.02    0.14    0.44    6.33 v _373_/X (sky130_fd_sc_hd__o2bb2a_1)
                                         net24 (net)
                  0.14    0.00    6.33 v output24/A (sky130_fd_sc_hd__buf_2)
     1    0.03    0.09    0.23    6.57 v output24/X (sky130_fd_sc_hd__buf_2)
                                         out[4] (net)
                  0.09    0.00    6.57 v out[4] (out)
                                  6.57   data arrival time

                  0.00   10.00   10.00   clock __VIRTUAL_CLK__ (rise edge)
                          0.00   10.00   clock network delay (ideal)
                         -0.25    9.75   clock uncertainty
                          0.00    9.75   clock reconvergence pessimism
                         -2.00    7.75   output external delay
                                  7.75   data required time
-----------------------------------------------------------------------------
                                  7.75   data required time
                                 -6.57   data arrival time
-----------------------------------------------------------------------------
                                  1.18   slack (MET)


Startpoint: A[2] (input port clocked by __VIRTUAL_CLK__)
Endpoint: out[3] (output port clocked by __VIRTUAL_CLK__)
Path Group: __VIRTUAL_CLK__
Path Type: max
Corner: Typical

Fanout     Cap    Slew   Delay    Time   Description
-----------------------------------------------------------------------------
                  0.00    0.00    0.00   clock __VIRTUAL_CLK__ (rise edge)
                          0.00    0.00   clock network delay (ideal)
                          2.00    2.00 ^ input external delay
     1    0.00    0.03    0.02    2.02 ^ A[2] (in)
                                         A[2] (net)
                  0.03    0.00    2.02 ^ input3/A (sky130_fd_sc_hd__clkbuf_8)
     9    0.14    0.24    0.26    2.28 ^ input3/X (sky130_fd_sc_hd__clkbuf_8)
                                         net3 (net)
                  0.24    0.02    2.31 ^ _288_/A (sky130_fd_sc_hd__clkbuf_8)
    10    0.13    0.23    0.33    2.63 ^ _288_/X (sky130_fd_sc_hd__clkbuf_8)
                                         _217_ (net)
                  0.23    0.02    2.65 ^ _292_/B1 (sky130_fd_sc_hd__a22o_1)
     2    0.03    0.30    0.37    3.02 ^ _292_/X (sky130_fd_sc_hd__a22o_1)
                                         _221_ (net)
                  0.30    0.00    3.02 ^ _328_/A3 (sky130_fd_sc_hd__a31o_2)
     2    0.04    0.25    0.38    3.40 ^ _328_/X (sky130_fd_sc_hd__a31o_2)
                                         _008_ (net)
                  0.25    0.01    3.41 ^ _329_/C (sky130_fd_sc_hd__and3_1)
     2    0.03    0.34    0.43    3.83 ^ _329_/X (sky130_fd_sc_hd__and3_1)
                                         _009_ (net)
                  0.34    0.00    3.84 ^ _331_/A_N (sky130_fd_sc_hd__and2b_2)
     1    0.06    0.15    0.39    4.23 v _331_/X (sky130_fd_sc_hd__and2b_2)
                                         _011_ (net)
                  0.15    0.01    4.24 v _332_/B (sky130_fd_sc_hd__xnor2_4)
     2    0.04    0.30    0.32    4.57 ^ _332_/Y (sky130_fd_sc_hd__xnor2_4)
                                         _012_ (net)
                  0.30    0.00    4.57 ^ _333_/B (sky130_fd_sc_hd__nand2_4)
     4    0.07    0.18    0.21    4.78 v _333_/Y (sky130_fd_sc_hd__nand2_4)
                                         _013_ (net)
                  0.18    0.01    4.79 v _338_/A2 (sky130_fd_sc_hd__a31o_1)
     1    0.01    0.06    0.30    5.09 v _338_/X (sky130_fd_sc_hd__a31o_1)
                                         _018_ (net)
                  0.06    0.00    5.09 v _339_/B2 (sky130_fd_sc_hd__o2bb2a_1)
     1    0.02    0.12    0.38    5.46 v _339_/X (sky130_fd_sc_hd__o2bb2a_1)
                                         net23 (net)
                  0.12    0.00    5.47 v output23/A (sky130_fd_sc_hd__buf_2)
     1    0.03    0.09    0.22    5.69 v output23/X (sky130_fd_sc_hd__buf_2)
                                         out[3] (net)
                  0.09    0.00    5.69 v out[3] (out)
                                  5.69   data arrival time

                  0.00   10.00   10.00   clock __VIRTUAL_CLK__ (rise edge)
                          0.00   10.00   clock network delay (ideal)
                         -0.25    9.75   clock uncertainty
                          0.00    9.75   clock reconvergence pessimism
                         -2.00    7.75   output external delay
                                  7.75   data required time
-----------------------------------------------------------------------------
                                  7.75   data required time
                                 -5.69   data arrival time
-----------------------------------------------------------------------------
                                  2.06   slack (MET)


Startpoint: opcode[0] (input port clocked by __VIRTUAL_CLK__)
Endpoint: out[2] (output port clocked by __VIRTUAL_CLK__)
Path Group: __VIRTUAL_CLK__
Path Type: max
Corner: Typical

Fanout     Cap    Slew   Delay    Time   Description
-----------------------------------------------------------------------------
                  0.00    0.00    0.00   clock __VIRTUAL_CLK__ (rise edge)
                          0.00    0.00   clock network delay (ideal)
                          2.00    2.00 ^ input external delay
     1    0.00    0.02    0.01    2.01 ^ opcode[0] (in)
                                         opcode[0] (net)
                  0.02    0.00    2.01 ^ input17/A (sky130_fd_sc_hd__buf_4)
     5    0.09    0.26    0.26    2.27 ^ input17/X (sky130_fd_sc_hd__buf_4)
                                         net17 (net)
                  0.27    0.03    2.30 ^ _275_/A_N (sky130_fd_sc_hd__nand3b_4)
     5    0.04    0.15    0.27    2.57 ^ _275_/Y (sky130_fd_sc_hd__nand3b_4)
                                         _205_ (net)
                  0.15    0.00    2.58 ^ rebuffer3/A (sky130_fd_sc_hd__dlymetal6s2s_1)
     3    0.02    0.22    0.26    2.83 ^ rebuffer3/X (sky130_fd_sc_hd__dlymetal6s2s_1)
                                         net32 (net)
                  0.22    0.00    2.83 ^ _298_/B1 (sky130_fd_sc_hd__o21a_4)
     3    0.07    0.21    0.31    3.14 ^ _298_/X (sky130_fd_sc_hd__o21a_4)
                                         _227_ (net)
                  0.22    0.02    3.15 ^ _299_/B (sky130_fd_sc_hd__xnor2_4)
     2    0.04    0.34    0.22    3.37 ^ _299_/Y (sky130_fd_sc_hd__xnor2_4)
                                         _228_ (net)
                  0.34    0.01    3.38 ^ _300_/B (sky130_fd_sc_hd__xor2_4)
     3    0.07    0.49    0.47    3.85 ^ _300_/X (sky130_fd_sc_hd__xor2_4)
                                         _229_ (net)
                  0.49    0.01    3.86 ^ _302_/A (sky130_fd_sc_hd__nand2_1)
     1    0.02    0.23    0.29    4.15 v _302_/Y (sky130_fd_sc_hd__nand2_1)
                                         _231_ (net)
                  0.23    0.00    4.15 v _308_/A1 (sky130_fd_sc_hd__a211o_1)
     1    0.02    0.13    0.43    4.58 v _308_/X (sky130_fd_sc_hd__a211o_1)
                                         _237_ (net)
                  0.13    0.00    4.58 v _309_/B2 (sky130_fd_sc_hd__o2bb2a_1)
     1    0.03    0.17    0.45    5.03 v _309_/X (sky130_fd_sc_hd__o2bb2a_1)
                                         net22 (net)
                  0.17    0.00    5.04 v output22/A (sky130_fd_sc_hd__buf_2)
     1    0.03    0.09    0.25    5.28 v output22/X (sky130_fd_sc_hd__buf_2)
                                         out[2] (net)
                  0.09    0.00    5.29 v out[2] (out)
                                  5.29   data arrival time

                  0.00   10.00   10.00   clock __VIRTUAL_CLK__ (rise edge)
                          0.00   10.00   clock network delay (ideal)
                         -0.25    9.75   clock uncertainty
                          0.00    9.75   clock reconvergence pessimism
                         -2.00    7.75   output external delay
                                  7.75   data required time
-----------------------------------------------------------------------------
                                  7.75   data required time
                                 -5.29   data arrival time
-----------------------------------------------------------------------------
                                  2.46   slack (MET)


Startpoint: B[0] (input port clocked by __VIRTUAL_CLK__)
Endpoint: out[1] (output port clocked by __VIRTUAL_CLK__)
Path Group: __VIRTUAL_CLK__
Path Type: max
Corner: Typical

Fanout     Cap    Slew   Delay    Time   Description
-----------------------------------------------------------------------------
                  0.00    0.00    0.00   clock __VIRTUAL_CLK__ (rise edge)
                          0.00    0.00   clock network delay (ideal)
                          2.00    2.00 v input external delay
     1    0.01    0.01    0.01    2.01 v B[0] (in)
                                         B[0] (net)
                  0.01    0.00    2.01 v input9/A (sky130_fd_sc_hd__buf_6)
     6    0.10    0.09    0.16    2.17 v input9/X (sky130_fd_sc_hd__buf_6)
                                         net9 (net)
                  0.11    0.03    2.20 v _251_/A (sky130_fd_sc_hd__buf_12)
     5    0.10    0.06    0.19    2.39 v _251_/X (sky130_fd_sc_hd__buf_12)
                                         _182_ (net)
                  0.07    0.01    2.40 v _252_/A (sky130_fd_sc_hd__clkbuf_8)
    11    0.11    0.13    0.23    2.63 v _252_/X (sky130_fd_sc_hd__clkbuf_8)
                                         _183_ (net)
                  0.13    0.01    2.64 v _276_/A1 (sky130_fd_sc_hd__a21oi_2)
     2    0.03    0.43    0.42    3.06 ^ _276_/Y (sky130_fd_sc_hd__a21oi_2)
                                         _206_ (net)
                  0.43    0.01    3.07 ^ _279_/B (sky130_fd_sc_hd__or3_4)
     3    0.06    0.17    0.33    3.39 ^ _279_/X (sky130_fd_sc_hd__or3_4)
                                         _209_ (net)
                  0.17    0.01    3.40 ^ _280_/B_N (sky130_fd_sc_hd__or2b_2)
     1    0.04    0.14    0.45    3.85 v _280_/X (sky130_fd_sc_hd__or2b_2)
                                         _210_ (net)
                  0.14    0.00    3.86 v _281_/B (sky130_fd_sc_hd__xnor2_2)
     1    0.03    0.17    0.27    4.12 v _281_/Y (sky130_fd_sc_hd__xnor2_2)
                                         _211_ (net)
                  0.17    0.00    4.13 v _286_/A2 (sky130_fd_sc_hd__a211o_1)
     1    0.02    0.12    0.43    4.56 v _286_/X (sky130_fd_sc_hd__a211o_1)
                                         _216_ (net)
                  0.12    0.00    4.56 v _287_/B2 (sky130_fd_sc_hd__o2bb2a_1)
     1    0.00    0.06    0.32    4.89 v _287_/X (sky130_fd_sc_hd__o2bb2a_1)
                                         net21 (net)
                  0.06    0.00    4.89 v output21/A (sky130_fd_sc_hd__buf_2)
     1    0.03    0.09    0.19    5.08 v output21/X (sky130_fd_sc_hd__buf_2)
                                         out[1] (net)
                  0.09    0.00    5.08 v out[1] (out)
                                  5.08   data arrival time

                  0.00   10.00   10.00   clock __VIRTUAL_CLK__ (rise edge)
                          0.00   10.00   clock network delay (ideal)
                         -0.25    9.75   clock uncertainty
                          0.00    9.75   clock reconvergence pessimism
                         -2.00    7.75   output external delay
                                  7.75   data required time
-----------------------------------------------------------------------------
                                  7.75   data required time
                                 -5.08   data arrival time
-----------------------------------------------------------------------------
                                  2.67   slack (MET)


Startpoint: opcode[1] (input port clocked by __VIRTUAL_CLK__)
Endpoint: out[0] (output port clocked by __VIRTUAL_CLK__)
Path Group: __VIRTUAL_CLK__
Path Type: max
Corner: Typical

Fanout     Cap    Slew   Delay    Time   Description
-----------------------------------------------------------------------------
                  0.00    0.00    0.00   clock __VIRTUAL_CLK__ (rise edge)
                          0.00    0.00   clock network delay (ideal)
                          2.00    2.00 ^ input external delay
     1    0.00    0.02    0.01    2.01 ^ opcode[1] (in)
                                         opcode[1] (net)
                  0.02    0.00    2.01 ^ input18/A (sky130_fd_sc_hd__buf_4)
     5    0.10    0.28    0.27    2.28 ^ input18/X (sky130_fd_sc_hd__buf_4)
                                         net18 (net)
                  0.29    0.02    2.31 ^ _254_/B (sky130_fd_sc_hd__nand2_4)
     4    0.08    0.19    0.22    2.53 v _254_/Y (sky130_fd_sc_hd__nand2_4)
                                         _185_ (net)
                  0.19    0.01    2.54 v _259_/B (sky130_fd_sc_hd__nor2_4)
     7    0.10    0.60    0.54    3.08 ^ _259_/Y (sky130_fd_sc_hd__nor2_4)
                                         _190_ (net)
                  0.60    0.01    3.09 ^ _260_/A2 (sky130_fd_sc_hd__o211a_1)
     1    0.01    0.13    0.30    3.39 ^ _260_/X (sky130_fd_sc_hd__o211a_1)
                                         _191_ (net)
                  0.13    0.00    3.39 ^ _261_/B1 (sky130_fd_sc_hd__a31o_1)
     2    0.03    0.24    0.27    3.66 ^ _261_/X (sky130_fd_sc_hd__a31o_1)
                                         _192_ (net)
                  0.24    0.00    3.66 ^ _262_/B2 (sky130_fd_sc_hd__a2bb2o_1)
     1    0.03    0.25    0.34    4.01 ^ _262_/X (sky130_fd_sc_hd__a2bb2o_1)
                                         net20 (net)
                  0.25    0.00    4.01 ^ output20/A (sky130_fd_sc_hd__buf_2)
     1    0.03    0.17    0.27    4.28 ^ output20/X (sky130_fd_sc_hd__buf_2)
                                         out[0] (net)
                  0.17    0.00    4.29 ^ out[0] (out)
                                  4.29   data arrival time

                  0.00   10.00   10.00   clock __VIRTUAL_CLK__ (rise edge)
                          0.00   10.00   clock network delay (ideal)
                         -0.25    9.75   clock uncertainty
                          0.00    9.75   clock reconvergence pessimism
                         -2.00    7.75   output external delay
                                  7.75   data required time
-----------------------------------------------------------------------------
                                  7.75   data required time
                                 -4.29   data arrival time
-----------------------------------------------------------------------------
                                  3.46   slack (MET)



worst slack corner Typical: 0.8157
