
===========================================================================
 report_power
============================================================================
======================= Fastest Corner ===================================

Group                  Internal  Switching    Leakage      Total
                          Power      Power      Power      Power (Watts)
----------------------------------------------------------------
Sequential             1.50e-04   0.00e+00   3.17e-08   1.50e-04  38.8%
Combinational          3.34e-14   2.30e-13   1.20e-09   1.21e-09   0.0%
Clock                  1.34e-04   1.03e-04   2.65e-09   2.37e-04  61.2%
Macro                  0.00e+00   0.00e+00   0.00e+00   0.00e+00   0.0%
Pad                    0.00e+00   0.00e+00   0.00e+00   0.00e+00   0.0%
----------------------------------------------------------------
Total                  2.85e-04   1.03e-04   3.56e-08   3.88e-04 100.0%
                          73.5%      26.5%       0.0%

======================= Slowest Corner ===================================

Group                  Internal  Switching    Leakage      Total
                          Power      Power      Power      Power (Watts)
----------------------------------------------------------------
Sequential             9.88e-05   0.00e+00   6.42e-07   9.95e-05  37.5%
Combinational          2.29e-14   1.54e-13   8.39e-07   8.39e-07   0.3%
Clock                  9.68e-05   6.77e-05   1.27e-07   1.65e-04  62.1%
Macro                  0.00e+00   0.00e+00   0.00e+00   0.00e+00   0.0%
Pad                    0.00e+00   0.00e+00   0.00e+00   0.00e+00   0.0%
----------------------------------------------------------------
Total                  1.96e-04   6.77e-05   1.61e-06   2.65e-04 100.0%
                          73.8%      25.6%       0.6%

======================= Typical Corner ===================================

Group                  Internal  Switching    Leakage      Total
                          Power      Power      Power      Power (Watts)
----------------------------------------------------------------
Sequential             1.29e-04   0.00e+00   3.11e-08   1.29e-04  38.7%
Combinational          2.78e-14   1.96e-13   7.16e-10   7.16e-10   0.0%
Clock                  1.18e-04   8.65e-05   2.31e-09   2.04e-04  61.3%
Macro                  0.00e+00   0.00e+00   0.00e+00   0.00e+00   0.0%
Pad                    0.00e+00   0.00e+00   0.00e+00   0.00e+00   0.0%
----------------------------------------------------------------
Total                  2.47e-04   8.65e-05   3.41e-08   3.34e-04 100.0%
                          74.0%      25.9%       0.0%

