
===========================================================================
report_checks -unconstrained
===========================================================================
======================= Fastest Corner ===================================

Startpoint: _342_ (rising edge-triggered flip-flop clocked by core_clock)
Endpoint: _341_ (rising edge-triggered flip-flop clocked by core_clock)
Path Group: core_clock
Path Type: max
Corner: Fastest

Fanout     Cap    Slew   Delay    Time   Description
-----------------------------------------------------------------------------
                          0.00    0.00   clock core_clock (rise edge)
                          0.00    0.00   clock source latency
     1    0.03    0.00    0.00    0.00 ^ clk (in)
                                         clk (net)
                  0.00    0.00    0.00 ^ clkbuf_0_clk/A (sky130_fd_sc_hd__clkbuf_16)
     4    0.06    0.06    0.10    0.10 ^ clkbuf_0_clk/X (sky130_fd_sc_hd__clkbuf_16)
                                         clknet_0_clk (net)
                  0.06    0.00    0.10 ^ clkbuf_2_3__f_clk/A (sky130_fd_sc_hd__clkbuf_16)
     9    0.05    0.05    0.11    0.22 ^ clkbuf_2_3__f_clk/X (sky130_fd_sc_hd__clkbuf_16)
                                         clknet_2_3__leaf_clk (net)
                  0.05    0.00    0.22 ^ _342_/CLK (sky130_fd_sc_hd__dfrtp_4)
     5    0.07    0.10    0.37    0.59 v _342_/Q (sky130_fd_sc_hd__dfrtp_4)
                                         one_second_counter[12] (net)
                  0.10    0.01    0.59 v _180_/C (sky130_fd_sc_hd__and4_1)
     3    0.02    0.09    0.20    0.80 v _180_/X (sky130_fd_sc_hd__and4_1)
                                         _078_ (net)
                  0.09    0.00    0.80 v _181_/D (sky130_fd_sc_hd__or4_2)
     1    0.03    0.13    0.40    1.20 v _181_/X (sky130_fd_sc_hd__or4_2)
                                         _079_ (net)
                  0.13    0.01    1.20 v _184_/A3 (sky130_fd_sc_hd__o31a_2)
     1    0.02    0.07    0.25    1.45 v _184_/X (sky130_fd_sc_hd__o31a_2)
                                         _082_ (net)
                  0.07    0.00    1.45 v _186_/A2 (sky130_fd_sc_hd__o211ai_4)
     2    0.04    0.27    0.24    1.70 ^ _186_/Y (sky130_fd_sc_hd__o211ai_4)
                                         _084_ (net)
                  0.27    0.01    1.70 ^ _187_/A2 (sky130_fd_sc_hd__a21bo_4)
     9    0.10    0.25    0.25    1.96 ^ _187_/X (sky130_fd_sc_hd__a21bo_4)
                                         _085_ (net)
                  0.25    0.01    1.97 ^ _188_/A (sky130_fd_sc_hd__inv_2)
     2    0.05    0.11    0.11    2.08 v _188_/Y (sky130_fd_sc_hd__inv_2)
                                         _086_ (net)
                  0.12    0.01    2.08 v _189_/A (sky130_fd_sc_hd__buf_4)
    10    0.09    0.09    0.17    2.26 v _189_/X (sky130_fd_sc_hd__buf_4)
                                         _027_ (net)
                  0.10    0.02    2.28 v _229_/A (sky130_fd_sc_hd__nor3_2)
     1    0.04    0.52    0.45    2.73 ^ _229_/Y (sky130_fd_sc_hd__nor3_2)
                                         _002_ (net)
                  0.52    0.01    2.74 ^ _341_/D (sky130_fd_sc_hd__dfrtp_4)
                                  2.74   data arrival time

                         10.00   10.00   clock core_clock (rise edge)
                          0.00   10.00   clock source latency
     1    0.03    0.00    0.00   10.00 ^ clk (in)
                                         clk (net)
                  0.00    0.00   10.00 ^ clkbuf_0_clk/A (sky130_fd_sc_hd__clkbuf_16)
     4    0.06    0.06    0.10   10.10 ^ clkbuf_0_clk/X (sky130_fd_sc_hd__clkbuf_16)
                                         clknet_0_clk (net)
                  0.06    0.00   10.10 ^ clkbuf_2_2__f_clk/A (sky130_fd_sc_hd__clkbuf_16)
    11    0.07    0.06    0.12   10.22 ^ clkbuf_2_2__f_clk/X (sky130_fd_sc_hd__clkbuf_16)
                                         clknet_2_2__leaf_clk (net)
                  0.06    0.00   10.22 ^ _341_/CLK (sky130_fd_sc_hd__dfrtp_4)
                          0.00   10.22   clock reconvergence pessimism
                         -0.08   10.14   library setup time
                                 10.14   data required time
-----------------------------------------------------------------------------
                                 10.14   data required time
                                 -2.74   data arrival time
-----------------------------------------------------------------------------
                                  7.41   slack (MET)



======================= Slowest Corner ===================================

Startpoint: _342_ (rising edge-triggered flip-flop clocked by core_clock)
Endpoint: _341_ (rising edge-triggered flip-flop clocked by core_clock)
Path Group: core_clock
Path Type: max
Corner: Slowest

Fanout     Cap    Slew   Delay    Time   Description
-----------------------------------------------------------------------------
                          0.00    0.00   clock core_clock (rise edge)
                          0.00    0.00   clock source latency
     1    0.03    0.00    0.00    0.00 ^ clk (in)
                                         clk (net)
                  0.00    0.00    0.00 ^ clkbuf_0_clk/A (sky130_fd_sc_hd__clkbuf_16)
     4    0.06    0.12    0.24    0.24 ^ clkbuf_0_clk/X (sky130_fd_sc_hd__clkbuf_16)
                                         clknet_0_clk (net)
                  0.12    0.00    0.25 ^ clkbuf_2_3__f_clk/A (sky130_fd_sc_hd__clkbuf_16)
     9    0.05    0.11    0.29    0.53 ^ clkbuf_2_3__f_clk/X (sky130_fd_sc_hd__clkbuf_16)
                                         clknet_2_3__leaf_clk (net)
                  0.11    0.00    0.54 ^ _342_/CLK (sky130_fd_sc_hd__dfrtp_4)
     5    0.07    0.27    1.19    1.73 v _342_/Q (sky130_fd_sc_hd__dfrtp_4)
                                         one_second_counter[12] (net)
                  0.27    0.01    1.74 v _180_/C (sky130_fd_sc_hd__and4_1)
     3    0.02    0.23    0.64    2.37 v _180_/X (sky130_fd_sc_hd__and4_1)
                                         _078_ (net)
                  0.23    0.00    2.38 v _181_/D (sky130_fd_sc_hd__or4_2)
     1    0.03    0.40    1.66    4.03 v _181_/X (sky130_fd_sc_hd__or4_2)
                                         _079_ (net)
                  0.40    0.01    4.04 v _184_/A3 (sky130_fd_sc_hd__o31a_2)
     1    0.02    0.17    0.79    4.83 v _184_/X (sky130_fd_sc_hd__o31a_2)
                                         _082_ (net)
                  0.17    0.00    4.83 v _186_/A2 (sky130_fd_sc_hd__o211ai_4)
     2    0.04    0.58    0.58    5.41 ^ _186_/Y (sky130_fd_sc_hd__o211ai_4)
                                         _084_ (net)
                  0.58    0.01    5.42 ^ _187_/A2 (sky130_fd_sc_hd__a21bo_4)
     9    0.10    0.49    0.74    6.15 ^ _187_/X (sky130_fd_sc_hd__a21bo_4)
                                         _085_ (net)
                  0.49    0.01    6.17 ^ _188_/A (sky130_fd_sc_hd__inv_2)
     2    0.05    0.25    0.37    6.54 v _188_/Y (sky130_fd_sc_hd__inv_2)
                                         _086_ (net)
                  0.25    0.01    6.55 v _189_/A (sky130_fd_sc_hd__buf_4)
    10    0.09    0.21    0.48    7.02 v _189_/X (sky130_fd_sc_hd__buf_4)
                                         _027_ (net)
                  0.22    0.02    7.05 v _229_/A (sky130_fd_sc_hd__nor3_2)
     1    0.04    1.18    1.08    8.13 ^ _229_/Y (sky130_fd_sc_hd__nor3_2)
                                         _002_ (net)
                  1.18    0.01    8.14 ^ _341_/D (sky130_fd_sc_hd__dfrtp_4)
                                  8.14   data arrival time

                         10.00   10.00   clock core_clock (rise edge)
                          0.00   10.00   clock source latency
     1    0.03    0.00    0.00   10.00 ^ clk (in)
                                         clk (net)
                  0.00    0.00   10.00 ^ clkbuf_0_clk/A (sky130_fd_sc_hd__clkbuf_16)
     4    0.06    0.12    0.24   10.24 ^ clkbuf_0_clk/X (sky130_fd_sc_hd__clkbuf_16)
                                         clknet_0_clk (net)
                  0.12    0.00   10.25 ^ clkbuf_2_2__f_clk/A (sky130_fd_sc_hd__clkbuf_16)
    11    0.06    0.13    0.30   10.55 ^ clkbuf_2_2__f_clk/X (sky130_fd_sc_hd__clkbuf_16)
                                         clknet_2_2__leaf_clk (net)
                  0.13    0.00   10.55 ^ _341_/CLK (sky130_fd_sc_hd__dfrtp_4)
                          0.00   10.55   clock reconvergence pessimism
                         -0.41   10.14   library setup time
                                 10.14   data required time
-----------------------------------------------------------------------------
                                 10.14   data required time
                                 -8.14   data arrival time
-----------------------------------------------------------------------------
                                  2.00   slack (MET)



======================= Typical Corner ===================================

Startpoint: _342_ (rising edge-triggered flip-flop clocked by core_clock)
Endpoint: _341_ (rising edge-triggered flip-flop clocked by core_clock)
Path Group: core_clock
Path Type: max
Corner: Typical

Fanout     Cap    Slew   Delay    Time   Description
-----------------------------------------------------------------------------
                          0.00    0.00   clock core_clock (rise edge)
                          0.00    0.00   clock source latency
     1    0.03    0.00    0.00    0.00 ^ clk (in)
                                         clk (net)
                  0.00    0.00    0.00 ^ clkbuf_0_clk/A (sky130_fd_sc_hd__clkbuf_16)
     4    0.06    0.08    0.14    0.14 ^ clkbuf_0_clk/X (sky130_fd_sc_hd__clkbuf_16)
                                         clknet_0_clk (net)
                  0.08    0.00    0.15 ^ clkbuf_2_3__f_clk/A (sky130_fd_sc_hd__clkbuf_16)
     9    0.05    0.07    0.16    0.31 ^ clkbuf_2_3__f_clk/X (sky130_fd_sc_hd__clkbuf_16)
                                         clknet_2_3__leaf_clk (net)
                  0.07    0.00    0.31 ^ _342_/CLK (sky130_fd_sc_hd__dfrtp_4)
     5    0.07    0.14    0.58    0.89 v _342_/Q (sky130_fd_sc_hd__dfrtp_4)
                                         one_second_counter[12] (net)
                  0.14    0.01    0.90 v _180_/C (sky130_fd_sc_hd__and4_1)
     3    0.02    0.12    0.31    1.21 v _180_/X (sky130_fd_sc_hd__and4_1)
                                         _078_ (net)
                  0.12    0.00    1.21 v _181_/D (sky130_fd_sc_hd__or4_2)
     1    0.03    0.20    0.70    1.91 v _181_/X (sky130_fd_sc_hd__or4_2)
                                         _079_ (net)
                  0.21    0.01    1.92 v _184_/A3 (sky130_fd_sc_hd__o31a_2)
     1    0.02    0.10    0.40    2.32 v _184_/X (sky130_fd_sc_hd__o31a_2)
                                         _082_ (net)
                  0.10    0.00    2.32 v _186_/A2 (sky130_fd_sc_hd__o211ai_4)
     2    0.04    0.37    0.34    2.67 ^ _186_/Y (sky130_fd_sc_hd__o211ai_4)
                                         _084_ (net)
                  0.37    0.01    2.67 ^ _187_/A2 (sky130_fd_sc_hd__a21bo_4)
     9    0.10    0.32    0.39    3.06 ^ _187_/X (sky130_fd_sc_hd__a21bo_4)
                                         _085_ (net)
                  0.33    0.01    3.08 ^ _188_/A (sky130_fd_sc_hd__inv_2)
     2    0.05    0.15    0.19    3.26 v _188_/Y (sky130_fd_sc_hd__inv_2)
                                         _086_ (net)
                  0.15    0.01    3.27 v _189_/A (sky130_fd_sc_hd__buf_4)
    10    0.09    0.12    0.26    3.53 v _189_/X (sky130_fd_sc_hd__buf_4)
                                         _027_ (net)
                  0.13    0.02    3.55 v _229_/A (sky130_fd_sc_hd__nor3_2)
     1    0.04    0.73    0.64    4.19 ^ _229_/Y (sky130_fd_sc_hd__nor3_2)
                                         _002_ (net)
                  0.73    0.01    4.20 ^ _341_/D (sky130_fd_sc_hd__dfrtp_4)
                                  4.20   data arrival time

                         10.00   10.00   clock core_clock (rise edge)
                          0.00   10.00   clock source latency
     1    0.03    0.00    0.00   10.00 ^ clk (in)
                                         clk (net)
                  0.00    0.00   10.00 ^ clkbuf_0_clk/A (sky130_fd_sc_hd__clkbuf_16)
     4    0.06    0.08    0.14   10.14 ^ clkbuf_0_clk/X (sky130_fd_sc_hd__clkbuf_16)
                                         clknet_0_clk (net)
                  0.08    0.00   10.15 ^ clkbuf_2_2__f_clk/A (sky130_fd_sc_hd__clkbuf_16)
    11    0.06    0.08    0.17   10.32 ^ clkbuf_2_2__f_clk/X (sky130_fd_sc_hd__clkbuf_16)
                                         clknet_2_2__leaf_clk (net)
                  0.08    0.00   10.32 ^ _341_/CLK (sky130_fd_sc_hd__dfrtp_4)
                          0.00   10.32   clock reconvergence pessimism
                         -0.18   10.14   library setup time
                                 10.14   data required time
-----------------------------------------------------------------------------
                                 10.14   data required time
                                 -4.20   data arrival time
-----------------------------------------------------------------------------
                                  5.94   slack (MET)




===========================================================================
report_checks --slack_max -0.01
============================================================================
======================= Fastest Corner ===================================

No paths found.

======================= Slowest Corner ===================================

No paths found.

======================= Typical Corner ===================================

No paths found.


===========================================================================
 report_check_types -max_slew -max_cap -max_fanout -violators
============================================================================
======================= Fastest Corner ===================================


max slew violations count Fastest: 0
max fanout violations count Fastest: 0
max cap violations count Fastest: 0
======================= Slowest Corner ===================================


max slew violations count Slowest: 0
max fanout violations count Slowest: 0
max cap violations count Slowest: 0
======================= Typical Corner ===================================


max slew violations count Typical: 0
max fanout violations count Typical: 0
max cap violations count Typical: 0

===========================================================================
report_parasitic_annotation -report_unannotated
============================================================================
Found 11 unannotated drivers.
 ZeroToFiveCounter_10/LO
 ZeroToFiveCounter_11/LO
 ZeroToFiveCounter_12/LO
 ZeroToFiveCounter_13/LO
 ZeroToFiveCounter_14/LO
 ZeroToFiveCounter_15/LO
 ZeroToFiveCounter_16/LO
 ZeroToFiveCounter_9/HI
 clkload0/Y
 clkload1/Y
 clkload2/Y
Found 0 partially unannotated drivers.

===========================================================================
max slew violation count 0
max fanout violation count 0
max cap violation count 0
============================================================================

===========================================================================
check_setup -verbose -unconstrained_endpoints -multiple_clock -no_clock -no_input_delay -loops -generated_clocks
===========================================================================
Warning: There is 1 input port missing set_input_delay.
  rst
Warning: There are 15 unconstrained endpoints.
  an[0]
  an[1]
  an[2]
  an[3]
  an[4]
  an[5]
  an[6]
  an[7]
  seg[0]
  seg[1]
  seg[2]
  seg[3]
  seg[4]
  seg[5]
  seg[6]
