OpenROAD b16bda7e82721d10566ff7e2b68f1ff0be9f9e38 
Features included (+) or not (-): +Charts +GPU +GUI +Python
This program is licensed under the BSD-3 license. See the LICENSE file for details.
Components of this program may be licensed under more restrictive licenses which must be honored.
define_corners Typical
read_liberty -corner Typical /root/.volare/sky130A/libs.ref/sky130_fd_sc_hd/lib/sky130_fd_sc_hd__tt_025C_1v80.lib
Using 1e-12 for capacitance...
Using 1e+03 for resistance...
Using 1e-09 for time...
Using 1e+00 for voltage...
Using 1e-03 for current...
Using 1e-09 for power...
Using 1e-06 for distance...
[INFO]: Reading ODB at '/openlane/designs/alu/runs/RUN_2025.04.21_14.13.45/results/routing/alu.odb'…
Reading design constraints file at '/openlane/scripts/base.sdc'…
[INFO]: Setting output delay to: 2.0
[INFO]: Setting input delay to: 2.0
[WARNING STA-0366] port '__VIRTUAL_CLK__' not found.
[INFO]: Setting load to: 0.033442
[INFO]: Setting clock uncertainty to: 0.25
[INFO]: Setting clock transition to: 0.15
[WARNING STA-0419] transition time can not be specified for virtual clocks.
[INFO]: Setting timing derate to: 5.0 %
Net: _024_
  Pin: _346_/B (sky130_fd_sc_hd__and2_2)
    Layer: met2
      Partial area ratio:   26.53
      Required ratio:    0.00 (Gate area) 
      Partial area ratio:  133.29
      Required ratio: 2778.20 (Side area) 
      Cumulative area ratio:   31.29
      Required ratio:    0.00 (Cumulative area) 
      Cumulative area ratio:  157.85
      Required ratio:    0.00 (Cumulative side area) 

    Layer: met1
      Partial area ratio:    4.76
      Required ratio:    0.00 (Gate area) 
      Partial area ratio:   24.56
      Required ratio:  400.00 (Side area) 
      Cumulative area ratio:    4.76
      Required ratio:    0.00 (Cumulative area) 
      Cumulative area ratio:   24.56
      Required ratio:    0.00 (Cumulative side area) 

    Layer: li1
      Partial area ratio:    0.00
      Required ratio:    0.00 (Gate area) 
      Partial area ratio:    0.00
      Required ratio:   75.00 (Side area) 
      Cumulative area ratio:    0.00
      Required ratio:    0.00 (Cumulative area) 
      Cumulative area ratio:    0.00
      Required ratio:    0.00 (Cumulative side area) 

    Via: M1M2_PR
      Partial area ratio:    0.18
      Required ratio:    6.00 (Gate area) 
      Cumulative area ratio:    0.41
      Required ratio:    0.00 (Cumulative area) 

    Via: L1M1_PR_MR
      Partial area ratio:    0.23
      Required ratio:    3.00 (Gate area) 
      Cumulative area ratio:    0.23
      Required ratio:    0.00 (Cumulative area) 

  Pin: _400_/B1 (sky130_fd_sc_hd__o21ai_2)
    Layer: met1
      Partial area ratio:    0.17
      Required ratio:    0.00 (Gate area) 
      Partial area ratio:    1.05
      Required ratio:  400.00 (Side area) 
      Cumulative area ratio:    0.17
      Required ratio:    0.00 (Cumulative area) 
      Cumulative area ratio:    1.05
      Required ratio:    0.00 (Cumulative side area) 

    Layer: li1
      Partial area ratio:    0.00
      Required ratio:    0.00 (Gate area) 
      Partial area ratio:    0.00
      Required ratio:   75.00 (Side area) 
      Cumulative area ratio:    0.00
      Required ratio:    0.00 (Cumulative area) 
      Cumulative area ratio:    0.00
      Required ratio:    0.00 (Cumulative side area) 

    Via: M1M2_PR
      Partial area ratio:    0.05
      Required ratio:    6.00 (Gate area) 
      Cumulative area ratio:    0.10
      Required ratio:    0.00 (Cumulative area) 

    Via: L1M1_PR_MR
      Partial area ratio:    0.06
      Required ratio:    3.00 (Gate area) 
      Cumulative area ratio:    0.06
      Required ratio:    0.00 (Cumulative area) 

  Pin: _401_/A (sky130_fd_sc_hd__or3_4)
    Layer: met4
      Partial area ratio:    3.86
      Required ratio:    0.00 (Gate area) 
      Partial area ratio:   21.15
      Required ratio: 2778.20 (Side area) 
      Cumulative area ratio:  172.03
      Required ratio:    0.00 (Cumulative area) 
      Cumulative area ratio:  910.69
      Required ratio:    0.00 (Cumulative side area) 

    Layer: met3
      Partial area ratio:  136.69
      Required ratio:    0.00 (Gate area) 
      Partial area ratio:  730.96
      Required ratio:  400.00 (Side area) (VIOLATED)
      Cumulative area ratio:  168.17
      Required ratio:    0.00 (Cumulative area) 
      Cumulative area ratio:  889.54
      Required ratio:    0.00 (Cumulative side area) 

    Layer: met2
      Partial area ratio:   27.49
      Required ratio:    0.00 (Gate area) 
      Partial area ratio:  137.82
      Required ratio:  400.00 (Side area) 
      Cumulative area ratio:   31.48
      Required ratio:    0.00 (Cumulative area) 
      Cumulative area ratio:  158.58
      Required ratio:    0.00 (Cumulative side area) 

    Layer: met1
      Partial area ratio:    3.99
      Required ratio:    0.00 (Gate area) 
      Partial area ratio:   20.76
      Required ratio:  400.00 (Side area) 
      Cumulative area ratio:    3.99
      Required ratio:    0.00 (Cumulative area) 
      Cumulative area ratio:   20.76
      Required ratio:    0.00 (Cumulative side area) 

    Layer: li1
      Partial area ratio:    0.00
      Required ratio:    0.00 (Gate area) 
      Partial area ratio:    0.00
      Required ratio:   75.00 (Side area) 
      Cumulative area ratio:    0.00
      Required ratio:    0.00 (Cumulative area) 
      Cumulative area ratio:    0.00
      Required ratio:    0.00 (Cumulative side area) 

    Via: M3M4_PR
      Partial area ratio:    0.16
      Required ratio:    6.00 (Gate area) 
      Cumulative area ratio:    0.53
      Required ratio:    0.00 (Cumulative area) 

    Via: M2M3_PR
      Partial area ratio:    0.16
      Required ratio:    6.00 (Gate area) 
      Cumulative area ratio:    0.37
      Required ratio:    0.00 (Cumulative area) 

    Via: M1M2_PR
      Partial area ratio:    0.09
      Required ratio:    6.00 (Gate area) 
      Cumulative area ratio:    0.21
      Required ratio:    0.00 (Cumulative area) 

    Via: L1M1_PR_MR
      Partial area ratio:    0.12
      Required ratio:    3.00 (Gate area) 
      Cumulative area ratio:    0.12
      Required ratio:    0.00 (Cumulative area) 


Net: _126_
  Pin: _450_/B2 (sky130_fd_sc_hd__o22a_1)
    Layer: met4
      Partial area ratio:  114.11
      Required ratio:    0.00 (Gate area) 
      Partial area ratio:  610.52
      Required ratio: 2851.00 (Side area) 
      Cumulative area ratio:  223.85
      Required ratio:    0.00 (Cumulative area) 
      Cumulative area ratio: 1198.00
      Required ratio:    0.00 (Cumulative side area) 

    Layer: met3
      Partial area ratio:  109.37
      Required ratio:    0.00 (Gate area) 
      Partial area ratio:  585.24
      Required ratio:  400.00 (Side area) (VIOLATED)
      Cumulative area ratio:  109.74
      Required ratio:    0.00 (Cumulative area) 
      Cumulative area ratio:  587.48
      Required ratio:    0.00 (Cumulative side area) 

    Layer: met2
      Partial area ratio:    0.37
      Required ratio:    0.00 (Gate area) 
      Partial area ratio:    2.23
      Required ratio:  400.00 (Side area) 
      Cumulative area ratio:    0.37
      Required ratio:    0.00 (Cumulative area) 
      Cumulative area ratio:    2.23
      Required ratio:    0.00 (Cumulative side area) 

    Layer: met1
      Partial area ratio:    0.00
      Required ratio:    0.00 (Gate area) 
      Partial area ratio:    0.00
      Required ratio:  400.00 (Side area) 
      Cumulative area ratio:    0.00
      Required ratio:    0.00 (Cumulative area) 
      Cumulative area ratio:    0.00
      Required ratio:    0.00 (Cumulative side area) 

    Layer: li1
      Partial area ratio:    0.00
      Required ratio:    0.00 (Gate area) 
      Partial area ratio:    0.00
      Required ratio:   75.00 (Side area) 
      Cumulative area ratio:    0.00
      Required ratio:    0.00 (Cumulative area) 
      Cumulative area ratio:    0.00
      Required ratio:    0.00 (Cumulative side area) 

    Via: M3M4_PR
      Partial area ratio:    0.16
      Required ratio:    6.00 (Gate area) 
      Cumulative area ratio:    0.53
      Required ratio:    0.00 (Cumulative area) 

    Via: M2M3_PR
      Partial area ratio:    0.16
      Required ratio:    6.00 (Gate area) 
      Cumulative area ratio:    0.37
      Required ratio:    0.00 (Cumulative area) 

    Via: M1M2_PR
      Partial area ratio:    0.09
      Required ratio:    6.00 (Gate area) 
      Cumulative area ratio:    0.21
      Required ratio:    0.00 (Cumulative area) 

    Via: L1M1_PR_MR
      Partial area ratio:    0.12
      Required ratio:    3.00 (Gate area) 
      Cumulative area ratio:    0.12
      Required ratio:    0.00 (Cumulative area) 


Net: _172_
  Pin: _498_/A2 (sky130_fd_sc_hd__o21a_1)
    Layer: met4
      Partial area ratio:   55.59
      Required ratio:    0.00 (Gate area) 
      Partial area ratio:  298.41
      Required ratio: 2969.60 (Side area) 
      Cumulative area ratio:  174.47
      Required ratio:    0.00 (Cumulative area) 
      Cumulative area ratio:  925.89
      Required ratio:    0.00 (Cumulative side area) 

    Layer: met3
      Partial area ratio:   90.97
      Required ratio:    0.00 (Gate area) 
      Partial area ratio:  487.11
      Required ratio:  400.00 (Side area) (VIOLATED)
      Cumulative area ratio:  118.88
      Required ratio:    0.00 (Cumulative area) 
      Cumulative area ratio:  627.48
      Required ratio:    0.00 (Cumulative side area) 

    Layer: met2
      Partial area ratio:   21.33
      Required ratio:    0.00 (Gate area) 
      Partial area ratio:  107.05
      Required ratio:  400.00 (Side area) 
      Cumulative area ratio:   27.92
      Required ratio:    0.00 (Cumulative area) 
      Cumulative area ratio:  140.37
      Required ratio:    0.00 (Cumulative side area) 

    Layer: met1
      Partial area ratio:    6.58
      Required ratio:    0.00 (Gate area) 
      Partial area ratio:   33.32
      Required ratio:  400.00 (Side area) 
      Cumulative area ratio:    6.58
      Required ratio:    0.00 (Cumulative area) 
      Cumulative area ratio:   33.32
      Required ratio:    0.00 (Cumulative side area) 

    Layer: li1
      Partial area ratio:    0.00
      Required ratio:    0.00 (Gate area) 
      Partial area ratio:    0.00
      Required ratio:   75.00 (Side area) 
      Cumulative area ratio:    0.00
      Required ratio:    0.00 (Cumulative area) 
      Cumulative area ratio:    0.00
      Required ratio:    0.00 (Cumulative side area) 

    Via: M3M4_PR
      Partial area ratio:    0.16
      Required ratio:    6.00 (Gate area) 
      Cumulative area ratio:    0.53
      Required ratio:    0.00 (Cumulative area) 

    Via: M2M3_PR
      Partial area ratio:    0.16
      Required ratio:    6.00 (Gate area) 
      Cumulative area ratio:    0.37
      Required ratio:    0.00 (Cumulative area) 

    Via: M1M2_PR
      Partial area ratio:    0.09
      Required ratio:    6.00 (Gate area) 
      Cumulative area ratio:    0.21
      Required ratio:    0.00 (Cumulative area) 

    Via: L1M1_PR_MR
      Partial area ratio:    0.12
      Required ratio:    3.00 (Gate area) 
      Cumulative area ratio:    0.12
      Required ratio:    0.00 (Cumulative area) 


[INFO ANT-0002] Found 3 net violations.
[INFO ANT-0001] Found 3 pin violations.
