OpenROAD b16bda7e82721d10566ff7e2b68f1ff0be9f9e38 
Features included (+) or not (-): +Charts +GPU +GUI +Python
This program is licensed under the BSD-3 license. See the LICENSE file for details.
Components of this program may be licensed under more restrictive licenses which must be honored.
[INFO ODB-0227] LEF file: /openlane/designs/ZeroToFiveCounter/runs/RUN_2025.05.23_11.22.06/tmp/merged.min.lef, created 13 layers, 25 vias, 441 library cells
[INFO ODB-0127] Reading DEF file: /openlane/designs/ZeroToFiveCounter/runs/RUN_2025.05.23_11.22.06/results/routing/ZeroToFiveCounter.def
[INFO ODB-0128] Design: ZeroToFiveCounter
[INFO ODB-0130]     Created 19 pins.
[INFO ODB-0131]     Created 3615 components and 14270 component-terminals.
[INFO ODB-0132]     Created 2 special nets and 13522 connections.
[INFO ODB-0133]     Created 224 nets and 737 connections.
[INFO ODB-0134] Finished DEF file: /openlane/designs/ZeroToFiveCounter/runs/RUN_2025.05.23_11.22.06/results/routing/ZeroToFiveCounter.def
define_corners Typical
read_liberty -corner Typical /root/.volare/sky130A/libs.ref/sky130_fd_sc_hd/lib/sky130_fd_sc_hd__tt_025C_1v80.lib
Using 1e-12 for capacitance...
Using 1e+03 for resistance...
Using 1e-09 for time...
Using 1e+00 for voltage...
Using 1e-03 for current...
Using 1e-09 for power...
Using 1e-06 for distance...
Using RCX ruleset '/root/.volare/sky130A/libs.tech/openlane/rules.openrcx.sky130A.min.calibre'...
[INFO RCX-0431] Defined process_corner X with ext_model_index 0
[INFO RCX-0029] Defined extraction corner X
[INFO RCX-0008] extracting parasitics of ZeroToFiveCounter ...
[INFO RCX-0435] Reading extraction model file /root/.volare/sky130A/libs.tech/openlane/rules.openrcx.sky130A.min.calibre ...
[INFO RCX-0436] RC segment generation ZeroToFiveCounter (max_merge_res 50.0) ...
[INFO RCX-0040] Final 1192 rc segments
[INFO RCX-0439] Coupling Cap extraction ZeroToFiveCounter ...
[INFO RCX-0440] Coupling threshhold is 0.1000 fF, coupling capacitance less than 0.1000 fF will be grounded.
[INFO RCX-0043] 3110 wires to be extracted
[INFO RCX-0442] 69% completion -- 2149 wires have been extracted
[INFO RCX-0442] 100% completion -- 3110 wires have been extracted
[INFO RCX-0045] Extract 224 nets, 1416 rsegs, 1416 caps, 2290 ccs
[INFO RCX-0015] Finished extracting ZeroToFiveCounter.
Writing result to /openlane/designs/ZeroToFiveCounter/runs/RUN_2025.05.23_11.22.06/results/routing/mca/process_corner_min/ZeroToFiveCounter.spef...
Setting global connections for newly added cells…
[WARNING] Did not save OpenROAD database!
Writing extracted parasitics to '/openlane/designs/ZeroToFiveCounter/runs/RUN_2025.05.23_11.22.06/results/routing/mca/process_corner_min/ZeroToFiveCounter.spef'…
[INFO RCX-0016] Writing SPEF ...
[INFO RCX-0443] 224 nets finished
[INFO RCX-0017] Finished writing SPEF ...
