
===========================================================================
report_checks -path_delay max (Setup)
============================================================================
======================= Typical Corner ===================================

Startpoint: _342_ (rising edge-triggered flip-flop clocked by core_clock)
Endpoint: _341_ (rising edge-triggered flip-flop clocked by core_clock)
Path Group: core_clock
Path Type: max

Fanout     Cap    Slew   Delay    Time   Description
-----------------------------------------------------------------------------
                  0.00    0.00    0.00   clock core_clock (rise edge)
                          0.00    0.00   clock network delay (ideal)
                  0.00    0.00    0.00 ^ _342_/CLK (sky130_fd_sc_hd__dfrtp_4)
     5    0.04    0.10    0.51    0.51 v _342_/Q (sky130_fd_sc_hd__dfrtp_4)
                                         one_second_counter[12] (net)
                  0.10    0.00    0.51 v _180_/C (sky130_fd_sc_hd__and4_1)
     2    0.01    0.07    0.25    0.76 v _180_/X (sky130_fd_sc_hd__and4_1)
                                         _078_ (net)
                  0.07    0.00    0.76 v _181_/D (sky130_fd_sc_hd__or4_2)
     1    0.02    0.15    0.62    1.38 v _181_/X (sky130_fd_sc_hd__or4_2)
                                         _079_ (net)
                  0.15    0.00    1.38 v _184_/A3 (sky130_fd_sc_hd__o31a_2)
     1    0.02    0.08    0.36    1.74 v _184_/X (sky130_fd_sc_hd__o31a_2)
                                         _082_ (net)
                  0.08    0.00    1.75 v _186_/A2 (sky130_fd_sc_hd__o211ai_4)
     2    0.02    0.25    0.25    2.00 ^ _186_/Y (sky130_fd_sc_hd__o211ai_4)
                                         _084_ (net)
                  0.25    0.00    2.00 ^ _187_/A2 (sky130_fd_sc_hd__a21bo_4)
     9    0.05    0.18    0.28    2.27 ^ _187_/X (sky130_fd_sc_hd__a21bo_4)
                                         _085_ (net)
                  0.18    0.00    2.28 ^ _188_/A (sky130_fd_sc_hd__inv_2)
     2    0.03    0.08    0.11    2.38 v _188_/Y (sky130_fd_sc_hd__inv_2)
                                         _086_ (net)
                  0.08    0.00    2.39 v _189_/A (sky130_fd_sc_hd__buf_4)
    10    0.06    0.08    0.21    2.59 v _189_/X (sky130_fd_sc_hd__buf_4)
                                         _027_ (net)
                  0.08    0.01    2.60 v _229_/A (sky130_fd_sc_hd__nor3_2)
     1    0.02    0.38    0.38    2.98 ^ _229_/Y (sky130_fd_sc_hd__nor3_2)
                                         _002_ (net)
                  0.38    0.00    2.98 ^ _341_/D (sky130_fd_sc_hd__dfrtp_4)
                                  2.98   data arrival time

                  0.00   10.00   10.00   clock core_clock (rise edge)
                          0.00   10.00   clock network delay (ideal)
                          0.00   10.00   clock reconvergence pessimism
                                 10.00 ^ _341_/CLK (sky130_fd_sc_hd__dfrtp_4)
                         -0.15    9.85   library setup time
                                  9.85   data required time
-----------------------------------------------------------------------------
                                  9.85   data required time
                                 -2.98   data arrival time
-----------------------------------------------------------------------------
                                  6.87   slack (MET)


Startpoint: _342_ (rising edge-triggered flip-flop clocked by core_clock)
Endpoint: _342_ (rising edge-triggered flip-flop clocked by core_clock)
Path Group: core_clock
Path Type: max

Fanout     Cap    Slew   Delay    Time   Description
-----------------------------------------------------------------------------
                  0.00    0.00    0.00   clock core_clock (rise edge)
                          0.00    0.00   clock network delay (ideal)
                  0.00    0.00    0.00 ^ _342_/CLK (sky130_fd_sc_hd__dfrtp_4)
     5    0.04    0.10    0.51    0.51 v _342_/Q (sky130_fd_sc_hd__dfrtp_4)
                                         one_second_counter[12] (net)
                  0.10    0.00    0.51 v _180_/C (sky130_fd_sc_hd__and4_1)
     2    0.01    0.07    0.25    0.76 v _180_/X (sky130_fd_sc_hd__and4_1)
                                         _078_ (net)
                  0.07    0.00    0.76 v _181_/D (sky130_fd_sc_hd__or4_2)
     1    0.02    0.15    0.62    1.38 v _181_/X (sky130_fd_sc_hd__or4_2)
                                         _079_ (net)
                  0.15    0.00    1.38 v _184_/A3 (sky130_fd_sc_hd__o31a_2)
     1    0.02    0.08    0.36    1.74 v _184_/X (sky130_fd_sc_hd__o31a_2)
                                         _082_ (net)
                  0.08    0.00    1.75 v _186_/A2 (sky130_fd_sc_hd__o211ai_4)
     2    0.02    0.25    0.25    2.00 ^ _186_/Y (sky130_fd_sc_hd__o211ai_4)
                                         _084_ (net)
                  0.25    0.00    2.00 ^ _187_/A2 (sky130_fd_sc_hd__a21bo_4)
     9    0.05    0.18    0.28    2.27 ^ _187_/X (sky130_fd_sc_hd__a21bo_4)
                                         _085_ (net)
                  0.18    0.00    2.28 ^ _202_/A (sky130_fd_sc_hd__buf_4)
    10    0.05    0.15    0.24    2.51 ^ _202_/X (sky130_fd_sc_hd__buf_4)
                                         _095_ (net)
                  0.15    0.00    2.52 ^ _232_/A (sky130_fd_sc_hd__and3_2)
     1    0.02    0.11    0.25    2.77 ^ _232_/X (sky130_fd_sc_hd__and3_2)
                                         _117_ (net)
                  0.11    0.00    2.77 ^ _233_/A (sky130_fd_sc_hd__buf_1)
     1    0.01    0.16    0.18    2.95 ^ _233_/X (sky130_fd_sc_hd__buf_1)
                                         _003_ (net)
                  0.16    0.00    2.95 ^ _342_/D (sky130_fd_sc_hd__dfrtp_4)
                                  2.95   data arrival time

                  0.00   10.00   10.00   clock core_clock (rise edge)
                          0.00   10.00   clock network delay (ideal)
                          0.00   10.00   clock reconvergence pessimism
                                 10.00 ^ _342_/CLK (sky130_fd_sc_hd__dfrtp_4)
                         -0.10    9.90   library setup time
                                  9.90   data required time
-----------------------------------------------------------------------------
                                  9.90   data required time
                                 -2.95   data arrival time
-----------------------------------------------------------------------------
                                  6.95   slack (MET)


Startpoint: _342_ (rising edge-triggered flip-flop clocked by core_clock)
Endpoint: _354_ (rising edge-triggered flip-flop clocked by core_clock)
Path Group: core_clock
Path Type: max

Fanout     Cap    Slew   Delay    Time   Description
-----------------------------------------------------------------------------
                  0.00    0.00    0.00   clock core_clock (rise edge)
                          0.00    0.00   clock network delay (ideal)
                  0.00    0.00    0.00 ^ _342_/CLK (sky130_fd_sc_hd__dfrtp_4)
     5    0.04    0.10    0.51    0.51 v _342_/Q (sky130_fd_sc_hd__dfrtp_4)
                                         one_second_counter[12] (net)
                  0.10    0.00    0.51 v _180_/C (sky130_fd_sc_hd__and4_1)
     2    0.01    0.07    0.25    0.76 v _180_/X (sky130_fd_sc_hd__and4_1)
                                         _078_ (net)
                  0.07    0.00    0.76 v _181_/D (sky130_fd_sc_hd__or4_2)
     1    0.02    0.15    0.62    1.38 v _181_/X (sky130_fd_sc_hd__or4_2)
                                         _079_ (net)
                  0.15    0.00    1.38 v _184_/A3 (sky130_fd_sc_hd__o31a_2)
     1    0.02    0.08    0.36    1.74 v _184_/X (sky130_fd_sc_hd__o31a_2)
                                         _082_ (net)
                  0.08    0.00    1.75 v _186_/A2 (sky130_fd_sc_hd__o211ai_4)
     2    0.02    0.25    0.25    2.00 ^ _186_/Y (sky130_fd_sc_hd__o211ai_4)
                                         _084_ (net)
                  0.25    0.00    2.00 ^ _187_/A2 (sky130_fd_sc_hd__a21bo_4)
     9    0.05    0.18    0.28    2.27 ^ _187_/X (sky130_fd_sc_hd__a21bo_4)
                                         _085_ (net)
                  0.18    0.00    2.28 ^ _188_/A (sky130_fd_sc_hd__inv_2)
     2    0.03    0.08    0.11    2.38 v _188_/Y (sky130_fd_sc_hd__inv_2)
                                         _086_ (net)
                  0.08    0.00    2.39 v _189_/A (sky130_fd_sc_hd__buf_4)
    10    0.06    0.08    0.21    2.59 v _189_/X (sky130_fd_sc_hd__buf_4)
                                         _027_ (net)
                  0.08    0.01    2.60 v _278_/A (sky130_fd_sc_hd__nor3_1)
     1    0.01    0.31    0.31    2.91 ^ _278_/Y (sky130_fd_sc_hd__nor3_1)
                                         _016_ (net)
                  0.31    0.00    2.91 ^ _354_/D (sky130_fd_sc_hd__dfrtp_4)
                                  2.91   data arrival time

                  0.00   10.00   10.00   clock core_clock (rise edge)
                          0.00   10.00   clock network delay (ideal)
                          0.00   10.00   clock reconvergence pessimism
                                 10.00 ^ _354_/CLK (sky130_fd_sc_hd__dfrtp_4)
                         -0.13    9.87   library setup time
                                  9.87   data required time
-----------------------------------------------------------------------------
                                  9.87   data required time
                                 -2.91   data arrival time
-----------------------------------------------------------------------------
                                  6.96   slack (MET)


Startpoint: _342_ (rising edge-triggered flip-flop clocked by core_clock)
Endpoint: _335_ (rising edge-triggered flip-flop clocked by core_clock)
Path Group: core_clock
Path Type: max

Fanout     Cap    Slew   Delay    Time   Description
-----------------------------------------------------------------------------
                  0.00    0.00    0.00   clock core_clock (rise edge)
                          0.00    0.00   clock network delay (ideal)
                  0.00    0.00    0.00 ^ _342_/CLK (sky130_fd_sc_hd__dfrtp_4)
     5    0.04    0.10    0.51    0.51 v _342_/Q (sky130_fd_sc_hd__dfrtp_4)
                                         one_second_counter[12] (net)
                  0.10    0.00    0.51 v _180_/C (sky130_fd_sc_hd__and4_1)
     2    0.01    0.07    0.25    0.76 v _180_/X (sky130_fd_sc_hd__and4_1)
                                         _078_ (net)
                  0.07    0.00    0.76 v _181_/D (sky130_fd_sc_hd__or4_2)
     1    0.02    0.15    0.62    1.38 v _181_/X (sky130_fd_sc_hd__or4_2)
                                         _079_ (net)
                  0.15    0.00    1.38 v _184_/A3 (sky130_fd_sc_hd__o31a_2)
     1    0.02    0.08    0.36    1.74 v _184_/X (sky130_fd_sc_hd__o31a_2)
                                         _082_ (net)
                  0.08    0.00    1.75 v _186_/A2 (sky130_fd_sc_hd__o211ai_4)
     2    0.02    0.25    0.25    2.00 ^ _186_/Y (sky130_fd_sc_hd__o211ai_4)
                                         _084_ (net)
                  0.25    0.00    2.00 ^ _187_/A2 (sky130_fd_sc_hd__a21bo_4)
     9    0.05    0.18    0.28    2.27 ^ _187_/X (sky130_fd_sc_hd__a21bo_4)
                                         _085_ (net)
                  0.18    0.00    2.28 ^ _188_/A (sky130_fd_sc_hd__inv_2)
     2    0.03    0.08    0.11    2.38 v _188_/Y (sky130_fd_sc_hd__inv_2)
                                         _086_ (net)
                  0.08    0.00    2.39 v _189_/A (sky130_fd_sc_hd__buf_4)
    10    0.06    0.08    0.21    2.59 v _189_/X (sky130_fd_sc_hd__buf_4)
                                         _027_ (net)
                  0.08    0.01    2.60 v _209_/A (sky130_fd_sc_hd__nor3_1)
     1    0.01    0.31    0.31    2.91 ^ _209_/Y (sky130_fd_sc_hd__nor3_1)
                                         _022_ (net)
                  0.31    0.00    2.91 ^ _335_/D (sky130_fd_sc_hd__dfrtp_4)
                                  2.91   data arrival time

                  0.00   10.00   10.00   clock core_clock (rise edge)
                          0.00   10.00   clock network delay (ideal)
                          0.00   10.00   clock reconvergence pessimism
                                 10.00 ^ _335_/CLK (sky130_fd_sc_hd__dfrtp_4)
                         -0.13    9.87   library setup time
                                  9.87   data required time
-----------------------------------------------------------------------------
                                  9.87   data required time
                                 -2.91   data arrival time
-----------------------------------------------------------------------------
                                  6.96   slack (MET)


Startpoint: _342_ (rising edge-triggered flip-flop clocked by core_clock)
Endpoint: _345_ (rising edge-triggered flip-flop clocked by core_clock)
Path Group: core_clock
Path Type: max

Fanout     Cap    Slew   Delay    Time   Description
-----------------------------------------------------------------------------
                  0.00    0.00    0.00   clock core_clock (rise edge)
                          0.00    0.00   clock network delay (ideal)
                  0.00    0.00    0.00 ^ _342_/CLK (sky130_fd_sc_hd__dfrtp_4)
     5    0.04    0.10    0.51    0.51 v _342_/Q (sky130_fd_sc_hd__dfrtp_4)
                                         one_second_counter[12] (net)
                  0.10    0.00    0.51 v _180_/C (sky130_fd_sc_hd__and4_1)
     2    0.01    0.07    0.25    0.76 v _180_/X (sky130_fd_sc_hd__and4_1)
                                         _078_ (net)
                  0.07    0.00    0.76 v _181_/D (sky130_fd_sc_hd__or4_2)
     1    0.02    0.15    0.62    1.38 v _181_/X (sky130_fd_sc_hd__or4_2)
                                         _079_ (net)
                  0.15    0.00    1.38 v _184_/A3 (sky130_fd_sc_hd__o31a_2)
     1    0.02    0.08    0.36    1.74 v _184_/X (sky130_fd_sc_hd__o31a_2)
                                         _082_ (net)
                  0.08    0.00    1.75 v _186_/A2 (sky130_fd_sc_hd__o211ai_4)
     2    0.02    0.25    0.25    2.00 ^ _186_/Y (sky130_fd_sc_hd__o211ai_4)
                                         _084_ (net)
                  0.25    0.00    2.00 ^ _187_/A2 (sky130_fd_sc_hd__a21bo_4)
     9    0.05    0.18    0.28    2.27 ^ _187_/X (sky130_fd_sc_hd__a21bo_4)
                                         _085_ (net)
                  0.18    0.00    2.28 ^ _188_/A (sky130_fd_sc_hd__inv_2)
     2    0.03    0.08    0.11    2.38 v _188_/Y (sky130_fd_sc_hd__inv_2)
                                         _086_ (net)
                  0.08    0.00    2.39 v _189_/A (sky130_fd_sc_hd__buf_4)
    10    0.06    0.08    0.21    2.59 v _189_/X (sky130_fd_sc_hd__buf_4)
                                         _027_ (net)
                  0.08    0.01    2.60 v _246_/C1 (sky130_fd_sc_hd__a211oi_1)
     1    0.01    0.32    0.29    2.89 ^ _246_/Y (sky130_fd_sc_hd__a211oi_1)
                                         _006_ (net)
                  0.32    0.00    2.89 ^ _345_/D (sky130_fd_sc_hd__dfrtp_4)
                                  2.89   data arrival time

                  0.00   10.00   10.00   clock core_clock (rise edge)
                          0.00   10.00   clock network delay (ideal)
                          0.00   10.00   clock reconvergence pessimism
                                 10.00 ^ _345_/CLK (sky130_fd_sc_hd__dfrtp_4)
                         -0.14    9.86   library setup time
                                  9.86   data required time
-----------------------------------------------------------------------------
                                  9.86   data required time
                                 -2.89   data arrival time
-----------------------------------------------------------------------------
                                  6.98   slack (MET)


Startpoint: _342_ (rising edge-triggered flip-flop clocked by core_clock)
Endpoint: _349_ (rising edge-triggered flip-flop clocked by core_clock)
Path Group: core_clock
Path Type: max

Fanout     Cap    Slew   Delay    Time   Description
-----------------------------------------------------------------------------
                  0.00    0.00    0.00   clock core_clock (rise edge)
                          0.00    0.00   clock network delay (ideal)
                  0.00    0.00    0.00 ^ _342_/CLK (sky130_fd_sc_hd__dfrtp_4)
     5    0.04    0.10    0.51    0.51 v _342_/Q (sky130_fd_sc_hd__dfrtp_4)
                                         one_second_counter[12] (net)
                  0.10    0.00    0.51 v _180_/C (sky130_fd_sc_hd__and4_1)
     2    0.01    0.07    0.25    0.76 v _180_/X (sky130_fd_sc_hd__and4_1)
                                         _078_ (net)
                  0.07    0.00    0.76 v _181_/D (sky130_fd_sc_hd__or4_2)
     1    0.02    0.15    0.62    1.38 v _181_/X (sky130_fd_sc_hd__or4_2)
                                         _079_ (net)
                  0.15    0.00    1.38 v _184_/A3 (sky130_fd_sc_hd__o31a_2)
     1    0.02    0.08    0.36    1.74 v _184_/X (sky130_fd_sc_hd__o31a_2)
                                         _082_ (net)
                  0.08    0.00    1.75 v _186_/A2 (sky130_fd_sc_hd__o211ai_4)
     2    0.02    0.25    0.25    2.00 ^ _186_/Y (sky130_fd_sc_hd__o211ai_4)
                                         _084_ (net)
                  0.25    0.00    2.00 ^ _187_/A2 (sky130_fd_sc_hd__a21bo_4)
     9    0.05    0.18    0.28    2.27 ^ _187_/X (sky130_fd_sc_hd__a21bo_4)
                                         _085_ (net)
                  0.18    0.00    2.28 ^ _202_/A (sky130_fd_sc_hd__buf_4)
    10    0.05    0.15    0.24    2.51 ^ _202_/X (sky130_fd_sc_hd__buf_4)
                                         _095_ (net)
                  0.15    0.00    2.51 ^ _260_/A (sky130_fd_sc_hd__and3_1)
     1    0.02    0.17    0.26    2.78 ^ _260_/X (sky130_fd_sc_hd__and3_1)
                                         _138_ (net)
                  0.17    0.00    2.78 ^ _261_/A (sky130_fd_sc_hd__buf_1)
     1    0.01    0.11    0.16    2.93 ^ _261_/X (sky130_fd_sc_hd__buf_1)
                                         _010_ (net)
                  0.11    0.00    2.93 ^ _349_/D (sky130_fd_sc_hd__dfrtp_4)
                                  2.93   data arrival time

                  0.00   10.00   10.00   clock core_clock (rise edge)
                          0.00   10.00   clock network delay (ideal)
                          0.00   10.00   clock reconvergence pessimism
                                 10.00 ^ _349_/CLK (sky130_fd_sc_hd__dfrtp_4)
                         -0.09    9.91   library setup time
                                  9.91   data required time
-----------------------------------------------------------------------------
                                  9.91   data required time
                                 -2.93   data arrival time
-----------------------------------------------------------------------------
                                  6.98   slack (MET)


Startpoint: _342_ (rising edge-triggered flip-flop clocked by core_clock)
Endpoint: _336_ (rising edge-triggered flip-flop clocked by core_clock)
Path Group: core_clock
Path Type: max

Fanout     Cap    Slew   Delay    Time   Description
-----------------------------------------------------------------------------
                  0.00    0.00    0.00   clock core_clock (rise edge)
                          0.00    0.00   clock network delay (ideal)
                  0.00    0.00    0.00 ^ _342_/CLK (sky130_fd_sc_hd__dfrtp_4)
     5    0.04    0.10    0.51    0.51 v _342_/Q (sky130_fd_sc_hd__dfrtp_4)
                                         one_second_counter[12] (net)
                  0.10    0.00    0.51 v _180_/C (sky130_fd_sc_hd__and4_1)
     2    0.01    0.07    0.25    0.76 v _180_/X (sky130_fd_sc_hd__and4_1)
                                         _078_ (net)
                  0.07    0.00    0.76 v _181_/D (sky130_fd_sc_hd__or4_2)
     1    0.02    0.15    0.62    1.38 v _181_/X (sky130_fd_sc_hd__or4_2)
                                         _079_ (net)
                  0.15    0.00    1.38 v _184_/A3 (sky130_fd_sc_hd__o31a_2)
     1    0.02    0.08    0.36    1.74 v _184_/X (sky130_fd_sc_hd__o31a_2)
                                         _082_ (net)
                  0.08    0.00    1.75 v _186_/A2 (sky130_fd_sc_hd__o211ai_4)
     2    0.02    0.25    0.25    2.00 ^ _186_/Y (sky130_fd_sc_hd__o211ai_4)
                                         _084_ (net)
                  0.25    0.00    2.00 ^ _187_/A2 (sky130_fd_sc_hd__a21bo_4)
     9    0.05    0.18    0.28    2.27 ^ _187_/X (sky130_fd_sc_hd__a21bo_4)
                                         _085_ (net)
                  0.18    0.00    2.28 ^ _202_/A (sky130_fd_sc_hd__buf_4)
    10    0.05    0.15    0.24    2.51 ^ _202_/X (sky130_fd_sc_hd__buf_4)
                                         _095_ (net)
                  0.15    0.00    2.52 ^ _212_/A (sky130_fd_sc_hd__and3_2)
     1    0.02    0.13    0.27    2.78 ^ _212_/X (sky130_fd_sc_hd__and3_2)
                                         _103_ (net)
                  0.13    0.00    2.79 ^ _213_/A (sky130_fd_sc_hd__buf_1)
     1    0.01    0.10    0.14    2.93 ^ _213_/X (sky130_fd_sc_hd__buf_1)
                                         _023_ (net)
                  0.10    0.00    2.93 ^ _336_/D (sky130_fd_sc_hd__dfrtp_2)
                                  2.93   data arrival time

                  0.00   10.00   10.00   clock core_clock (rise edge)
                          0.00   10.00   clock network delay (ideal)
                          0.00   10.00   clock reconvergence pessimism
                                 10.00 ^ _336_/CLK (sky130_fd_sc_hd__dfrtp_2)
                         -0.08    9.92   library setup time
                                  9.92   data required time
-----------------------------------------------------------------------------
                                  9.92   data required time
                                 -2.93   data arrival time
-----------------------------------------------------------------------------
                                  6.98   slack (MET)


Startpoint: _342_ (rising edge-triggered flip-flop clocked by core_clock)
Endpoint: _340_ (rising edge-triggered flip-flop clocked by core_clock)
Path Group: core_clock
Path Type: max

Fanout     Cap    Slew   Delay    Time   Description
-----------------------------------------------------------------------------
                  0.00    0.00    0.00   clock core_clock (rise edge)
                          0.00    0.00   clock network delay (ideal)
                  0.00    0.00    0.00 ^ _342_/CLK (sky130_fd_sc_hd__dfrtp_4)
     5    0.04    0.10    0.51    0.51 v _342_/Q (sky130_fd_sc_hd__dfrtp_4)
                                         one_second_counter[12] (net)
                  0.10    0.00    0.51 v _180_/C (sky130_fd_sc_hd__and4_1)
     2    0.01    0.07    0.25    0.76 v _180_/X (sky130_fd_sc_hd__and4_1)
                                         _078_ (net)
                  0.07    0.00    0.76 v _181_/D (sky130_fd_sc_hd__or4_2)
     1    0.02    0.15    0.62    1.38 v _181_/X (sky130_fd_sc_hd__or4_2)
                                         _079_ (net)
                  0.15    0.00    1.38 v _184_/A3 (sky130_fd_sc_hd__o31a_2)
     1    0.02    0.08    0.36    1.74 v _184_/X (sky130_fd_sc_hd__o31a_2)
                                         _082_ (net)
                  0.08    0.00    1.75 v _186_/A2 (sky130_fd_sc_hd__o211ai_4)
     2    0.02    0.25    0.25    2.00 ^ _186_/Y (sky130_fd_sc_hd__o211ai_4)
                                         _084_ (net)
                  0.25    0.00    2.00 ^ _187_/A2 (sky130_fd_sc_hd__a21bo_4)
     9    0.05    0.18    0.28    2.27 ^ _187_/X (sky130_fd_sc_hd__a21bo_4)
                                         _085_ (net)
                  0.18    0.00    2.28 ^ _202_/A (sky130_fd_sc_hd__buf_4)
    10    0.05    0.15    0.24    2.51 ^ _202_/X (sky130_fd_sc_hd__buf_4)
                                         _095_ (net)
                  0.15    0.00    2.52 ^ _225_/A (sky130_fd_sc_hd__and3_2)
     1    0.02    0.12    0.26    2.78 ^ _225_/X (sky130_fd_sc_hd__and3_2)
                                         _112_ (net)
                  0.12    0.00    2.78 ^ _226_/A (sky130_fd_sc_hd__buf_1)
     1    0.01    0.11    0.15    2.93 ^ _226_/X (sky130_fd_sc_hd__buf_1)
                                         _001_ (net)
                  0.11    0.00    2.93 ^ _340_/D (sky130_fd_sc_hd__dfrtp_4)
                                  2.93   data arrival time

                  0.00   10.00   10.00   clock core_clock (rise edge)
                          0.00   10.00   clock network delay (ideal)
                          0.00   10.00   clock reconvergence pessimism
                                 10.00 ^ _340_/CLK (sky130_fd_sc_hd__dfrtp_4)
                         -0.09    9.91   library setup time
                                  9.91   data required time
-----------------------------------------------------------------------------
                                  9.91   data required time
                                 -2.93   data arrival time
-----------------------------------------------------------------------------
                                  6.99   slack (MET)


Startpoint: _342_ (rising edge-triggered flip-flop clocked by core_clock)
Endpoint: _330_ (rising edge-triggered flip-flop clocked by core_clock)
Path Group: core_clock
Path Type: max

Fanout     Cap    Slew   Delay    Time   Description
-----------------------------------------------------------------------------
                  0.00    0.00    0.00   clock core_clock (rise edge)
                          0.00    0.00   clock network delay (ideal)
                  0.00    0.00    0.00 ^ _342_/CLK (sky130_fd_sc_hd__dfrtp_4)
     5    0.04    0.10    0.51    0.51 v _342_/Q (sky130_fd_sc_hd__dfrtp_4)
                                         one_second_counter[12] (net)
                  0.10    0.00    0.51 v _180_/C (sky130_fd_sc_hd__and4_1)
     2    0.01    0.07    0.25    0.76 v _180_/X (sky130_fd_sc_hd__and4_1)
                                         _078_ (net)
                  0.07    0.00    0.76 v _181_/D (sky130_fd_sc_hd__or4_2)
     1    0.02    0.15    0.62    1.38 v _181_/X (sky130_fd_sc_hd__or4_2)
                                         _079_ (net)
                  0.15    0.00    1.38 v _184_/A3 (sky130_fd_sc_hd__o31a_2)
     1    0.02    0.08    0.36    1.74 v _184_/X (sky130_fd_sc_hd__o31a_2)
                                         _082_ (net)
                  0.08    0.00    1.75 v _186_/A2 (sky130_fd_sc_hd__o211ai_4)
     2    0.02    0.25    0.25    2.00 ^ _186_/Y (sky130_fd_sc_hd__o211ai_4)
                                         _084_ (net)
                  0.25    0.00    2.00 ^ _187_/A2 (sky130_fd_sc_hd__a21bo_4)
     9    0.05    0.18    0.28    2.27 ^ _187_/X (sky130_fd_sc_hd__a21bo_4)
                                         _085_ (net)
                  0.18    0.00    2.28 ^ _188_/A (sky130_fd_sc_hd__inv_2)
     2    0.03    0.08    0.11    2.38 v _188_/Y (sky130_fd_sc_hd__inv_2)
                                         _086_ (net)
                  0.08    0.00    2.39 v _189_/A (sky130_fd_sc_hd__buf_4)
    10    0.06    0.08    0.21    2.59 v _189_/X (sky130_fd_sc_hd__buf_4)
                                         _027_ (net)
                  0.08    0.01    2.60 v _190_/B (sky130_fd_sc_hd__nor2_1)
     1    0.02    0.29    0.26    2.86 ^ _190_/Y (sky130_fd_sc_hd__nor2_1)
                                         _000_ (net)
                  0.29    0.00    2.86 ^ _330_/D (sky130_fd_sc_hd__dfrtp_4)
                                  2.86   data arrival time

                  0.00   10.00   10.00   clock core_clock (rise edge)
                          0.00   10.00   clock network delay (ideal)
                          0.00   10.00   clock reconvergence pessimism
                                 10.00 ^ _330_/CLK (sky130_fd_sc_hd__dfrtp_4)
                         -0.13    9.87   library setup time
                                  9.87   data required time
-----------------------------------------------------------------------------
                                  9.87   data required time
                                 -2.86   data arrival time
-----------------------------------------------------------------------------
                                  7.01   slack (MET)


Startpoint: _342_ (rising edge-triggered flip-flop clocked by core_clock)
Endpoint: _353_ (rising edge-triggered flip-flop clocked by core_clock)
Path Group: core_clock
Path Type: max

Fanout     Cap    Slew   Delay    Time   Description
-----------------------------------------------------------------------------
                  0.00    0.00    0.00   clock core_clock (rise edge)
                          0.00    0.00   clock network delay (ideal)
                  0.00    0.00    0.00 ^ _342_/CLK (sky130_fd_sc_hd__dfrtp_4)
     5    0.04    0.10    0.51    0.51 v _342_/Q (sky130_fd_sc_hd__dfrtp_4)
                                         one_second_counter[12] (net)
                  0.10    0.00    0.51 v _180_/C (sky130_fd_sc_hd__and4_1)
     2    0.01    0.07    0.25    0.76 v _180_/X (sky130_fd_sc_hd__and4_1)
                                         _078_ (net)
                  0.07    0.00    0.76 v _181_/D (sky130_fd_sc_hd__or4_2)
     1    0.02    0.15    0.62    1.38 v _181_/X (sky130_fd_sc_hd__or4_2)
                                         _079_ (net)
                  0.15    0.00    1.38 v _184_/A3 (sky130_fd_sc_hd__o31a_2)
     1    0.02    0.08    0.36    1.74 v _184_/X (sky130_fd_sc_hd__o31a_2)
                                         _082_ (net)
                  0.08    0.00    1.75 v _186_/A2 (sky130_fd_sc_hd__o211ai_4)
     2    0.02    0.25    0.25    2.00 ^ _186_/Y (sky130_fd_sc_hd__o211ai_4)
                                         _084_ (net)
                  0.25    0.00    2.00 ^ _187_/A2 (sky130_fd_sc_hd__a21bo_4)
     9    0.05    0.18    0.28    2.27 ^ _187_/X (sky130_fd_sc_hd__a21bo_4)
                                         _085_ (net)
                  0.18    0.00    2.28 ^ _188_/A (sky130_fd_sc_hd__inv_2)
     2    0.03    0.08    0.11    2.38 v _188_/Y (sky130_fd_sc_hd__inv_2)
                                         _086_ (net)
                  0.08    0.00    2.39 v _189_/A (sky130_fd_sc_hd__buf_4)
    10    0.06    0.08    0.21    2.59 v _189_/X (sky130_fd_sc_hd__buf_4)
                                         _027_ (net)
                  0.08    0.01    2.60 v _275_/C1 (sky130_fd_sc_hd__a221oi_2)
     1    0.01    0.27    0.25    2.85 ^ _275_/Y (sky130_fd_sc_hd__a221oi_2)
                                         _015_ (net)
                  0.27    0.00    2.85 ^ _353_/D (sky130_fd_sc_hd__dfrtp_2)
                                  2.85   data arrival time

                  0.00   10.00   10.00   clock core_clock (rise edge)
                          0.00   10.00   clock network delay (ideal)
                          0.00   10.00   clock reconvergence pessimism
                                 10.00 ^ _353_/CLK (sky130_fd_sc_hd__dfrtp_2)
                         -0.12    9.88   library setup time
                                  9.88   data required time
-----------------------------------------------------------------------------
                                  9.88   data required time
                                 -2.85   data arrival time
-----------------------------------------------------------------------------
                                  7.03   slack (MET)


Startpoint: _342_ (rising edge-triggered flip-flop clocked by core_clock)
Endpoint: _344_ (rising edge-triggered flip-flop clocked by core_clock)
Path Group: core_clock
Path Type: max

Fanout     Cap    Slew   Delay    Time   Description
-----------------------------------------------------------------------------
                  0.00    0.00    0.00   clock core_clock (rise edge)
                          0.00    0.00   clock network delay (ideal)
                  0.00    0.00    0.00 ^ _342_/CLK (sky130_fd_sc_hd__dfrtp_4)
     5    0.04    0.10    0.51    0.51 v _342_/Q (sky130_fd_sc_hd__dfrtp_4)
                                         one_second_counter[12] (net)
                  0.10    0.00    0.51 v _180_/C (sky130_fd_sc_hd__and4_1)
     2    0.01    0.07    0.25    0.76 v _180_/X (sky130_fd_sc_hd__and4_1)
                                         _078_ (net)
                  0.07    0.00    0.76 v _181_/D (sky130_fd_sc_hd__or4_2)
     1    0.02    0.15    0.62    1.38 v _181_/X (sky130_fd_sc_hd__or4_2)
                                         _079_ (net)
                  0.15    0.00    1.38 v _184_/A3 (sky130_fd_sc_hd__o31a_2)
     1    0.02    0.08    0.36    1.74 v _184_/X (sky130_fd_sc_hd__o31a_2)
                                         _082_ (net)
                  0.08    0.00    1.75 v _186_/A2 (sky130_fd_sc_hd__o211ai_4)
     2    0.02    0.25    0.25    2.00 ^ _186_/Y (sky130_fd_sc_hd__o211ai_4)
                                         _084_ (net)
                  0.25    0.00    2.00 ^ _187_/A2 (sky130_fd_sc_hd__a21bo_4)
     9    0.05    0.18    0.28    2.27 ^ _187_/X (sky130_fd_sc_hd__a21bo_4)
                                         _085_ (net)
                  0.18    0.00    2.28 ^ _202_/A (sky130_fd_sc_hd__buf_4)
    10    0.05    0.15    0.24    2.51 ^ _202_/X (sky130_fd_sc_hd__buf_4)
                                         _095_ (net)
                  0.15    0.00    2.52 ^ _241_/A (sky130_fd_sc_hd__and3_1)
     1    0.01    0.13    0.23    2.75 ^ _241_/X (sky130_fd_sc_hd__and3_1)
                                         _124_ (net)
                  0.13    0.00    2.75 ^ _242_/A (sky130_fd_sc_hd__clkbuf_1)
     1    0.01    0.09    0.13    2.88 ^ _242_/X (sky130_fd_sc_hd__clkbuf_1)
                                         _005_ (net)
                  0.09    0.00    2.88 ^ _344_/D (sky130_fd_sc_hd__dfrtp_4)
                                  2.88   data arrival time

                  0.00   10.00   10.00   clock core_clock (rise edge)
                          0.00   10.00   clock network delay (ideal)
                          0.00   10.00   clock reconvergence pessimism
                                 10.00 ^ _344_/CLK (sky130_fd_sc_hd__dfrtp_4)
                         -0.08    9.92   library setup time
                                  9.92   data required time
-----------------------------------------------------------------------------
                                  9.92   data required time
                                 -2.88   data arrival time
-----------------------------------------------------------------------------
                                  7.04   slack (MET)


Startpoint: _342_ (rising edge-triggered flip-flop clocked by core_clock)
Endpoint: _334_ (rising edge-triggered flip-flop clocked by core_clock)
Path Group: core_clock
Path Type: max

Fanout     Cap    Slew   Delay    Time   Description
-----------------------------------------------------------------------------
                  0.00    0.00    0.00   clock core_clock (rise edge)
                          0.00    0.00   clock network delay (ideal)
                  0.00    0.00    0.00 ^ _342_/CLK (sky130_fd_sc_hd__dfrtp_4)
     5    0.04    0.10    0.51    0.51 v _342_/Q (sky130_fd_sc_hd__dfrtp_4)
                                         one_second_counter[12] (net)
                  0.10    0.00    0.51 v _180_/C (sky130_fd_sc_hd__and4_1)
     2    0.01    0.07    0.25    0.76 v _180_/X (sky130_fd_sc_hd__and4_1)
                                         _078_ (net)
                  0.07    0.00    0.76 v _181_/D (sky130_fd_sc_hd__or4_2)
     1    0.02    0.15    0.62    1.38 v _181_/X (sky130_fd_sc_hd__or4_2)
                                         _079_ (net)
                  0.15    0.00    1.38 v _184_/A3 (sky130_fd_sc_hd__o31a_2)
     1    0.02    0.08    0.36    1.74 v _184_/X (sky130_fd_sc_hd__o31a_2)
                                         _082_ (net)
                  0.08    0.00    1.75 v _186_/A2 (sky130_fd_sc_hd__o211ai_4)
     2    0.02    0.25    0.25    2.00 ^ _186_/Y (sky130_fd_sc_hd__o211ai_4)
                                         _084_ (net)
                  0.25    0.00    2.00 ^ _187_/A2 (sky130_fd_sc_hd__a21bo_4)
     9    0.05    0.18    0.28    2.27 ^ _187_/X (sky130_fd_sc_hd__a21bo_4)
                                         _085_ (net)
                  0.18    0.00    2.28 ^ _202_/A (sky130_fd_sc_hd__buf_4)
    10    0.05    0.15    0.24    2.51 ^ _202_/X (sky130_fd_sc_hd__buf_4)
                                         _095_ (net)
                  0.15    0.00    2.52 ^ _205_/A (sky130_fd_sc_hd__and3_1)
     1    0.01    0.12    0.22    2.74 ^ _205_/X (sky130_fd_sc_hd__and3_1)
                                         _098_ (net)
                  0.12    0.00    2.74 ^ _206_/A (sky130_fd_sc_hd__buf_1)
     1    0.01    0.10    0.14    2.88 ^ _206_/X (sky130_fd_sc_hd__buf_1)
                                         _021_ (net)
                  0.10    0.00    2.88 ^ _334_/D (sky130_fd_sc_hd__dfrtp_4)
                                  2.88   data arrival time

                  0.00   10.00   10.00   clock core_clock (rise edge)
                          0.00   10.00   clock network delay (ideal)
                          0.00   10.00   clock reconvergence pessimism
                                 10.00 ^ _334_/CLK (sky130_fd_sc_hd__dfrtp_4)
                         -0.08    9.92   library setup time
                                  9.92   data required time
-----------------------------------------------------------------------------
                                  9.92   data required time
                                 -2.88   data arrival time
-----------------------------------------------------------------------------
                                  7.04   slack (MET)


Startpoint: _342_ (rising edge-triggered flip-flop clocked by core_clock)
Endpoint: _343_ (rising edge-triggered flip-flop clocked by core_clock)
Path Group: core_clock
Path Type: max

Fanout     Cap    Slew   Delay    Time   Description
-----------------------------------------------------------------------------
                  0.00    0.00    0.00   clock core_clock (rise edge)
                          0.00    0.00   clock network delay (ideal)
                  0.00    0.00    0.00 ^ _342_/CLK (sky130_fd_sc_hd__dfrtp_4)
     5    0.04    0.10    0.51    0.51 v _342_/Q (sky130_fd_sc_hd__dfrtp_4)
                                         one_second_counter[12] (net)
                  0.10    0.00    0.51 v _180_/C (sky130_fd_sc_hd__and4_1)
     2    0.01    0.07    0.25    0.76 v _180_/X (sky130_fd_sc_hd__and4_1)
                                         _078_ (net)
                  0.07    0.00    0.76 v _181_/D (sky130_fd_sc_hd__or4_2)
     1    0.02    0.15    0.62    1.38 v _181_/X (sky130_fd_sc_hd__or4_2)
                                         _079_ (net)
                  0.15    0.00    1.38 v _184_/A3 (sky130_fd_sc_hd__o31a_2)
     1    0.02    0.08    0.36    1.74 v _184_/X (sky130_fd_sc_hd__o31a_2)
                                         _082_ (net)
                  0.08    0.00    1.75 v _186_/A2 (sky130_fd_sc_hd__o211ai_4)
     2    0.02    0.25    0.25    2.00 ^ _186_/Y (sky130_fd_sc_hd__o211ai_4)
                                         _084_ (net)
                  0.25    0.00    2.00 ^ _187_/A2 (sky130_fd_sc_hd__a21bo_4)
     9    0.05    0.18    0.28    2.27 ^ _187_/X (sky130_fd_sc_hd__a21bo_4)
                                         _085_ (net)
                  0.18    0.00    2.28 ^ _202_/A (sky130_fd_sc_hd__buf_4)
    10    0.05    0.15    0.24    2.51 ^ _202_/X (sky130_fd_sc_hd__buf_4)
                                         _095_ (net)
                  0.15    0.00    2.52 ^ _236_/A (sky130_fd_sc_hd__and3_1)
     1    0.01    0.11    0.22    2.73 ^ _236_/X (sky130_fd_sc_hd__and3_1)
                                         _120_ (net)
                  0.11    0.00    2.73 ^ _237_/A (sky130_fd_sc_hd__clkbuf_1)
     1    0.01    0.08    0.13    2.86 ^ _237_/X (sky130_fd_sc_hd__clkbuf_1)
                                         _004_ (net)
                  0.08    0.00    2.86 ^ _343_/D (sky130_fd_sc_hd__dfrtp_4)
                                  2.86   data arrival time

                  0.00   10.00   10.00   clock core_clock (rise edge)
                          0.00   10.00   clock network delay (ideal)
                          0.00   10.00   clock reconvergence pessimism
                                 10.00 ^ _343_/CLK (sky130_fd_sc_hd__dfrtp_4)
                         -0.08    9.92   library setup time
                                  9.92   data required time
-----------------------------------------------------------------------------
                                  9.92   data required time
                                 -2.86   data arrival time
-----------------------------------------------------------------------------
                                  7.06   slack (MET)


Startpoint: _342_ (rising edge-triggered flip-flop clocked by core_clock)
Endpoint: _351_ (rising edge-triggered flip-flop clocked by core_clock)
Path Group: core_clock
Path Type: max

Fanout     Cap    Slew   Delay    Time   Description
-----------------------------------------------------------------------------
                  0.00    0.00    0.00   clock core_clock (rise edge)
                          0.00    0.00   clock network delay (ideal)
                  0.00    0.00    0.00 ^ _342_/CLK (sky130_fd_sc_hd__dfrtp_4)
     5    0.04    0.10    0.51    0.51 v _342_/Q (sky130_fd_sc_hd__dfrtp_4)
                                         one_second_counter[12] (net)
                  0.10    0.00    0.51 v _180_/C (sky130_fd_sc_hd__and4_1)
     2    0.01    0.07    0.25    0.76 v _180_/X (sky130_fd_sc_hd__and4_1)
                                         _078_ (net)
                  0.07    0.00    0.76 v _181_/D (sky130_fd_sc_hd__or4_2)
     1    0.02    0.15    0.62    1.38 v _181_/X (sky130_fd_sc_hd__or4_2)
                                         _079_ (net)
                  0.15    0.00    1.38 v _184_/A3 (sky130_fd_sc_hd__o31a_2)
     1    0.02    0.08    0.36    1.74 v _184_/X (sky130_fd_sc_hd__o31a_2)
                                         _082_ (net)
                  0.08    0.00    1.75 v _186_/A2 (sky130_fd_sc_hd__o211ai_4)
     2    0.02    0.25    0.25    2.00 ^ _186_/Y (sky130_fd_sc_hd__o211ai_4)
                                         _084_ (net)
                  0.25    0.00    2.00 ^ _187_/A2 (sky130_fd_sc_hd__a21bo_4)
     9    0.05    0.18    0.28    2.27 ^ _187_/X (sky130_fd_sc_hd__a21bo_4)
                                         _085_ (net)
                  0.18    0.00    2.28 ^ _188_/A (sky130_fd_sc_hd__inv_2)
     2    0.03    0.08    0.11    2.38 v _188_/Y (sky130_fd_sc_hd__inv_2)
                                         _086_ (net)
                  0.08    0.00    2.39 v _189_/A (sky130_fd_sc_hd__buf_4)
    10    0.06    0.08    0.21    2.59 v _189_/X (sky130_fd_sc_hd__buf_4)
                                         _027_ (net)
                  0.08    0.01    2.60 v _268_/C1 (sky130_fd_sc_hd__a211oi_2)
     1    0.01    0.24    0.22    2.82 ^ _268_/Y (sky130_fd_sc_hd__a211oi_2)
                                         _013_ (net)
                  0.24    0.00    2.82 ^ _351_/D (sky130_fd_sc_hd__dfrtp_4)
                                  2.82   data arrival time

                  0.00   10.00   10.00   clock core_clock (rise edge)
                          0.00   10.00   clock network delay (ideal)
                          0.00   10.00   clock reconvergence pessimism
                                 10.00 ^ _351_/CLK (sky130_fd_sc_hd__dfrtp_4)
                         -0.12    9.88   library setup time
                                  9.88   data required time
-----------------------------------------------------------------------------
                                  9.88   data required time
                                 -2.82   data arrival time
-----------------------------------------------------------------------------
                                  7.06   slack (MET)


Startpoint: _342_ (rising edge-triggered flip-flop clocked by core_clock)
Endpoint: _339_ (rising edge-triggered flip-flop clocked by core_clock)
Path Group: core_clock
Path Type: max

Fanout     Cap    Slew   Delay    Time   Description
-----------------------------------------------------------------------------
                  0.00    0.00    0.00   clock core_clock (rise edge)
                          0.00    0.00   clock network delay (ideal)
                  0.00    0.00    0.00 ^ _342_/CLK (sky130_fd_sc_hd__dfrtp_4)
     5    0.04    0.10    0.51    0.51 v _342_/Q (sky130_fd_sc_hd__dfrtp_4)
                                         one_second_counter[12] (net)
                  0.10    0.00    0.51 v _180_/C (sky130_fd_sc_hd__and4_1)
     2    0.01    0.07    0.25    0.76 v _180_/X (sky130_fd_sc_hd__and4_1)
                                         _078_ (net)
                  0.07    0.00    0.76 v _181_/D (sky130_fd_sc_hd__or4_2)
     1    0.02    0.15    0.62    1.38 v _181_/X (sky130_fd_sc_hd__or4_2)
                                         _079_ (net)
                  0.15    0.00    1.38 v _184_/A3 (sky130_fd_sc_hd__o31a_2)
     1    0.02    0.08    0.36    1.74 v _184_/X (sky130_fd_sc_hd__o31a_2)
                                         _082_ (net)
                  0.08    0.00    1.75 v _186_/A2 (sky130_fd_sc_hd__o211ai_4)
     2    0.02    0.25    0.25    2.00 ^ _186_/Y (sky130_fd_sc_hd__o211ai_4)
                                         _084_ (net)
                  0.25    0.00    2.00 ^ _187_/A2 (sky130_fd_sc_hd__a21bo_4)
     9    0.05    0.18    0.28    2.27 ^ _187_/X (sky130_fd_sc_hd__a21bo_4)
                                         _085_ (net)
                  0.18    0.00    2.28 ^ _188_/A (sky130_fd_sc_hd__inv_2)
     2    0.03    0.08    0.11    2.38 v _188_/Y (sky130_fd_sc_hd__inv_2)
                                         _086_ (net)
                  0.08    0.00    2.39 v _189_/A (sky130_fd_sc_hd__buf_4)
    10    0.06    0.08    0.21    2.59 v _189_/X (sky130_fd_sc_hd__buf_4)
                                         _027_ (net)
                  0.08    0.00    2.59 v _222_/A (sky130_fd_sc_hd__nor3_1)
     1    0.00    0.16    0.20    2.79 ^ _222_/Y (sky130_fd_sc_hd__nor3_1)
                                         _026_ (net)
                  0.16    0.00    2.79 ^ _339_/D (sky130_fd_sc_hd__dfrtp_4)
                                  2.79   data arrival time

                  0.00   10.00   10.00   clock core_clock (rise edge)
                          0.00   10.00   clock network delay (ideal)
                          0.00   10.00   clock reconvergence pessimism
                                 10.00 ^ _339_/CLK (sky130_fd_sc_hd__dfrtp_4)
                         -0.10    9.90   library setup time
                                  9.90   data required time
-----------------------------------------------------------------------------
                                  9.90   data required time
                                 -2.79   data arrival time
-----------------------------------------------------------------------------
                                  7.11   slack (MET)


Startpoint: _342_ (rising edge-triggered flip-flop clocked by core_clock)
Endpoint: _346_ (rising edge-triggered flip-flop clocked by core_clock)
Path Group: core_clock
Path Type: max

Fanout     Cap    Slew   Delay    Time   Description
-----------------------------------------------------------------------------
                  0.00    0.00    0.00   clock core_clock (rise edge)
                          0.00    0.00   clock network delay (ideal)
                  0.00    0.00    0.00 ^ _342_/CLK (sky130_fd_sc_hd__dfrtp_4)
     5    0.04    0.10    0.51    0.51 v _342_/Q (sky130_fd_sc_hd__dfrtp_4)
                                         one_second_counter[12] (net)
                  0.10    0.00    0.51 v _180_/C (sky130_fd_sc_hd__and4_1)
     2    0.01    0.07    0.25    0.76 v _180_/X (sky130_fd_sc_hd__and4_1)
                                         _078_ (net)
                  0.07    0.00    0.76 v _181_/D (sky130_fd_sc_hd__or4_2)
     1    0.02    0.15    0.62    1.38 v _181_/X (sky130_fd_sc_hd__or4_2)
                                         _079_ (net)
                  0.15    0.00    1.38 v _184_/A3 (sky130_fd_sc_hd__o31a_2)
     1    0.02    0.08    0.36    1.74 v _184_/X (sky130_fd_sc_hd__o31a_2)
                                         _082_ (net)
                  0.08    0.00    1.75 v _186_/A2 (sky130_fd_sc_hd__o211ai_4)
     2    0.02    0.25    0.25    2.00 ^ _186_/Y (sky130_fd_sc_hd__o211ai_4)
                                         _084_ (net)
                  0.25    0.00    2.00 ^ _187_/A2 (sky130_fd_sc_hd__a21bo_4)
     9    0.05    0.18    0.28    2.27 ^ _187_/X (sky130_fd_sc_hd__a21bo_4)
                                         _085_ (net)
                  0.18    0.00    2.28 ^ _202_/A (sky130_fd_sc_hd__buf_4)
    10    0.05    0.15    0.24    2.51 ^ _202_/X (sky130_fd_sc_hd__buf_4)
                                         _095_ (net)
                  0.15    0.00    2.52 ^ _249_/A (sky130_fd_sc_hd__and3_1)
     1    0.01    0.09    0.20    2.72 ^ _249_/X (sky130_fd_sc_hd__and3_1)
                                         _130_ (net)
                  0.09    0.00    2.72 ^ _250_/A (sky130_fd_sc_hd__clkbuf_1)
     1    0.00    0.05    0.10    2.82 ^ _250_/X (sky130_fd_sc_hd__clkbuf_1)
                                         _007_ (net)
                  0.05    0.00    2.82 ^ _346_/D (sky130_fd_sc_hd__dfrtp_4)
                                  2.82   data arrival time

                  0.00   10.00   10.00   clock core_clock (rise edge)
                          0.00   10.00   clock network delay (ideal)
                          0.00   10.00   clock reconvergence pessimism
                                 10.00 ^ _346_/CLK (sky130_fd_sc_hd__dfrtp_4)
                         -0.07    9.93   library setup time
                                  9.93   data required time
-----------------------------------------------------------------------------
                                  9.93   data required time
                                 -2.82   data arrival time
-----------------------------------------------------------------------------
                                  7.11   slack (MET)


Startpoint: _342_ (rising edge-triggered flip-flop clocked by core_clock)
Endpoint: _347_ (rising edge-triggered flip-flop clocked by core_clock)
Path Group: core_clock
Path Type: max

Fanout     Cap    Slew   Delay    Time   Description
-----------------------------------------------------------------------------
                  0.00    0.00    0.00   clock core_clock (rise edge)
                          0.00    0.00   clock network delay (ideal)
                  0.00    0.00    0.00 ^ _342_/CLK (sky130_fd_sc_hd__dfrtp_4)
     5    0.04    0.10    0.51    0.51 v _342_/Q (sky130_fd_sc_hd__dfrtp_4)
                                         one_second_counter[12] (net)
                  0.10    0.00    0.51 v _180_/C (sky130_fd_sc_hd__and4_1)
     2    0.01    0.07    0.25    0.76 v _180_/X (sky130_fd_sc_hd__and4_1)
                                         _078_ (net)
                  0.07    0.00    0.76 v _181_/D (sky130_fd_sc_hd__or4_2)
     1    0.02    0.15    0.62    1.38 v _181_/X (sky130_fd_sc_hd__or4_2)
                                         _079_ (net)
                  0.15    0.00    1.38 v _184_/A3 (sky130_fd_sc_hd__o31a_2)
     1    0.02    0.08    0.36    1.74 v _184_/X (sky130_fd_sc_hd__o31a_2)
                                         _082_ (net)
                  0.08    0.00    1.75 v _186_/A2 (sky130_fd_sc_hd__o211ai_4)
     2    0.02    0.25    0.25    2.00 ^ _186_/Y (sky130_fd_sc_hd__o211ai_4)
                                         _084_ (net)
                  0.25    0.00    2.00 ^ _187_/A2 (sky130_fd_sc_hd__a21bo_4)
     9    0.05    0.18    0.28    2.27 ^ _187_/X (sky130_fd_sc_hd__a21bo_4)
                                         _085_ (net)
                  0.18    0.00    2.28 ^ _188_/A (sky130_fd_sc_hd__inv_2)
     2    0.03    0.08    0.11    2.38 v _188_/Y (sky130_fd_sc_hd__inv_2)
                                         _086_ (net)
                  0.08    0.00    2.39 v _189_/A (sky130_fd_sc_hd__buf_4)
    10    0.06    0.08    0.21    2.59 v _189_/X (sky130_fd_sc_hd__buf_4)
                                         _027_ (net)
                  0.08    0.01    2.60 v _252_/A (sky130_fd_sc_hd__nor2_1)
     1    0.01    0.15    0.17    2.76 ^ _252_/Y (sky130_fd_sc_hd__nor2_1)
                                         _008_ (net)
                  0.15    0.00    2.76 ^ _347_/D (sky130_fd_sc_hd__dfrtp_4)
                                  2.76   data arrival time

                  0.00   10.00   10.00   clock core_clock (rise edge)
                          0.00   10.00   clock network delay (ideal)
                          0.00   10.00   clock reconvergence pessimism
                                 10.00 ^ _347_/CLK (sky130_fd_sc_hd__dfrtp_4)
                         -0.09    9.91   library setup time
                                  9.91   data required time
-----------------------------------------------------------------------------
                                  9.91   data required time
                                 -2.76   data arrival time
-----------------------------------------------------------------------------
                                  7.14   slack (MET)


Startpoint: _342_ (rising edge-triggered flip-flop clocked by core_clock)
Endpoint: _337_ (rising edge-triggered flip-flop clocked by core_clock)
Path Group: core_clock
Path Type: max

Fanout     Cap    Slew   Delay    Time   Description
-----------------------------------------------------------------------------
                  0.00    0.00    0.00   clock core_clock (rise edge)
                          0.00    0.00   clock network delay (ideal)
                  0.00    0.00    0.00 ^ _342_/CLK (sky130_fd_sc_hd__dfrtp_4)
     5    0.04    0.10    0.51    0.51 v _342_/Q (sky130_fd_sc_hd__dfrtp_4)
                                         one_second_counter[12] (net)
                  0.10    0.00    0.51 v _180_/C (sky130_fd_sc_hd__and4_1)
     2    0.01    0.07    0.25    0.76 v _180_/X (sky130_fd_sc_hd__and4_1)
                                         _078_ (net)
                  0.07    0.00    0.76 v _181_/D (sky130_fd_sc_hd__or4_2)
     1    0.02    0.15    0.62    1.38 v _181_/X (sky130_fd_sc_hd__or4_2)
                                         _079_ (net)
                  0.15    0.00    1.38 v _184_/A3 (sky130_fd_sc_hd__o31a_2)
     1    0.02    0.08    0.36    1.74 v _184_/X (sky130_fd_sc_hd__o31a_2)
                                         _082_ (net)
                  0.08    0.00    1.75 v _186_/A2 (sky130_fd_sc_hd__o211ai_4)
     2    0.02    0.25    0.25    2.00 ^ _186_/Y (sky130_fd_sc_hd__o211ai_4)
                                         _084_ (net)
                  0.25    0.00    2.00 ^ _187_/A2 (sky130_fd_sc_hd__a21bo_4)
     9    0.05    0.18    0.28    2.27 ^ _187_/X (sky130_fd_sc_hd__a21bo_4)
                                         _085_ (net)
                  0.18    0.00    2.28 ^ _188_/A (sky130_fd_sc_hd__inv_2)
     2    0.03    0.08    0.11    2.38 v _188_/Y (sky130_fd_sc_hd__inv_2)
                                         _086_ (net)
                  0.08    0.00    2.39 v _215_/B1 (sky130_fd_sc_hd__a211oi_1)
     1    0.01    0.30    0.31    2.70 ^ _215_/Y (sky130_fd_sc_hd__a211oi_1)
                                         _024_ (net)
                  0.30    0.00    2.70 ^ _337_/D (sky130_fd_sc_hd__dfrtp_2)
                                  2.70   data arrival time

                  0.00   10.00   10.00   clock core_clock (rise edge)
                          0.00   10.00   clock network delay (ideal)
                          0.00   10.00   clock reconvergence pessimism
                                 10.00 ^ _337_/CLK (sky130_fd_sc_hd__dfrtp_2)
                         -0.13    9.87   library setup time
                                  9.87   data required time
-----------------------------------------------------------------------------
                                  9.87   data required time
                                 -2.70   data arrival time
-----------------------------------------------------------------------------
                                  7.17   slack (MET)


Startpoint: _342_ (rising edge-triggered flip-flop clocked by core_clock)
Endpoint: _333_ (rising edge-triggered flip-flop clocked by core_clock)
Path Group: core_clock
Path Type: max

Fanout     Cap    Slew   Delay    Time   Description
-----------------------------------------------------------------------------
                  0.00    0.00    0.00   clock core_clock (rise edge)
                          0.00    0.00   clock network delay (ideal)
                  0.00    0.00    0.00 ^ _342_/CLK (sky130_fd_sc_hd__dfrtp_4)
     5    0.04    0.10    0.51    0.51 v _342_/Q (sky130_fd_sc_hd__dfrtp_4)
                                         one_second_counter[12] (net)
                  0.10    0.00    0.51 v _180_/C (sky130_fd_sc_hd__and4_1)
     2    0.01    0.07    0.25    0.76 v _180_/X (sky130_fd_sc_hd__and4_1)
                                         _078_ (net)
                  0.07    0.00    0.76 v _181_/D (sky130_fd_sc_hd__or4_2)
     1    0.02    0.15    0.62    1.38 v _181_/X (sky130_fd_sc_hd__or4_2)
                                         _079_ (net)
                  0.15    0.00    1.38 v _184_/A3 (sky130_fd_sc_hd__o31a_2)
     1    0.02    0.08    0.36    1.74 v _184_/X (sky130_fd_sc_hd__o31a_2)
                                         _082_ (net)
                  0.08    0.00    1.75 v _186_/A2 (sky130_fd_sc_hd__o211ai_4)
     2    0.02    0.25    0.25    2.00 ^ _186_/Y (sky130_fd_sc_hd__o211ai_4)
                                         _084_ (net)
                  0.25    0.00    2.00 ^ _187_/A2 (sky130_fd_sc_hd__a21bo_4)
     9    0.05    0.18    0.28    2.27 ^ _187_/X (sky130_fd_sc_hd__a21bo_4)
                                         _085_ (net)
                  0.18    0.00    2.28 ^ _200_/B (sky130_fd_sc_hd__and3b_1)
     1    0.01    0.10    0.23    2.50 ^ _200_/X (sky130_fd_sc_hd__and3b_1)
                                         _094_ (net)
                  0.10    0.00    2.50 ^ _201_/A (sky130_fd_sc_hd__clkbuf_2)
     1    0.02    0.14    0.19    2.69 ^ _201_/X (sky130_fd_sc_hd__clkbuf_2)
                                         _020_ (net)
                  0.14    0.00    2.70 ^ _333_/D (sky130_fd_sc_hd__dfrtp_4)
                                  2.70   data arrival time

                  0.00   10.00   10.00   clock core_clock (rise edge)
                          0.00   10.00   clock network delay (ideal)
                          0.00   10.00   clock reconvergence pessimism
                                 10.00 ^ _333_/CLK (sky130_fd_sc_hd__dfrtp_4)
                         -0.09    9.91   library setup time
                                  9.91   data required time
-----------------------------------------------------------------------------
                                  9.91   data required time
                                 -2.70   data arrival time
-----------------------------------------------------------------------------
                                  7.21   slack (MET)


Startpoint: _342_ (rising edge-triggered flip-flop clocked by core_clock)
Endpoint: _352_ (rising edge-triggered flip-flop clocked by core_clock)
Path Group: core_clock
Path Type: max

Fanout     Cap    Slew   Delay    Time   Description
-----------------------------------------------------------------------------
                  0.00    0.00    0.00   clock core_clock (rise edge)
                          0.00    0.00   clock network delay (ideal)
                  0.00    0.00    0.00 ^ _342_/CLK (sky130_fd_sc_hd__dfrtp_4)
     5    0.04    0.10    0.51    0.51 v _342_/Q (sky130_fd_sc_hd__dfrtp_4)
                                         one_second_counter[12] (net)
                  0.10    0.00    0.51 v _180_/C (sky130_fd_sc_hd__and4_1)
     2    0.01    0.07    0.25    0.76 v _180_/X (sky130_fd_sc_hd__and4_1)
                                         _078_ (net)
                  0.07    0.00    0.76 v _181_/D (sky130_fd_sc_hd__or4_2)
     1    0.02    0.15    0.62    1.38 v _181_/X (sky130_fd_sc_hd__or4_2)
                                         _079_ (net)
                  0.15    0.00    1.38 v _184_/A3 (sky130_fd_sc_hd__o31a_2)
     1    0.02    0.08    0.36    1.74 v _184_/X (sky130_fd_sc_hd__o31a_2)
                                         _082_ (net)
                  0.08    0.00    1.75 v _186_/A2 (sky130_fd_sc_hd__o211ai_4)
     2    0.02    0.25    0.25    2.00 ^ _186_/Y (sky130_fd_sc_hd__o211ai_4)
                                         _084_ (net)
                  0.25    0.00    2.00 ^ _187_/A2 (sky130_fd_sc_hd__a21bo_4)
     9    0.05    0.18    0.28    2.27 ^ _187_/X (sky130_fd_sc_hd__a21bo_4)
                                         _085_ (net)
                  0.18    0.00    2.28 ^ _271_/A (sky130_fd_sc_hd__and3_1)
     1    0.01    0.14    0.25    2.52 ^ _271_/X (sky130_fd_sc_hd__and3_1)
                                         _146_ (net)
                  0.14    0.00    2.53 ^ _272_/A (sky130_fd_sc_hd__buf_1)
     1    0.01    0.13    0.17    2.69 ^ _272_/X (sky130_fd_sc_hd__buf_1)
                                         _014_ (net)
                  0.13    0.00    2.69 ^ _352_/D (sky130_fd_sc_hd__dfrtp_4)
                                  2.69   data arrival time

                  0.00   10.00   10.00   clock core_clock (rise edge)
                          0.00   10.00   clock network delay (ideal)
                          0.00   10.00   clock reconvergence pessimism
                                 10.00 ^ _352_/CLK (sky130_fd_sc_hd__dfrtp_4)
                         -0.09    9.91   library setup time
                                  9.91   data required time
-----------------------------------------------------------------------------
                                  9.91   data required time
                                 -2.69   data arrival time
-----------------------------------------------------------------------------
                                  7.22   slack (MET)


Startpoint: _342_ (rising edge-triggered flip-flop clocked by core_clock)
Endpoint: _338_ (rising edge-triggered flip-flop clocked by core_clock)
Path Group: core_clock
Path Type: max

Fanout     Cap    Slew   Delay    Time   Description
-----------------------------------------------------------------------------
                  0.00    0.00    0.00   clock core_clock (rise edge)
                          0.00    0.00   clock network delay (ideal)
                  0.00    0.00    0.00 ^ _342_/CLK (sky130_fd_sc_hd__dfrtp_4)
     5    0.04    0.10    0.51    0.51 v _342_/Q (sky130_fd_sc_hd__dfrtp_4)
                                         one_second_counter[12] (net)
                  0.10    0.00    0.51 v _180_/C (sky130_fd_sc_hd__and4_1)
     2    0.01    0.07    0.25    0.76 v _180_/X (sky130_fd_sc_hd__and4_1)
                                         _078_ (net)
                  0.07    0.00    0.76 v _181_/D (sky130_fd_sc_hd__or4_2)
     1    0.02    0.15    0.62    1.38 v _181_/X (sky130_fd_sc_hd__or4_2)
                                         _079_ (net)
                  0.15    0.00    1.38 v _184_/A3 (sky130_fd_sc_hd__o31a_2)
     1    0.02    0.08    0.36    1.74 v _184_/X (sky130_fd_sc_hd__o31a_2)
                                         _082_ (net)
                  0.08    0.00    1.75 v _186_/A2 (sky130_fd_sc_hd__o211ai_4)
     2    0.02    0.25    0.25    2.00 ^ _186_/Y (sky130_fd_sc_hd__o211ai_4)
                                         _084_ (net)
                  0.25    0.00    2.00 ^ _187_/A2 (sky130_fd_sc_hd__a21bo_4)
     9    0.05    0.18    0.28    2.27 ^ _187_/X (sky130_fd_sc_hd__a21bo_4)
                                         _085_ (net)
                  0.18    0.00    2.28 ^ _218_/B (sky130_fd_sc_hd__and3_1)
     1    0.01    0.09    0.22    2.49 ^ _218_/X (sky130_fd_sc_hd__and3_1)
                                         _107_ (net)
                  0.09    0.00    2.49 ^ _219_/A (sky130_fd_sc_hd__buf_1)
     1    0.01    0.17    0.19    2.68 ^ _219_/X (sky130_fd_sc_hd__buf_1)
                                         _025_ (net)
                  0.17    0.00    2.68 ^ _338_/D (sky130_fd_sc_hd__dfrtp_4)
                                  2.68   data arrival time

                  0.00   10.00   10.00   clock core_clock (rise edge)
                          0.00   10.00   clock network delay (ideal)
                          0.00   10.00   clock reconvergence pessimism
                                 10.00 ^ _338_/CLK (sky130_fd_sc_hd__dfrtp_4)
                         -0.10    9.90   library setup time
                                  9.90   data required time
-----------------------------------------------------------------------------
                                  9.90   data required time
                                 -2.68   data arrival time
-----------------------------------------------------------------------------
                                  7.22   slack (MET)


Startpoint: _342_ (rising edge-triggered flip-flop clocked by core_clock)
Endpoint: _356_ (rising edge-triggered flip-flop clocked by core_clock)
Path Group: core_clock
Path Type: max

Fanout     Cap    Slew   Delay    Time   Description
-----------------------------------------------------------------------------
                  0.00    0.00    0.00   clock core_clock (rise edge)
                          0.00    0.00   clock network delay (ideal)
                  0.00    0.00    0.00 ^ _342_/CLK (sky130_fd_sc_hd__dfrtp_4)
     5    0.04    0.10    0.51    0.51 v _342_/Q (sky130_fd_sc_hd__dfrtp_4)
                                         one_second_counter[12] (net)
                  0.10    0.00    0.51 v _180_/C (sky130_fd_sc_hd__and4_1)
     2    0.01    0.07    0.25    0.76 v _180_/X (sky130_fd_sc_hd__and4_1)
                                         _078_ (net)
                  0.07    0.00    0.76 v _181_/D (sky130_fd_sc_hd__or4_2)
     1    0.02    0.15    0.62    1.38 v _181_/X (sky130_fd_sc_hd__or4_2)
                                         _079_ (net)
                  0.15    0.00    1.38 v _184_/A3 (sky130_fd_sc_hd__o31a_2)
     1    0.02    0.08    0.36    1.74 v _184_/X (sky130_fd_sc_hd__o31a_2)
                                         _082_ (net)
                  0.08    0.00    1.75 v _186_/A2 (sky130_fd_sc_hd__o211ai_4)
     2    0.02    0.25    0.25    2.00 ^ _186_/Y (sky130_fd_sc_hd__o211ai_4)
                                         _084_ (net)
                  0.25    0.00    2.00 ^ _187_/A2 (sky130_fd_sc_hd__a21bo_4)
     9    0.05    0.18    0.28    2.27 ^ _187_/X (sky130_fd_sc_hd__a21bo_4)
                                         _085_ (net)
                  0.18    0.00    2.28 ^ _202_/A (sky130_fd_sc_hd__buf_4)
    10    0.05    0.15    0.24    2.51 ^ _202_/X (sky130_fd_sc_hd__buf_4)
                                         _095_ (net)
                  0.15    0.00    2.52 ^ _284_/B1 (sky130_fd_sc_hd__o211a_1)
     1    0.01    0.06    0.18    2.70 ^ _284_/X (sky130_fd_sc_hd__o211a_1)
                                         _018_ (net)
                  0.06    0.00    2.70 ^ _356_/D (sky130_fd_sc_hd__dfrtp_1)
                                  2.70   data arrival time

                  0.00   10.00   10.00   clock core_clock (rise edge)
                          0.00   10.00   clock network delay (ideal)
                          0.00   10.00   clock reconvergence pessimism
                                 10.00 ^ _356_/CLK (sky130_fd_sc_hd__dfrtp_1)
                         -0.07    9.93   library setup time
                                  9.93   data required time
-----------------------------------------------------------------------------
                                  9.93   data required time
                                 -2.70   data arrival time
-----------------------------------------------------------------------------
                                  7.23   slack (MET)


Startpoint: _342_ (rising edge-triggered flip-flop clocked by core_clock)
Endpoint: _332_ (rising edge-triggered flip-flop clocked by core_clock)
Path Group: core_clock
Path Type: max

Fanout     Cap    Slew   Delay    Time   Description
-----------------------------------------------------------------------------
                  0.00    0.00    0.00   clock core_clock (rise edge)
                          0.00    0.00   clock network delay (ideal)
                  0.00    0.00    0.00 ^ _342_/CLK (sky130_fd_sc_hd__dfrtp_4)
     5    0.04    0.10    0.51    0.51 v _342_/Q (sky130_fd_sc_hd__dfrtp_4)
                                         one_second_counter[12] (net)
                  0.10    0.00    0.51 v _180_/C (sky130_fd_sc_hd__and4_1)
     2    0.01    0.07    0.25    0.76 v _180_/X (sky130_fd_sc_hd__and4_1)
                                         _078_ (net)
                  0.07    0.00    0.76 v _181_/D (sky130_fd_sc_hd__or4_2)
     1    0.02    0.15    0.62    1.38 v _181_/X (sky130_fd_sc_hd__or4_2)
                                         _079_ (net)
                  0.15    0.00    1.38 v _184_/A3 (sky130_fd_sc_hd__o31a_2)
     1    0.02    0.08    0.36    1.74 v _184_/X (sky130_fd_sc_hd__o31a_2)
                                         _082_ (net)
                  0.08    0.00    1.75 v _186_/A2 (sky130_fd_sc_hd__o211ai_4)
     2    0.02    0.25    0.25    2.00 ^ _186_/Y (sky130_fd_sc_hd__o211ai_4)
                                         _084_ (net)
                  0.25    0.00    2.00 ^ _187_/A2 (sky130_fd_sc_hd__a21bo_4)
     9    0.05    0.18    0.28    2.27 ^ _187_/X (sky130_fd_sc_hd__a21bo_4)
                                         _085_ (net)
                  0.18    0.00    2.28 ^ _197_/B (sky130_fd_sc_hd__and3_1)
     1    0.01    0.07    0.20    2.48 ^ _197_/X (sky130_fd_sc_hd__and3_1)
                                         _092_ (net)
                  0.07    0.00    2.48 ^ _198_/A (sky130_fd_sc_hd__dlymetal6s2s_1)
     1    0.02    0.17    0.19    2.66 ^ _198_/X (sky130_fd_sc_hd__dlymetal6s2s_1)
                                         _019_ (net)
                  0.17    0.00    2.66 ^ _332_/D (sky130_fd_sc_hd__dfrtp_4)
                                  2.66   data arrival time

                  0.00   10.00   10.00   clock core_clock (rise edge)
                          0.00   10.00   clock network delay (ideal)
                          0.00   10.00   clock reconvergence pessimism
                                 10.00 ^ _332_/CLK (sky130_fd_sc_hd__dfrtp_4)
                         -0.10    9.90   library setup time
                                  9.90   data required time
-----------------------------------------------------------------------------
                                  9.90   data required time
                                 -2.66   data arrival time
-----------------------------------------------------------------------------
                                  7.24   slack (MET)


Startpoint: _342_ (rising edge-triggered flip-flop clocked by core_clock)
Endpoint: _348_ (rising edge-triggered flip-flop clocked by core_clock)
Path Group: core_clock
Path Type: max

Fanout     Cap    Slew   Delay    Time   Description
-----------------------------------------------------------------------------
                  0.00    0.00    0.00   clock core_clock (rise edge)
                          0.00    0.00   clock network delay (ideal)
                  0.00    0.00    0.00 ^ _342_/CLK (sky130_fd_sc_hd__dfrtp_4)
     5    0.04    0.10    0.51    0.51 v _342_/Q (sky130_fd_sc_hd__dfrtp_4)
                                         one_second_counter[12] (net)
                  0.10    0.00    0.51 v _180_/C (sky130_fd_sc_hd__and4_1)
     2    0.01    0.07    0.25    0.76 v _180_/X (sky130_fd_sc_hd__and4_1)
                                         _078_ (net)
                  0.07    0.00    0.76 v _181_/D (sky130_fd_sc_hd__or4_2)
     1    0.02    0.15    0.62    1.38 v _181_/X (sky130_fd_sc_hd__or4_2)
                                         _079_ (net)
                  0.15    0.00    1.38 v _184_/A3 (sky130_fd_sc_hd__o31a_2)
     1    0.02    0.08    0.36    1.74 v _184_/X (sky130_fd_sc_hd__o31a_2)
                                         _082_ (net)
                  0.08    0.00    1.75 v _186_/A2 (sky130_fd_sc_hd__o211ai_4)
     2    0.02    0.25    0.25    2.00 ^ _186_/Y (sky130_fd_sc_hd__o211ai_4)
                                         _084_ (net)
                  0.25    0.00    2.00 ^ _187_/A2 (sky130_fd_sc_hd__a21bo_4)
     9    0.05    0.18    0.28    2.27 ^ _187_/X (sky130_fd_sc_hd__a21bo_4)
                                         _085_ (net)
                  0.18    0.00    2.28 ^ _202_/A (sky130_fd_sc_hd__buf_4)
    10    0.05    0.15    0.24    2.51 ^ _202_/X (sky130_fd_sc_hd__buf_4)
                                         _095_ (net)
                  0.15    0.00    2.52 ^ _255_/C1 (sky130_fd_sc_hd__o211a_1)
     1    0.00    0.06    0.17    2.69 ^ _255_/X (sky130_fd_sc_hd__o211a_1)
                                         _009_ (net)
                  0.06    0.00    2.69 ^ _348_/D (sky130_fd_sc_hd__dfrtp_4)
                                  2.69   data arrival time

                  0.00   10.00   10.00   clock core_clock (rise edge)
                          0.00   10.00   clock network delay (ideal)
                          0.00   10.00   clock reconvergence pessimism
                                 10.00 ^ _348_/CLK (sky130_fd_sc_hd__dfrtp_4)
                         -0.07    9.93   library setup time
                                  9.93   data required time
-----------------------------------------------------------------------------
                                  9.93   data required time
                                 -2.69   data arrival time
-----------------------------------------------------------------------------
                                  7.24   slack (MET)


Startpoint: _342_ (rising edge-triggered flip-flop clocked by core_clock)
Endpoint: _357_ (rising edge-triggered flip-flop clocked by core_clock)
Path Group: core_clock
Path Type: max

Fanout     Cap    Slew   Delay    Time   Description
-----------------------------------------------------------------------------
                  0.00    0.00    0.00   clock core_clock (rise edge)
                          0.00    0.00   clock network delay (ideal)
                  0.00    0.00    0.00 ^ _342_/CLK (sky130_fd_sc_hd__dfrtp_4)
     5    0.04    0.10    0.51    0.51 v _342_/Q (sky130_fd_sc_hd__dfrtp_4)
                                         one_second_counter[12] (net)
                  0.10    0.00    0.51 v _180_/C (sky130_fd_sc_hd__and4_1)
     2    0.01    0.07    0.25    0.76 v _180_/X (sky130_fd_sc_hd__and4_1)
                                         _078_ (net)
                  0.07    0.00    0.76 v _181_/D (sky130_fd_sc_hd__or4_2)
     1    0.02    0.15    0.62    1.38 v _181_/X (sky130_fd_sc_hd__or4_2)
                                         _079_ (net)
                  0.15    0.00    1.38 v _184_/A3 (sky130_fd_sc_hd__o31a_2)
     1    0.02    0.08    0.36    1.74 v _184_/X (sky130_fd_sc_hd__o31a_2)
                                         _082_ (net)
                  0.08    0.00    1.75 v _186_/A2 (sky130_fd_sc_hd__o211ai_4)
     2    0.02    0.25    0.25    2.00 ^ _186_/Y (sky130_fd_sc_hd__o211ai_4)
                                         _084_ (net)
                  0.25    0.00    2.00 ^ _187_/A2 (sky130_fd_sc_hd__a21bo_4)
     9    0.05    0.18    0.28    2.27 ^ _187_/X (sky130_fd_sc_hd__a21bo_4)
                                         _085_ (net)
                  0.18    0.00    2.28 ^ _188_/A (sky130_fd_sc_hd__inv_2)
     2    0.03    0.08    0.11    2.38 v _188_/Y (sky130_fd_sc_hd__inv_2)
                                         _086_ (net)
                  0.08    0.00    2.39 v _189_/A (sky130_fd_sc_hd__buf_4)
    10    0.06    0.08    0.21    2.59 v _189_/X (sky130_fd_sc_hd__buf_4)
                                         _027_ (net)
                  0.08    0.01    2.60 v _357_/D (sky130_fd_sc_hd__dfrtp_4)
                                  2.60   data arrival time

                  0.00   10.00   10.00   clock core_clock (rise edge)
                          0.00   10.00   clock network delay (ideal)
                          0.00   10.00   clock reconvergence pessimism
                                 10.00 ^ _357_/CLK (sky130_fd_sc_hd__dfrtp_4)
                         -0.14    9.86   library setup time
                                  9.86   data required time
-----------------------------------------------------------------------------
                                  9.86   data required time
                                 -2.60   data arrival time
-----------------------------------------------------------------------------
                                  7.26   slack (MET)


Startpoint: _342_ (rising edge-triggered flip-flop clocked by core_clock)
Endpoint: _331_ (rising edge-triggered flip-flop clocked by core_clock)
Path Group: core_clock
Path Type: max

Fanout     Cap    Slew   Delay    Time   Description
-----------------------------------------------------------------------------
                  0.00    0.00    0.00   clock core_clock (rise edge)
                          0.00    0.00   clock network delay (ideal)
                  0.00    0.00    0.00 ^ _342_/CLK (sky130_fd_sc_hd__dfrtp_4)
     5    0.04    0.10    0.51    0.51 v _342_/Q (sky130_fd_sc_hd__dfrtp_4)
                                         one_second_counter[12] (net)
                  0.10    0.00    0.51 v _180_/C (sky130_fd_sc_hd__and4_1)
     2    0.01    0.07    0.25    0.76 v _180_/X (sky130_fd_sc_hd__and4_1)
                                         _078_ (net)
                  0.07    0.00    0.76 v _181_/D (sky130_fd_sc_hd__or4_2)
     1    0.02    0.15    0.62    1.38 v _181_/X (sky130_fd_sc_hd__or4_2)
                                         _079_ (net)
                  0.15    0.00    1.38 v _184_/A3 (sky130_fd_sc_hd__o31a_2)
     1    0.02    0.08    0.36    1.74 v _184_/X (sky130_fd_sc_hd__o31a_2)
                                         _082_ (net)
                  0.08    0.00    1.75 v _186_/A2 (sky130_fd_sc_hd__o211ai_4)
     2    0.02    0.25    0.25    2.00 ^ _186_/Y (sky130_fd_sc_hd__o211ai_4)
                                         _084_ (net)
                  0.25    0.00    2.00 ^ _187_/A2 (sky130_fd_sc_hd__a21bo_4)
     9    0.05    0.18    0.28    2.27 ^ _187_/X (sky130_fd_sc_hd__a21bo_4)
                                         _085_ (net)
                  0.18    0.00    2.28 ^ _193_/B (sky130_fd_sc_hd__and3_1)
     1    0.01    0.09    0.22    2.49 ^ _193_/X (sky130_fd_sc_hd__and3_1)
                                         _089_ (net)
                  0.09    0.00    2.49 ^ _194_/A (sky130_fd_sc_hd__buf_1)
     1    0.01    0.13    0.16    2.65 ^ _194_/X (sky130_fd_sc_hd__buf_1)
                                         _011_ (net)
                  0.13    0.00    2.65 ^ _331_/D (sky130_fd_sc_hd__dfrtp_4)
                                  2.65   data arrival time

                  0.00   10.00   10.00   clock core_clock (rise edge)
                          0.00   10.00   clock network delay (ideal)
                          0.00   10.00   clock reconvergence pessimism
                                 10.00 ^ _331_/CLK (sky130_fd_sc_hd__dfrtp_4)
                         -0.09    9.91   library setup time
                                  9.91   data required time
-----------------------------------------------------------------------------
                                  9.91   data required time
                                 -2.65   data arrival time
-----------------------------------------------------------------------------
                                  7.26   slack (MET)


Startpoint: _342_ (rising edge-triggered flip-flop clocked by core_clock)
Endpoint: _355_ (rising edge-triggered flip-flop clocked by core_clock)
Path Group: core_clock
Path Type: max

Fanout     Cap    Slew   Delay    Time   Description
-----------------------------------------------------------------------------
                  0.00    0.00    0.00   clock core_clock (rise edge)
                          0.00    0.00   clock network delay (ideal)
                  0.00    0.00    0.00 ^ _342_/CLK (sky130_fd_sc_hd__dfrtp_4)
     5    0.04    0.10    0.51    0.51 v _342_/Q (sky130_fd_sc_hd__dfrtp_4)
                                         one_second_counter[12] (net)
                  0.10    0.00    0.51 v _180_/C (sky130_fd_sc_hd__and4_1)
     2    0.01    0.07    0.25    0.76 v _180_/X (sky130_fd_sc_hd__and4_1)
                                         _078_ (net)
                  0.07    0.00    0.76 v _181_/D (sky130_fd_sc_hd__or4_2)
     1    0.02    0.15    0.62    1.38 v _181_/X (sky130_fd_sc_hd__or4_2)
                                         _079_ (net)
                  0.15    0.00    1.38 v _184_/A3 (sky130_fd_sc_hd__o31a_2)
     1    0.02    0.08    0.36    1.74 v _184_/X (sky130_fd_sc_hd__o31a_2)
                                         _082_ (net)
                  0.08    0.00    1.75 v _186_/A2 (sky130_fd_sc_hd__o211ai_4)
     2    0.02    0.25    0.25    2.00 ^ _186_/Y (sky130_fd_sc_hd__o211ai_4)
                                         _084_ (net)
                  0.25    0.00    2.00 ^ _187_/A2 (sky130_fd_sc_hd__a21bo_4)
     9    0.05    0.18    0.28    2.27 ^ _187_/X (sky130_fd_sc_hd__a21bo_4)
                                         _085_ (net)
                  0.18    0.00    2.28 ^ _281_/A (sky130_fd_sc_hd__and3_1)
     1    0.01    0.11    0.23    2.51 ^ _281_/X (sky130_fd_sc_hd__and3_1)
                                         _153_ (net)
                  0.11    0.00    2.51 ^ _282_/A (sky130_fd_sc_hd__clkbuf_1)
     1    0.01    0.07    0.12    2.63 ^ _282_/X (sky130_fd_sc_hd__clkbuf_1)
                                         _017_ (net)
                  0.07    0.00    2.63 ^ _355_/D (sky130_fd_sc_hd__dfrtp_4)
                                  2.63   data arrival time

                  0.00   10.00   10.00   clock core_clock (rise edge)
                          0.00   10.00   clock network delay (ideal)
                          0.00   10.00   clock reconvergence pessimism
                                 10.00 ^ _355_/CLK (sky130_fd_sc_hd__dfrtp_4)
                         -0.08    9.92   library setup time
                                  9.92   data required time
-----------------------------------------------------------------------------
                                  9.92   data required time
                                 -2.63   data arrival time
-----------------------------------------------------------------------------
                                  7.29   slack (MET)


Startpoint: _342_ (rising edge-triggered flip-flop clocked by core_clock)
Endpoint: _350_ (rising edge-triggered flip-flop clocked by core_clock)
Path Group: core_clock
Path Type: max

Fanout     Cap    Slew   Delay    Time   Description
-----------------------------------------------------------------------------
                  0.00    0.00    0.00   clock core_clock (rise edge)
                          0.00    0.00   clock network delay (ideal)
                  0.00    0.00    0.00 ^ _342_/CLK (sky130_fd_sc_hd__dfrtp_4)
     5    0.04    0.10    0.51    0.51 v _342_/Q (sky130_fd_sc_hd__dfrtp_4)
                                         one_second_counter[12] (net)
                  0.10    0.00    0.51 v _180_/C (sky130_fd_sc_hd__and4_1)
     2    0.01    0.07    0.25    0.76 v _180_/X (sky130_fd_sc_hd__and4_1)
                                         _078_ (net)
                  0.07    0.00    0.76 v _181_/D (sky130_fd_sc_hd__or4_2)
     1    0.02    0.15    0.62    1.38 v _181_/X (sky130_fd_sc_hd__or4_2)
                                         _079_ (net)
                  0.15    0.00    1.38 v _184_/A3 (sky130_fd_sc_hd__o31a_2)
     1    0.02    0.08    0.36    1.74 v _184_/X (sky130_fd_sc_hd__o31a_2)
                                         _082_ (net)
                  0.08    0.00    1.75 v _186_/A2 (sky130_fd_sc_hd__o211ai_4)
     2    0.02    0.25    0.25    2.00 ^ _186_/Y (sky130_fd_sc_hd__o211ai_4)
                                         _084_ (net)
                  0.25    0.00    2.00 ^ _187_/A2 (sky130_fd_sc_hd__a21bo_4)
     9    0.05    0.18    0.28    2.27 ^ _187_/X (sky130_fd_sc_hd__a21bo_4)
                                         _085_ (net)
                  0.18    0.00    2.28 ^ _264_/A (sky130_fd_sc_hd__and3_1)
     1    0.00    0.06    0.18    2.46 ^ _264_/X (sky130_fd_sc_hd__and3_1)
                                         _141_ (net)
                  0.06    0.00    2.46 ^ _265_/A (sky130_fd_sc_hd__buf_1)
     1    0.01    0.13    0.15    2.60 ^ _265_/X (sky130_fd_sc_hd__buf_1)
                                         _012_ (net)
                  0.13    0.00    2.60 ^ _350_/D (sky130_fd_sc_hd__dfrtp_4)
                                  2.60   data arrival time

                  0.00   10.00   10.00   clock core_clock (rise edge)
                          0.00   10.00   clock network delay (ideal)
                          0.00   10.00   clock reconvergence pessimism
                                 10.00 ^ _350_/CLK (sky130_fd_sc_hd__dfrtp_4)
                         -0.09    9.91   library setup time
                                  9.91   data required time
-----------------------------------------------------------------------------
                                  9.91   data required time
                                 -2.60   data arrival time
-----------------------------------------------------------------------------
                                  7.30   slack (MET)


Startpoint: _361_ (rising edge-triggered flip-flop clocked by core_clock)
Endpoint: _360_ (rising edge-triggered flip-flop clocked by core_clock)
Path Group: core_clock
Path Type: max

Fanout     Cap    Slew   Delay    Time   Description
-----------------------------------------------------------------------------
                  0.00    0.00    0.00   clock core_clock (rise edge)
                          0.00    0.00   clock network delay (ideal)
                  0.00    0.00    0.00 ^ _361_/CLK (sky130_fd_sc_hd__dfrtp_4)
     6    0.06    0.12    0.54    0.54 v _361_/Q (sky130_fd_sc_hd__dfrtp_4)
                                         decoder.digit[3] (net)
                  0.12    0.00    0.54 v _165_/A (sky130_fd_sc_hd__nor2_2)
     2    0.03    0.33    0.32    0.87 ^ _165_/Y (sky130_fd_sc_hd__nor2_2)
                                         _066_ (net)
                  0.33    0.00    0.87 ^ _166_/B (sky130_fd_sc_hd__nand2_4)
     3    0.03    0.10    0.13    1.00 v _166_/Y (sky130_fd_sc_hd__nand2_4)
                                         _067_ (net)
                  0.10    0.00    1.00 v _167_/B (sky130_fd_sc_hd__nor2_2)
     3    0.02    0.22    0.21    1.21 ^ _167_/Y (sky130_fd_sc_hd__nor2_2)
                                         _068_ (net)
                  0.22    0.00    1.21 ^ _168_/A2_N (sky130_fd_sc_hd__o2bb2a_1)
     1    0.01    0.07    0.26    1.47 v _168_/X (sky130_fd_sc_hd__o2bb2a_1)
                                         _069_ (net)
                  0.07    0.00    1.47 v _169_/B (sky130_fd_sc_hd__and2_1)
     1    0.01    0.06    0.18    1.66 v _169_/X (sky130_fd_sc_hd__and2_1)
                                         _070_ (net)
                  0.06    0.00    1.66 v _170_/A (sky130_fd_sc_hd__buf_1)
     1    0.01    0.07    0.13    1.79 v _170_/X (sky130_fd_sc_hd__buf_1)
                                         _062_ (net)
                  0.07    0.00    1.79 v _360_/D (sky130_fd_sc_hd__dfrtp_4)
                                  1.79   data arrival time

                  0.00   10.00   10.00   clock core_clock (rise edge)
                          0.00   10.00   clock network delay (ideal)
                          0.00   10.00   clock reconvergence pessimism
                                 10.00 ^ _360_/CLK (sky130_fd_sc_hd__dfrtp_4)
                         -0.14    9.86   library setup time
                                  9.86   data required time
-----------------------------------------------------------------------------
                                  9.86   data required time
                                 -1.79   data arrival time
-----------------------------------------------------------------------------
                                  8.07   slack (MET)


Startpoint: _361_ (rising edge-triggered flip-flop clocked by core_clock)
Endpoint: _358_ (rising edge-triggered flip-flop clocked by core_clock)
Path Group: core_clock
Path Type: max

Fanout     Cap    Slew   Delay    Time   Description
-----------------------------------------------------------------------------
                  0.00    0.00    0.00   clock core_clock (rise edge)
                          0.00    0.00   clock network delay (ideal)
                  0.00    0.00    0.00 ^ _361_/CLK (sky130_fd_sc_hd__dfrtp_4)
     6    0.06    0.12    0.54    0.54 v _361_/Q (sky130_fd_sc_hd__dfrtp_4)
                                         decoder.digit[3] (net)
                  0.12    0.00    0.54 v _165_/A (sky130_fd_sc_hd__nor2_2)
     2    0.03    0.33    0.32    0.87 ^ _165_/Y (sky130_fd_sc_hd__nor2_2)
                                         _066_ (net)
                  0.33    0.00    0.87 ^ _166_/B (sky130_fd_sc_hd__nand2_4)
     3    0.03    0.10    0.13    1.00 v _166_/Y (sky130_fd_sc_hd__nand2_4)
                                         _067_ (net)
                  0.10    0.00    1.00 v _173_/A2 (sky130_fd_sc_hd__a21oi_2)
     1    0.01    0.20    0.24    1.24 ^ _173_/Y (sky130_fd_sc_hd__a21oi_2)
                                         _072_ (net)
                  0.20    0.00    1.24 ^ _174_/B1 (sky130_fd_sc_hd__a21oi_1)
     1    0.01    0.09    0.10    1.34 v _174_/Y (sky130_fd_sc_hd__a21oi_1)
                                         _060_ (net)
                  0.09    0.00    1.34 v _358_/D (sky130_fd_sc_hd__dfrtp_4)
                                  1.34   data arrival time

                  0.00   10.00   10.00   clock core_clock (rise edge)
                          0.00   10.00   clock network delay (ideal)
                          0.00   10.00   clock reconvergence pessimism
                                 10.00 ^ _358_/CLK (sky130_fd_sc_hd__dfrtp_4)
                         -0.14    9.86   library setup time
                                  9.86   data required time
-----------------------------------------------------------------------------
                                  9.86   data required time
                                 -1.34   data arrival time
-----------------------------------------------------------------------------
                                  8.52   slack (MET)


Startpoint: _358_ (rising edge-triggered flip-flop clocked by core_clock)
Endpoint: _361_ (rising edge-triggered flip-flop clocked by core_clock)
Path Group: core_clock
Path Type: max

Fanout     Cap    Slew   Delay    Time   Description
-----------------------------------------------------------------------------
                  0.00    0.00    0.00   clock core_clock (rise edge)
                          0.00    0.00   clock network delay (ideal)
                  0.00    0.00    0.00 ^ _358_/CLK (sky130_fd_sc_hd__dfrtp_4)
     8    0.06    0.18    0.50    0.50 ^ _358_/Q (sky130_fd_sc_hd__dfrtp_4)
                                         decoder.digit[0] (net)
                  0.18    0.00    0.50 ^ _162_/C (sky130_fd_sc_hd__and3_2)
     3    0.03    0.17    0.31    0.82 ^ _162_/X (sky130_fd_sc_hd__and3_2)
                                         _064_ (net)
                  0.17    0.00    0.82 ^ _163_/B (sky130_fd_sc_hd__nand2_2)
     2    0.03    0.12    0.14    0.96 v _163_/Y (sky130_fd_sc_hd__nand2_2)
                                         _065_ (net)
                  0.12    0.00    0.97 v _164_/B (sky130_fd_sc_hd__xnor2_2)
     1    0.01    0.23    0.24    1.20 ^ _164_/Y (sky130_fd_sc_hd__xnor2_2)
                                         _063_ (net)
                  0.23    0.00    1.20 ^ _361_/D (sky130_fd_sc_hd__dfrtp_4)
                                  1.20   data arrival time

                  0.00   10.00   10.00   clock core_clock (rise edge)
                          0.00   10.00   clock network delay (ideal)
                          0.00   10.00   clock reconvergence pessimism
                                 10.00 ^ _361_/CLK (sky130_fd_sc_hd__dfrtp_4)
                         -0.11    9.89   library setup time
                                  9.89   data required time
-----------------------------------------------------------------------------
                                  9.89   data required time
                                 -1.20   data arrival time
-----------------------------------------------------------------------------
                                  8.68   slack (MET)


Startpoint: _358_ (rising edge-triggered flip-flop clocked by core_clock)
Endpoint: _359_ (rising edge-triggered flip-flop clocked by core_clock)
Path Group: core_clock
Path Type: max

Fanout     Cap    Slew   Delay    Time   Description
-----------------------------------------------------------------------------
                  0.00    0.00    0.00   clock core_clock (rise edge)
                          0.00    0.00   clock network delay (ideal)
                  0.00    0.00    0.00 ^ _358_/CLK (sky130_fd_sc_hd__dfrtp_4)
     8    0.06    0.12    0.54    0.54 v _358_/Q (sky130_fd_sc_hd__dfrtp_4)
                                         decoder.digit[0] (net)
                  0.12    0.00    0.54 v _162_/C (sky130_fd_sc_hd__and3_2)
     3    0.03    0.10    0.31    0.86 v _162_/X (sky130_fd_sc_hd__and3_2)
                                         _064_ (net)
                  0.10    0.00    0.86 v _172_/A (sky130_fd_sc_hd__nor2_1)
     1    0.01    0.15    0.17    1.03 ^ _172_/Y (sky130_fd_sc_hd__nor2_1)
                                         _061_ (net)
                  0.15    0.00    1.03 ^ _359_/D (sky130_fd_sc_hd__dfrtp_4)
                                  1.03   data arrival time

                  0.00   10.00   10.00   clock core_clock (rise edge)
                          0.00   10.00   clock network delay (ideal)
                          0.00   10.00   clock reconvergence pessimism
                                 10.00 ^ _359_/CLK (sky130_fd_sc_hd__dfrtp_4)
                         -0.10    9.90   library setup time
                                  9.90   data required time
-----------------------------------------------------------------------------
                                  9.90   data required time
                                 -1.03   data arrival time
-----------------------------------------------------------------------------
                                  8.87   slack (MET)



worst slack corner Typical: 6.8687
