OpenROAD b16bda7e82721d10566ff7e2b68f1ff0be9f9e38 
Features included (+) or not (-): +Charts +GPU +GUI +Python
This program is licensed under the BSD-3 license. See the LICENSE file for details.
Components of this program may be licensed under more restrictive licenses which must be honored.
Top-level design name: alu
Block boundaries: 0 0 200000 200000
Horizontal Tracks Origin: 340, Count: 294, Step: 680
Vertical Tracks Origin: 230, Count: 435, Step: 460
Placement details for the #E side
Virtual pin count:  0
Actual pin count:  8
Total pin count:  8
Tracks count:  147
Tracks per pin:  18
Used tracks count:  127
Unused track count:  20
Starting track index:  10
Placement Map:
[340, 1700, 3060, 4420, 5780, 7140, 8500, 9860, 11220, 12580, [91m13940[0m, 15300, 16660, 18020, 19380, 20740, 22100, 23460, 24820, 26180, 27540, 28900, 30260, 31620, 32980, 34340, 35700, 37060, [91m38420[0m, 39780, 41140, 42500, 43860, 45220, 46580, 47940, 49300, 50660, 52020, 53380, 54740, 56100, 57460, 58820, 60180, 61540, [91m62900[0m, 64260, 65620, 66980, 68340, 69700, 71060, 72420, 73780, 75140, 76500, 77860, 79220, 80580, 81940, 83300, 84660, 86020, [91m87380[0m, 88740, 90100, 91460, 92820, 94180, 95540, 96900, 98260, 99620, 100980, 102340, 103700, 105060, 106420, 107780, 109140, 110500, [91m111860[0m, 113220, 114580, 115940, 117300, 118660, 120020, 121380, 122740, 124100, 125460, 126820, 128180, 129540, 130900, 132260, 133620, 134980, [91m136340[0m, 137700, 139060, 140420, 141780, 143140, 144500, 145860, 147220, 148580, 149940, 151300, 152660, 154020, 155380, 156740, 158100, 159460, [91m160820[0m, 162180, 163540, 164900, 166260, 167620, 168980, 170340, 171700, 173060, 174420, 175780, 177140, 178500, 179860, 181220, 182580, 183940, [91m185300[0m, 186660, 188020, 189380, 190740, 192100, 193460, 194820, 196180, 197540, 198900, ]
Indices of used tracks: [10, 28, 46, 64, 82, 100, 118, 136]
---
Placement details for the #W side
Virtual pin count:  0
Actual pin count:  19
Total pin count:  19
Tracks count:  147
Tracks per pin:  7
Used tracks count:  127
Unused track count:  20
Starting track index:  10
Placement Map:
[340, 1700, 3060, 4420, 5780, 7140, 8500, 9860, 11220, 12580, [91m13940[0m, 15300, 16660, 18020, 19380, 20740, 22100, [91m23460[0m, 24820, 26180, 27540, 28900, 30260, 31620, [91m32980[0m, 34340, 35700, 37060, 38420, 39780, 41140, [91m42500[0m, 43860, 45220, 46580, 47940, 49300, 50660, [91m52020[0m, 53380, 54740, 56100, 57460, 58820, 60180, [91m61540[0m, 62900, 64260, 65620, 66980, 68340, 69700, [91m71060[0m, 72420, 73780, 75140, 76500, 77860, 79220, [91m80580[0m, 81940, 83300, 84660, 86020, 87380, 88740, [91m90100[0m, 91460, 92820, 94180, 95540, 96900, 98260, [91m99620[0m, 100980, 102340, 103700, 105060, 106420, 107780, [91m109140[0m, 110500, 111860, 113220, 114580, 115940, 117300, [91m118660[0m, 120020, 121380, 122740, 124100, 125460, 126820, [91m128180[0m, 129540, 130900, 132260, 133620, 134980, 136340, [91m137700[0m, 139060, 140420, 141780, 143140, 144500, 145860, [91m147220[0m, 148580, 149940, 151300, 152660, 154020, 155380, [91m156740[0m, 158100, 159460, 160820, 162180, 163540, 164900, [91m166260[0m, 167620, 168980, 170340, 171700, 173060, 174420, [91m175780[0m, 177140, 178500, 179860, 181220, 182580, 183940, [91m185300[0m, 186660, 188020, 189380, 190740, 192100, 193460, 194820, 196180, 197540, 198900, ]
Indices of used tracks: [10, 17, 24, 31, 38, 45, 52, 59, 66, 73, 80, 87, 94, 101, 108, 115, 122, 129, 136]
---
