OpenROAD b16bda7e82721d10566ff7e2b68f1ff0be9f9e38 
Features included (+) or not (-): +Charts +GPU +GUI +Python
This program is licensed under the BSD-3 license. See the LICENSE file for details.
Components of this program may be licensed under more restrictive licenses which must be honored.
define_corners Typical
read_liberty -corner Typical /root/.volare/sky130A/libs.ref/sky130_fd_sc_hd/lib/sky130_fd_sc_hd__tt_025C_1v80.lib
Using 1e-12 for capacitance...
Using 1e+03 for resistance...
Using 1e-09 for time...
Using 1e+00 for voltage...
Using 1e-03 for current...
Using 1e-09 for power...
Using 1e-06 for distance...
[INFO]: Reading ODB at '/openlane/designs/alu/runs/RUN_2025.04.21_14.13.45/tmp/routing/21-fill.odb'…
Reading design constraints file at '/openlane/scripts/base.sdc'…
[INFO]: Setting output delay to: 2.0
[INFO]: Setting input delay to: 2.0
[WARNING STA-0366] port '__VIRTUAL_CLK__' not found.
[INFO]: Setting load to: 0.033442
[INFO]: Setting clock uncertainty to: 0.25
[INFO]: Setting clock transition to: 0.15
[WARNING STA-0419] transition time can not be specified for virtual clocks.
[INFO]: Setting timing derate to: 5.0 %
[INFO ORD-0030] Using 2 thread(s).
[INFO DRT-0149] Reading tech and libs.
[WARNING DRT-0349] LEF58_ENCLOSURE with no CUTCLASS is not supported. Skipping for layer mcon
[WARNING DRT-0349] LEF58_ENCLOSURE with no CUTCLASS is not supported. Skipping for layer mcon
[WARNING DRT-0349] LEF58_ENCLOSURE with no CUTCLASS is not supported. Skipping for layer via
[WARNING DRT-0349] LEF58_ENCLOSURE with no CUTCLASS is not supported. Skipping for layer via
[WARNING DRT-0349] LEF58_ENCLOSURE with no CUTCLASS is not supported. Skipping for layer via2
[WARNING DRT-0349] LEF58_ENCLOSURE with no CUTCLASS is not supported. Skipping for layer via2
[WARNING DRT-0349] LEF58_ENCLOSURE with no CUTCLASS is not supported. Skipping for layer via3
[WARNING DRT-0349] LEF58_ENCLOSURE with no CUTCLASS is not supported. Skipping for layer via3
[WARNING DRT-0349] LEF58_ENCLOSURE with no CUTCLASS is not supported. Skipping for layer via4
[WARNING DRT-0349] LEF58_ENCLOSURE with no CUTCLASS is not supported. Skipping for layer via4

Units:                1000
Number of layers:     13
Number of macros:     441
Number of vias:       29
Number of viarulegen: 25

[INFO DRT-0150] Reading design.

Design:                   alu
Die area:                 ( 0 0 ) ( 200000 200000 )
Number of track patterns: 12
Number of DEF vias:       0
Number of components:     3615
Number of terminals:      29
Number of snets:          2
Number of nets:           328

[INFO DRT-0167] List of default vias:
  Layer via
    default via: M1M2_PR
  Layer via2
    default via: M2M3_PR
  Layer via3
    default via: M3M4_PR
  Layer via4
    default via: M4M5_PR
[INFO DRT-0162] Library cell analysis.
[INFO DRT-0163] Instance analysis.
[INFO DRT-0164] Number of unique instances = 210.
[INFO DRT-0168] Init region query.
[INFO DRT-0024]   Complete FR_MASTERSLICE.
[INFO DRT-0024]   Complete Fr_VIA.
[INFO DRT-0024]   Complete li1.
[INFO DRT-0024]   Complete mcon.
[INFO DRT-0024]   Complete met1.
[INFO DRT-0024]   Complete via.
[INFO DRT-0024]   Complete met2.
[INFO DRT-0024]   Complete via2.
[INFO DRT-0024]   Complete met3.
[INFO DRT-0024]   Complete via3.
[INFO DRT-0024]   Complete met4.
[INFO DRT-0024]   Complete via4.
[INFO DRT-0024]   Complete met5.
[INFO DRT-0033] FR_MASTERSLICE shape region query size = 0.
[INFO DRT-0033] FR_VIA shape region query size = 0.
[INFO DRT-0033] li1 shape region query size = 26918.
[INFO DRT-0033] mcon shape region query size = 37488.
[INFO DRT-0033] met1 shape region query size = 7926.
[INFO DRT-0033] via shape region query size = 2640.
[INFO DRT-0033] met2 shape region query size = 1584.
[INFO DRT-0033] via2 shape region query size = 2112.
[INFO DRT-0033] met3 shape region query size = 1611.
[INFO DRT-0033] via3 shape region query size = 2112.
[INFO DRT-0033] met4 shape region query size = 672.
[INFO DRT-0033] via4 shape region query size = 112.
[INFO DRT-0033] met5 shape region query size = 140.
[INFO DRT-0165] Start pin access.
[INFO DRT-0078]   Complete 701 pins.
[INFO DRT-0079]   Complete 100 unique inst patterns.
[INFO DRT-0081]   Complete 192 unique inst patterns.
[INFO DRT-0084]   Complete 323 groups.
#scanned instances     = 3615
#unique  instances     = 210
#stdCellGenAp          = 5400
#stdCellValidPlanarAp  = 22
#stdCellValidViaAp     = 4063
#stdCellPinNoAp        = 0
#stdCellPinCnt         = 1093
#instTermValidViaApCnt = 0
#macroGenAp            = 0
#macroValidPlanarAp    = 0
#macroValidViaAp       = 0
#macroNoAp             = 0
[INFO DRT-0166] Complete pin access.
[INFO DRT-0267] cpu time = 00:00:17, elapsed time = 00:00:06, memory = 130.11 (MB), peak = 130.11 (MB)

Number of guides:     4118

[INFO DRT-0169] Post process guides.
[INFO DRT-0176] GCELLGRID X 0 DO 28 STEP 6900 ;
[INFO DRT-0177] GCELLGRID Y 0 DO 28 STEP 6900 ;
[INFO DRT-0028]   Complete FR_MASTERSLICE.
[INFO DRT-0028]   Complete Fr_VIA.
[INFO DRT-0028]   Complete li1.
[INFO DRT-0028]   Complete mcon.
[INFO DRT-0028]   Complete met1.
[INFO DRT-0028]   Complete via.
[INFO DRT-0028]   Complete met2.
[INFO DRT-0028]   Complete via2.
[INFO DRT-0028]   Complete met3.
[INFO DRT-0028]   Complete via3.
[INFO DRT-0028]   Complete met4.
[INFO DRT-0028]   Complete via4.
[INFO DRT-0028]   Complete met5.
[INFO DRT-0178] Init guide query.
[INFO DRT-0035]   Complete FR_MASTERSLICE (guide).
[INFO DRT-0035]   Complete Fr_VIA (guide).
[INFO DRT-0035]   Complete li1 (guide).
[INFO DRT-0035]   Complete mcon (guide).
[INFO DRT-0035]   Complete met1 (guide).
[INFO DRT-0035]   Complete via (guide).
[INFO DRT-0035]   Complete met2 (guide).
[INFO DRT-0035]   Complete via2 (guide).
[INFO DRT-0035]   Complete met3 (guide).
[INFO DRT-0035]   Complete via3 (guide).
[INFO DRT-0035]   Complete met4 (guide).
[INFO DRT-0035]   Complete via4 (guide).
[INFO DRT-0035]   Complete met5 (guide).
[INFO DRT-0036] FR_MASTERSLICE guide region query size = 0.
[INFO DRT-0036] FR_VIA guide region query size = 0.
[INFO DRT-0036] li1 guide region query size = 1091.
[INFO DRT-0036] mcon guide region query size = 0.
[INFO DRT-0036] met1 guide region query size = 1213.
[INFO DRT-0036] via guide region query size = 0.
[INFO DRT-0036] met2 guide region query size = 778.
[INFO DRT-0036] via2 guide region query size = 0.
[INFO DRT-0036] met3 guide region query size = 83.
[INFO DRT-0036] via3 guide region query size = 0.
[INFO DRT-0036] met4 guide region query size = 20.
[INFO DRT-0036] via4 guide region query size = 0.
[INFO DRT-0036] met5 guide region query size = 0.
[INFO DRT-0179] Init gr pin query.
[INFO DRT-0245] skipped writing guide updates to database.
[INFO DRT-0185] Post process initialize RPin region query.
[INFO DRT-0181] Start track assignment.
[INFO DRT-0184] Done with 1889 vertical wires in 1 frboxes and 1296 horizontal wires in 1 frboxes.
[INFO DRT-0186] Done with 230 vertical wires in 1 frboxes and 339 horizontal wires in 1 frboxes.
[INFO DRT-0182] Complete track assignment.
[INFO DRT-0267] cpu time = 00:00:00, elapsed time = 00:00:00, memory = 155.24 (MB), peak = 155.24 (MB)
[INFO DRT-0187] Start routing data preparation.
[INFO DRT-0267] cpu time = 00:00:00, elapsed time = 00:00:00, memory = 155.24 (MB), peak = 155.24 (MB)
[INFO DRT-0194] Start detail routing.
[INFO DRT-0195] Start 0th optimization iteration.
    Completing 10% with 0 violations.
    elapsed time = 00:00:00, memory = 163.86 (MB).
    Completing 20% with 0 violations.
    elapsed time = 00:00:00, memory = 172.63 (MB).
    Completing 30% with 86 violations.
    elapsed time = 00:00:01, memory = 178.68 (MB).
    Completing 40% with 86 violations.
    elapsed time = 00:00:01, memory = 176.80 (MB).
    Completing 50% with 86 violations.
    elapsed time = 00:00:01, memory = 178.86 (MB).
    Completing 60% with 165 violations.
    elapsed time = 00:00:01, memory = 182.91 (MB).
    Completing 70% with 165 violations.
    elapsed time = 00:00:02, memory = 183.07 (MB).
    Completing 80% with 210 violations.
    elapsed time = 00:00:03, memory = 195.75 (MB).
    Completing 90% with 210 violations.
    elapsed time = 00:00:03, memory = 190.14 (MB).
    Completing 100% with 259 violations.
    elapsed time = 00:00:03, memory = 190.14 (MB).
[INFO DRT-0199]   Number of violations = 307.
Viol/Layer        met1   met2   met3
Metal Spacing       23     27     16
Recheck             32     15      1
Short              153     40      0
[INFO DRT-0267] cpu time = 00:00:08, elapsed time = 00:00:04, memory = 521.21 (MB), peak = 521.21 (MB)
Total wire length = 57806 um.
Total wire length on LAYER li1 = 0 um.
Total wire length on LAYER met1 = 27483 um.
Total wire length on LAYER met2 = 26031 um.
Total wire length on LAYER met3 = 2578 um.
Total wire length on LAYER met4 = 1713 um.
Total wire length on LAYER met5 = 0 um.
Total number of vias = 3063.
Up-via summary (total 3063):

-----------------------
 FR_MASTERSLICE       0
            li1    1115
           met1    1806
           met2     102
           met3      40
           met4       0
-----------------------
                   3063


[INFO DRT-0195] Start 1st optimization iteration.
    Completing 10% with 307 violations.
    elapsed time = 00:00:00, memory = 521.21 (MB).
    Completing 20% with 307 violations.
    elapsed time = 00:00:00, memory = 521.21 (MB).
    Completing 30% with 307 violations.
    elapsed time = 00:00:00, memory = 530.29 (MB).
    Completing 40% with 276 violations.
    elapsed time = 00:00:00, memory = 526.62 (MB).
    Completing 50% with 276 violations.
    elapsed time = 00:00:01, memory = 526.62 (MB).
    Completing 60% with 276 violations.
    elapsed time = 00:00:01, memory = 526.62 (MB).
    Completing 70% with 219 violations.
    elapsed time = 00:00:02, memory = 526.62 (MB).
    Completing 80% with 219 violations.
    elapsed time = 00:00:02, memory = 526.62 (MB).
    Completing 90% with 176 violations.
    elapsed time = 00:00:02, memory = 531.71 (MB).
    Completing 100% with 114 violations.
    elapsed time = 00:00:03, memory = 531.71 (MB).
[INFO DRT-0199]   Number of violations = 114.
Viol/Layer        met1   met2
Metal Spacing       11      9
Short               82     12
[INFO DRT-0267] cpu time = 00:00:07, elapsed time = 00:00:03, memory = 534.75 (MB), peak = 534.75 (MB)
Total wire length = 57851 um.
Total wire length on LAYER li1 = 0 um.
Total wire length on LAYER met1 = 27511 um.
Total wire length on LAYER met2 = 26007 um.
Total wire length on LAYER met3 = 2599 um.
Total wire length on LAYER met4 = 1733 um.
Total wire length on LAYER met5 = 0 um.
Total number of vias = 3112.
Up-via summary (total 3112):

-----------------------
 FR_MASTERSLICE       0
            li1    1115
           met1    1837
           met2     116
           met3      44
           met4       0
-----------------------
                   3112


[INFO DRT-0195] Start 2nd optimization iteration.
    Completing 10% with 114 violations.
    elapsed time = 00:00:00, memory = 534.75 (MB).
    Completing 20% with 114 violations.
    elapsed time = 00:00:00, memory = 534.75 (MB).
    Completing 30% with 114 violations.
    elapsed time = 00:00:00, memory = 534.75 (MB).
    Completing 40% with 101 violations.
    elapsed time = 00:00:00, memory = 534.75 (MB).
    Completing 50% with 101 violations.
    elapsed time = 00:00:00, memory = 534.75 (MB).
    Completing 60% with 101 violations.
    elapsed time = 00:00:01, memory = 534.75 (MB).
    Completing 70% with 77 violations.
    elapsed time = 00:00:01, memory = 534.75 (MB).
    Completing 80% with 77 violations.
    elapsed time = 00:00:02, memory = 534.75 (MB).
    Completing 90% with 85 violations.
    elapsed time = 00:00:02, memory = 534.75 (MB).
    Completing 100% with 72 violations.
    elapsed time = 00:00:03, memory = 535.79 (MB).
[INFO DRT-0199]   Number of violations = 72.
Viol/Layer        met1   met2
Metal Spacing       12      8
Short               49      3
[INFO DRT-0267] cpu time = 00:00:06, elapsed time = 00:00:03, memory = 535.79 (MB), peak = 535.79 (MB)
Total wire length = 57820 um.
Total wire length on LAYER li1 = 0 um.
Total wire length on LAYER met1 = 27490 um.
Total wire length on LAYER met2 = 26020 um.
Total wire length on LAYER met3 = 2597 um.
Total wire length on LAYER met4 = 1712 um.
Total wire length on LAYER met5 = 0 um.
Total number of vias = 3091.
Up-via summary (total 3091):

-----------------------
 FR_MASTERSLICE       0
            li1    1115
           met1    1818
           met2     116
           met3      42
           met4       0
-----------------------
                   3091


[INFO DRT-0195] Start 3rd optimization iteration.
    Completing 10% with 72 violations.
    elapsed time = 00:00:00, memory = 535.79 (MB).
    Completing 20% with 72 violations.
    elapsed time = 00:00:00, memory = 535.79 (MB).
    Completing 30% with 40 violations.
    elapsed time = 00:00:00, memory = 535.79 (MB).
    Completing 40% with 40 violations.
    elapsed time = 00:00:00, memory = 535.79 (MB).
    Completing 50% with 40 violations.
    elapsed time = 00:00:00, memory = 535.79 (MB).
    Completing 60% with 29 violations.
    elapsed time = 00:00:00, memory = 535.79 (MB).
    Completing 70% with 29 violations.
    elapsed time = 00:00:00, memory = 535.79 (MB).
    Completing 80% with 25 violations.
    elapsed time = 00:00:00, memory = 535.79 (MB).
    Completing 90% with 25 violations.
    elapsed time = 00:00:01, memory = 535.79 (MB).
    Completing 100% with 0 violations.
    elapsed time = 00:00:01, memory = 535.79 (MB).
[INFO DRT-0199]   Number of violations = 0.
[INFO DRT-0267] cpu time = 00:00:02, elapsed time = 00:00:01, memory = 535.79 (MB), peak = 535.79 (MB)
Total wire length = 57826 um.
Total wire length on LAYER li1 = 0 um.
Total wire length on LAYER met1 = 27325 um.
Total wire length on LAYER met2 = 26010 um.
Total wire length on LAYER met3 = 2762 um.
Total wire length on LAYER met4 = 1727 um.
Total wire length on LAYER met5 = 0 um.
Total number of vias = 3130.
Up-via summary (total 3130):

-----------------------
 FR_MASTERSLICE       0
            li1    1115
           met1    1833
           met2     139
           met3      43
           met4       0
-----------------------
                   3130


[INFO DRT-0198] Complete detail routing.
Total wire length = 57826 um.
Total wire length on LAYER li1 = 0 um.
Total wire length on LAYER met1 = 27325 um.
Total wire length on LAYER met2 = 26010 um.
Total wire length on LAYER met3 = 2762 um.
Total wire length on LAYER met4 = 1727 um.
Total wire length on LAYER met5 = 0 um.
Total number of vias = 3130.
Up-via summary (total 3130):

-----------------------
 FR_MASTERSLICE       0
            li1    1115
           met1    1833
           met2     139
           met3      43
           met4       0
-----------------------
                   3130


[INFO DRT-0267] cpu time = 00:00:25, elapsed time = 00:00:12, memory = 535.79 (MB), peak = 535.79 (MB)

[INFO DRT-0180] Post processing.
Setting global connections for newly added cells…
Writing OpenROAD database to '/openlane/designs/alu/runs/RUN_2025.04.21_14.13.45/results/routing/alu.odb'…
Writing netlist to '/openlane/designs/alu/runs/RUN_2025.04.21_14.13.45/results/routing/alu.nl.v'…
Writing powered netlist to '/openlane/designs/alu/runs/RUN_2025.04.21_14.13.45/results/routing/alu.pnl.v'…
Writing layout to '/openlane/designs/alu/runs/RUN_2025.04.21_14.13.45/results/routing/alu.def'…
