
===========================================================================
report_checks -unconstrained
===========================================================================
======================= Typical Corner ===================================

Startpoint: A[5] (input port clocked by __VIRTUAL_CLK__)
Endpoint: out[7] (output port clocked by __VIRTUAL_CLK__)
Path Group: __VIRTUAL_CLK__
Path Type: max

Fanout     Cap    Slew   Delay    Time   Description
-----------------------------------------------------------------------------
                  0.00    0.00    0.00   clock __VIRTUAL_CLK__ (rise edge)
                          0.00    0.00   clock network delay (ideal)
                          2.00    2.00 v input external delay
     1    0.00    0.01    0.01    2.01 v A[5] (in)
                                         A[5] (net)
                  0.01    0.00    2.01 v input6/A (sky130_fd_sc_hd__clkbuf_4)
     3    0.05    0.10    0.19    2.19 v input6/X (sky130_fd_sc_hd__clkbuf_4)
                                         net6 (net)
                  0.10    0.01    2.20 v _374_/A (sky130_fd_sc_hd__buf_12)
    10    0.04    0.04    0.17    2.37 v _374_/X (sky130_fd_sc_hd__buf_12)
                                         _052_ (net)
                  0.04    0.00    2.37 v _417_/A2 (sky130_fd_sc_hd__a22o_4)
     3    0.03    0.07    0.30    2.68 v _417_/X (sky130_fd_sc_hd__a22o_4)
                                         _094_ (net)
                  0.07    0.00    2.68 v _419_/A2 (sky130_fd_sc_hd__a21o_4)
     2    0.01    0.05    0.25    2.92 v _419_/X (sky130_fd_sc_hd__a21o_4)
                                         _096_ (net)
                  0.05    0.00    2.92 v _423_/A1 (sky130_fd_sc_hd__a21o_4)
     2    0.03    0.07    0.25    3.17 v _423_/X (sky130_fd_sc_hd__a21o_4)
                                         _100_ (net)
                  0.07    0.00    3.17 v _429_/A2 (sky130_fd_sc_hd__a21o_4)
     2    0.01    0.05    0.24    3.42 v _429_/X (sky130_fd_sc_hd__a21o_4)
                                         _106_ (net)
                  0.05    0.00    3.42 v _433_/A2 (sky130_fd_sc_hd__a21o_4)
     3    0.02    0.05    0.25    3.66 v _433_/X (sky130_fd_sc_hd__a21o_4)
                                         _110_ (net)
                  0.05    0.00    3.66 v _434_/C (sky130_fd_sc_hd__and3_4)
     3    0.02    0.05    0.21    3.87 v _434_/X (sky130_fd_sc_hd__and3_4)
                                         _111_ (net)
                  0.05    0.00    3.87 v _465_/B1 (sky130_fd_sc_hd__a211o_4)
     2    0.03    0.08    0.36    4.24 v _465_/X (sky130_fd_sc_hd__a211o_4)
                                         _141_ (net)
                  0.08    0.00    4.24 v _494_/C (sky130_fd_sc_hd__or3_4)
     2    0.00    0.07    0.35    4.59 v _494_/X (sky130_fd_sc_hd__or3_4)
                                         _170_ (net)
                  0.07    0.00    4.59 v _496_/A (sky130_fd_sc_hd__and3_4)
     1    0.02    0.05    0.18    4.78 v _496_/X (sky130_fd_sc_hd__and3_4)
                                         _172_ (net)
                  0.05    0.00    4.78 v _498_/A2 (sky130_fd_sc_hd__o21a_1)
     1    0.00    0.04    0.18    4.96 v _498_/X (sky130_fd_sc_hd__o21a_1)
                                         _174_ (net)
                  0.04    0.00    4.96 v _503_/A3 (sky130_fd_sc_hd__o32a_4)
     1    0.01    0.06    0.32    5.28 v _503_/X (sky130_fd_sc_hd__o32a_4)
                                         net27 (net)
                  0.06    0.00    5.28 v output27/A (sky130_fd_sc_hd__buf_8)
     1    0.03    0.04    0.15    5.43 v output27/X (sky130_fd_sc_hd__buf_8)
                                         out[7] (net)
                  0.04    0.00    5.43 v out[7] (out)
                                  5.43   data arrival time

                  0.00   10.00   10.00   clock __VIRTUAL_CLK__ (rise edge)
                          0.00   10.00   clock network delay (ideal)
                         -0.25    9.75   clock uncertainty
                          0.00    9.75   clock reconvergence pessimism
                         -2.00    7.75   output external delay
                                  7.75   data required time
-----------------------------------------------------------------------------
                                  7.75   data required time
                                 -5.43   data arrival time
-----------------------------------------------------------------------------
                                  2.32   slack (MET)




===========================================================================
report_checks --slack_max -0.01
============================================================================
======================= Typical Corner ===================================

No paths found.


===========================================================================
 report_check_types -max_slew -max_cap -max_fanout -violators
============================================================================
======================= Typical Corner ===================================


max slew violations count Typical: 0
max fanout violations count Typical: 0
max cap violations count Typical: 0

===========================================================================
report_parasitic_annotation -report_unannotated
============================================================================
Found 0 unannotated drivers.
Found 201 partially unannotated drivers.
 A[2]
 B[0]
 B[2]
 _248_/X
 _249_/X
 _251_/X
 _252_/X
 _254_/Y
 _255_/Y
 _256_/Y
 _257_/Y
 _258_/Y
 _259_/Y
 _263_/X
 _264_/Y
 _265_/X
 _266_/X
 _267_/X
 _268_/Y
 _269_/X
 _270_/X
 _271_/Y
 _272_/X
 _273_/X
 _274_/X
 _276_/Y
 _280_/X
 _281_/Y
 _284_/X
 _288_/X
 _289_/X
 _290_/Y
 _292_/X
 _293_/X
 _294_/X
 _295_/X
 _298_/X
 _300_/X
 _301_/X
 _303_/X
 _304_/Y
 _305_/X
 _307_/X
 _310_/X
 _311_/X
 _312_/X
 _313_/X
 _316_/Y
 _317_/X
 _319_/X
 _320_/X
 _322_/Y
 _323_/X
 _324_/Y
 _326_/Y
 _327_/X
 _329_/X
 _331_/X
 _332_/Y
 _333_/Y
 _335_/Y
 _337_/X
 _339_/X
 _340_/X
 _342_/X
 _343_/X
 _345_/Y
 _347_/X
 _348_/Y
 _351_/Y
 _356_/Y
 _357_/X
 _359_/Y
 _360_/X
 _362_/Y
 _364_/Y
 _365_/Y
 _366_/X
 _367_/Y
 _374_/X
 _375_/X
 _376_/X
 _378_/X
 _379_/Y
 _380_/Y
 _381_/X
 _382_/Y
 _383_/X
 _384_/X
 _386_/Y
 _387_/Y
 _389_/X
 _394_/Y
 _395_/X
 _396_/Y
 _397_/X
 _398_/X
 _399_/Y
 _400_/Y
 _401_/X
 _402_/Y
 _403_/X
 _405_/Y
 _406_/X
 _411_/Y
 _413_/X
 _414_/Y
 _415_/Y
 _416_/Y
 _418_/X
 _419_/X
 _420_/Y
 _421_/X
 _422_/Y
 _426_/X
 _428_/X
 _429_/X
 _430_/Y
 _431_/X
 _433_/X
 _434_/X
 _437_/X
 _438_/Y
 _439_/X
 _440_/X
 _441_/X
 _442_/X
 _443_/X
 _444_/Y
 _445_/X
 _446_/X
 _448_/X
 _449_/Y
 _450_/X
 _451_/X
 _452_/Y
 _453_/Y
 _454_/X
 _456_/Y
 _457_/Y
 _458_/X
 _460_/X
 _461_/X
 _462_/Y
 _463_/X
 _466_/X
 _467_/Y
 _468_/Y
 _469_/X
 _471_/Y
 _473_/Y
 _474_/X
 _475_/Y
 _476_/X
 _477_/X
 _478_/Y
 _480_/X
 _481_/Y
 _483_/X
 _486_/X
 _487_/Y
 _489_/X
 _490_/Y
 _491_/Y
 _492_/Y
 _494_/X
 _495_/Y
 _498_/X
 _500_/X
 _501_/Y
 _503_/X
 clone10/X
 clone18/X
 input1/X
 input10/X
 input11/X
 input12/X
 input13/X
 input14/X
 input15/X
 input16/X
 input17/X
 input18/X
 input19/X
 input2/X
 input3/X
 input5/X
 input7/X
 input9/X
 rebuffer1/X
 rebuffer11/X
 rebuffer15/X
 rebuffer2/X
 rebuffer21/X
 rebuffer22/X
 rebuffer23/X
 rebuffer24/X
 rebuffer3/X
 rebuffer6/X
 rebuffer8/X
 wire28/X

===========================================================================
max slew violation count 0
max fanout violation count 0
max cap violation count 0
============================================================================

===========================================================================
check_setup -verbose -unconstrained_endpoints -multiple_clock -no_clock -no_input_delay -loops -generated_clocks
===========================================================================
