
===========================================================================
report_checks -path_delay max (Setup)
============================================================================
======================= Typical Corner ===================================

Startpoint: B[1] (input port clocked by __VIRTUAL_CLK__)
Endpoint: out[7] (output port clocked by __VIRTUAL_CLK__)
Path Group: __VIRTUAL_CLK__
Path Type: max

Fanout     Cap    Slew   Delay    Time   Description
-----------------------------------------------------------------------------
                  0.00    0.00    0.00   clock __VIRTUAL_CLK__ (rise edge)
                          0.00    0.00   clock network delay (ideal)
                          2.00    2.00 v input external delay
     1    0.01    0.02    0.01    2.01 v B[1] (in)
                                         B[1] (net)
                  0.02    0.00    2.01 v input10/A (sky130_fd_sc_hd__buf_12)
     4    0.02    0.03    0.12    2.14 v input10/X (sky130_fd_sc_hd__buf_12)
                                         net10 (net)
                  0.03    0.00    2.14 v _266_/A (sky130_fd_sc_hd__buf_12)
     5    0.02    0.03    0.13    2.26 v _266_/X (sky130_fd_sc_hd__buf_12)
                                         _196_ (net)
                  0.03    0.00    2.26 v _383_/A2 (sky130_fd_sc_hd__a22o_4)
     3    0.01    0.05    0.27    2.53 v _383_/X (sky130_fd_sc_hd__a22o_4)
                                         _061_ (net)
                  0.05    0.00    2.53 v _385_/A2 (sky130_fd_sc_hd__a21o_4)
     2    0.01    0.05    0.24    2.77 v _385_/X (sky130_fd_sc_hd__a21o_4)
                                         _063_ (net)
                  0.05    0.00    2.77 v _389_/A2 (sky130_fd_sc_hd__a21o_4)
     3    0.02    0.05    0.24    3.01 v _389_/X (sky130_fd_sc_hd__a21o_4)
                                         _067_ (net)
                  0.05    0.00    3.01 v _395_/A2 (sky130_fd_sc_hd__a21o_4)
     3    0.01    0.04    0.23    3.24 v _395_/X (sky130_fd_sc_hd__a21o_4)
                                         _073_ (net)
                  0.04    0.00    3.24 v _398_/C (sky130_fd_sc_hd__and3_4)
     2    0.01    0.04    0.19    3.43 v _398_/X (sky130_fd_sc_hd__and3_4)
                                         _076_ (net)
                  0.04    0.00    3.43 v _401_/C (sky130_fd_sc_hd__or3_4)
     3    0.01    0.07    0.35    3.77 v _401_/X (sky130_fd_sc_hd__or3_4)
                                         _079_ (net)
                  0.07    0.00    3.77 v _465_/A1 (sky130_fd_sc_hd__a211o_4)
     2    0.01    0.06    0.36    4.13 v _465_/X (sky130_fd_sc_hd__a211o_4)
                                         _141_ (net)
                  0.06    0.00    4.13 v _494_/C (sky130_fd_sc_hd__or3_4)
     2    0.00    0.07    0.34    4.47 v _494_/X (sky130_fd_sc_hd__or3_4)
                                         _170_ (net)
                  0.07    0.00    4.47 v _496_/A (sky130_fd_sc_hd__and3_4)
     1    0.00    0.03    0.15    4.63 v _496_/X (sky130_fd_sc_hd__and3_4)
                                         _172_ (net)
                  0.03    0.00    4.63 v _498_/A2 (sky130_fd_sc_hd__o21a_1)
     1    0.00    0.04    0.17    4.80 v _498_/X (sky130_fd_sc_hd__o21a_1)
                                         _174_ (net)
                  0.04    0.00    4.80 v _503_/A3 (sky130_fd_sc_hd__o32a_4)
     1    0.01    0.06    0.32    5.12 v _503_/X (sky130_fd_sc_hd__o32a_4)
                                         net27 (net)
                  0.06    0.00    5.12 v output27/A (sky130_fd_sc_hd__buf_8)
     1    0.03    0.04    0.15    5.27 v output27/X (sky130_fd_sc_hd__buf_8)
                                         out[7] (net)
                  0.04    0.00    5.27 v out[7] (out)
                                  5.27   data arrival time

                  0.00   10.00   10.00   clock __VIRTUAL_CLK__ (rise edge)
                          0.00   10.00   clock network delay (ideal)
                         -0.25    9.75   clock uncertainty
                          0.00    9.75   clock reconvergence pessimism
                         -2.00    7.75   output external delay
                                  7.75   data required time
-----------------------------------------------------------------------------
                                  7.75   data required time
                                 -5.27   data arrival time
-----------------------------------------------------------------------------
                                  2.48   slack (MET)


Startpoint: B[1] (input port clocked by __VIRTUAL_CLK__)
Endpoint: out[6] (output port clocked by __VIRTUAL_CLK__)
Path Group: __VIRTUAL_CLK__
Path Type: max

Fanout     Cap    Slew   Delay    Time   Description
-----------------------------------------------------------------------------
                  0.00    0.00    0.00   clock __VIRTUAL_CLK__ (rise edge)
                          0.00    0.00   clock network delay (ideal)
                          2.00    2.00 v input external delay
     1    0.01    0.02    0.01    2.01 v B[1] (in)
                                         B[1] (net)
                  0.02    0.00    2.01 v input10/A (sky130_fd_sc_hd__buf_12)
     4    0.02    0.03    0.12    2.14 v input10/X (sky130_fd_sc_hd__buf_12)
                                         net10 (net)
                  0.03    0.00    2.14 v _266_/A (sky130_fd_sc_hd__buf_12)
     5    0.02    0.03    0.13    2.26 v _266_/X (sky130_fd_sc_hd__buf_12)
                                         _196_ (net)
                  0.03    0.00    2.26 v _383_/A2 (sky130_fd_sc_hd__a22o_4)
     3    0.01    0.05    0.27    2.53 v _383_/X (sky130_fd_sc_hd__a22o_4)
                                         _061_ (net)
                  0.05    0.00    2.53 v _385_/A2 (sky130_fd_sc_hd__a21o_4)
     2    0.01    0.05    0.24    2.77 v _385_/X (sky130_fd_sc_hd__a21o_4)
                                         _063_ (net)
                  0.05    0.00    2.77 v _389_/A2 (sky130_fd_sc_hd__a21o_4)
     3    0.02    0.05    0.24    3.01 v _389_/X (sky130_fd_sc_hd__a21o_4)
                                         _067_ (net)
                  0.05    0.00    3.01 v _395_/A2 (sky130_fd_sc_hd__a21o_4)
     3    0.01    0.04    0.23    3.24 v _395_/X (sky130_fd_sc_hd__a21o_4)
                                         _073_ (net)
                  0.04    0.00    3.24 v _398_/C (sky130_fd_sc_hd__and3_4)
     2    0.01    0.04    0.19    3.43 v _398_/X (sky130_fd_sc_hd__and3_4)
                                         _076_ (net)
                  0.04    0.00    3.43 v _401_/C (sky130_fd_sc_hd__or3_4)
     3    0.01    0.07    0.35    3.77 v _401_/X (sky130_fd_sc_hd__or3_4)
                                         _079_ (net)
                  0.07    0.00    3.77 v rebuffer2/A (sky130_fd_sc_hd__buf_4)
     2    0.01    0.04    0.16    3.94 v rebuffer2/X (sky130_fd_sc_hd__buf_4)
                                         net31 (net)
                  0.04    0.00    3.94 v _437_/C1 (sky130_fd_sc_hd__o211a_4)
     2    0.01    0.05    0.14    4.08 v _437_/X (sky130_fd_sc_hd__o211a_4)
                                         _114_ (net)
                  0.05    0.00    4.08 v _439_/B (sky130_fd_sc_hd__or2_4)
     1    0.00    0.04    0.23    4.31 v _439_/X (sky130_fd_sc_hd__or2_4)
                                         _116_ (net)
                  0.04    0.00    4.31 v _440_/A2 (sky130_fd_sc_hd__a21bo_1)
     1    0.00    0.03    0.19    4.49 v _440_/X (sky130_fd_sc_hd__a21bo_1)
                                         _117_ (net)
                  0.03    0.00    4.49 v _441_/B (sky130_fd_sc_hd__or2_4)
     1    0.01    0.05    0.24    4.73 v _441_/X (sky130_fd_sc_hd__or2_4)
                                         _118_ (net)
                  0.05    0.00    4.73 v _453_/B2 (sky130_fd_sc_hd__a22oi_4)
     1    0.00    0.13    0.15    4.88 ^ _453_/Y (sky130_fd_sc_hd__a22oi_4)
                                         net26 (net)
                  0.13    0.00    4.88 ^ output26/A (sky130_fd_sc_hd__buf_6)
     1    0.03    0.08    0.16    5.04 ^ output26/X (sky130_fd_sc_hd__buf_6)
                                         out[6] (net)
                  0.08    0.00    5.04 ^ out[6] (out)
                                  5.04   data arrival time

                  0.00   10.00   10.00   clock __VIRTUAL_CLK__ (rise edge)
                          0.00   10.00   clock network delay (ideal)
                         -0.25    9.75   clock uncertainty
                          0.00    9.75   clock reconvergence pessimism
                         -2.00    7.75   output external delay
                                  7.75   data required time
-----------------------------------------------------------------------------
                                  7.75   data required time
                                 -5.04   data arrival time
-----------------------------------------------------------------------------
                                  2.71   slack (MET)


Startpoint: B[1] (input port clocked by __VIRTUAL_CLK__)
Endpoint: out[5] (output port clocked by __VIRTUAL_CLK__)
Path Group: __VIRTUAL_CLK__
Path Type: max

Fanout     Cap    Slew   Delay    Time   Description
-----------------------------------------------------------------------------
                  0.00    0.00    0.00   clock __VIRTUAL_CLK__ (rise edge)
                          0.00    0.00   clock network delay (ideal)
                          2.00    2.00 v input external delay
     1    0.01    0.02    0.01    2.01 v B[1] (in)
                                         B[1] (net)
                  0.02    0.00    2.01 v input10/A (sky130_fd_sc_hd__buf_12)
     4    0.02    0.03    0.12    2.14 v input10/X (sky130_fd_sc_hd__buf_12)
                                         net10 (net)
                  0.03    0.00    2.14 v _266_/A (sky130_fd_sc_hd__buf_12)
     5    0.02    0.03    0.13    2.26 v _266_/X (sky130_fd_sc_hd__buf_12)
                                         _196_ (net)
                  0.03    0.00    2.26 v _383_/A2 (sky130_fd_sc_hd__a22o_4)
     3    0.01    0.05    0.27    2.53 v _383_/X (sky130_fd_sc_hd__a22o_4)
                                         _061_ (net)
                  0.05    0.00    2.53 v _385_/A2 (sky130_fd_sc_hd__a21o_4)
     2    0.01    0.05    0.24    2.77 v _385_/X (sky130_fd_sc_hd__a21o_4)
                                         _063_ (net)
                  0.05    0.00    2.77 v _389_/A2 (sky130_fd_sc_hd__a21o_4)
     3    0.02    0.05    0.24    3.01 v _389_/X (sky130_fd_sc_hd__a21o_4)
                                         _067_ (net)
                  0.05    0.00    3.01 v _395_/A2 (sky130_fd_sc_hd__a21o_4)
     3    0.01    0.04    0.23    3.24 v _395_/X (sky130_fd_sc_hd__a21o_4)
                                         _073_ (net)
                  0.04    0.00    3.24 v _398_/C (sky130_fd_sc_hd__and3_4)
     2    0.01    0.04    0.19    3.43 v _398_/X (sky130_fd_sc_hd__and3_4)
                                         _076_ (net)
                  0.04    0.00    3.43 v _401_/C (sky130_fd_sc_hd__or3_4)
     3    0.01    0.07    0.35    3.77 v _401_/X (sky130_fd_sc_hd__or3_4)
                                         _079_ (net)
                  0.07    0.00    3.77 v rebuffer1/A (sky130_fd_sc_hd__dlymetal6s4s_1)
     1    0.00    0.05    0.28    4.05 v rebuffer1/X (sky130_fd_sc_hd__dlymetal6s4s_1)
                                         net30 (net)
                  0.05    0.00    4.05 v _402_/B (sky130_fd_sc_hd__nand2_2)
     3    0.02    0.10    0.11    4.16 ^ _402_/Y (sky130_fd_sc_hd__nand2_2)
                                         _080_ (net)
                  0.10    0.00    4.16 ^ _404_/C (sky130_fd_sc_hd__nand3_2)
     1    0.00    0.04    0.08    4.24 v _404_/Y (sky130_fd_sc_hd__nand3_2)
                                         _082_ (net)
                  0.04    0.00    4.24 v _408_/A3 (sky130_fd_sc_hd__a31o_1)
     2    0.00    0.04    0.22    4.46 v _408_/X (sky130_fd_sc_hd__a31o_1)
                                         _086_ (net)
                  0.04    0.00    4.46 v _409_/B1 (sky130_fd_sc_hd__a21oi_1)
     1    0.00    0.10    0.11    4.56 ^ _409_/Y (sky130_fd_sc_hd__a21oi_1)
                                         _087_ (net)
                  0.10    0.00    4.56 ^ _410_/B1 (sky130_fd_sc_hd__a21oi_1)
     1    0.00    0.04    0.04    4.61 v _410_/Y (sky130_fd_sc_hd__a21oi_1)
                                         net25 (net)
                  0.04    0.00    4.61 v output25/A (sky130_fd_sc_hd__buf_2)
     1    0.03    0.09    0.18    4.79 v output25/X (sky130_fd_sc_hd__buf_2)
                                         out[5] (net)
                  0.09    0.00    4.79 v out[5] (out)
                                  4.79   data arrival time

                  0.00   10.00   10.00   clock __VIRTUAL_CLK__ (rise edge)
                          0.00   10.00   clock network delay (ideal)
                         -0.25    9.75   clock uncertainty
                          0.00    9.75   clock reconvergence pessimism
                         -2.00    7.75   output external delay
                                  7.75   data required time
-----------------------------------------------------------------------------
                                  7.75   data required time
                                 -4.79   data arrival time
-----------------------------------------------------------------------------
                                  2.96   slack (MET)


Startpoint: B[1] (input port clocked by __VIRTUAL_CLK__)
Endpoint: out[4] (output port clocked by __VIRTUAL_CLK__)
Path Group: __VIRTUAL_CLK__
Path Type: max

Fanout     Cap    Slew   Delay    Time   Description
-----------------------------------------------------------------------------
                  0.00    0.00    0.00   clock __VIRTUAL_CLK__ (rise edge)
                          0.00    0.00   clock network delay (ideal)
                          2.00    2.00 ^ input external delay
     1    0.01    0.05    0.03    2.03 ^ B[1] (in)
                                         B[1] (net)
                  0.05    0.00    2.03 ^ input10/A (sky130_fd_sc_hd__buf_12)
     4    0.02    0.04    0.11    2.14 ^ input10/X (sky130_fd_sc_hd__buf_12)
                                         net10 (net)
                  0.04    0.00    2.14 ^ rebuffer24/A (sky130_fd_sc_hd__clkbuf_8)
     2    0.01    0.04    0.12    2.27 ^ rebuffer24/X (sky130_fd_sc_hd__clkbuf_8)
                                         net53 (net)
                  0.04    0.00    2.27 ^ _348_/A1 (sky130_fd_sc_hd__a22oi_4)
     3    0.01    0.06    0.08    2.35 v _348_/Y (sky130_fd_sc_hd__a22oi_4)
                                         _027_ (net)
                  0.06    0.00    2.35 v _349_/C (sky130_fd_sc_hd__or3_4)
     2    0.00    0.06    0.34    2.69 v _349_/X (sky130_fd_sc_hd__or3_4)
                                         _028_ (net)
                  0.06    0.00    2.69 v _352_/A (sky130_fd_sc_hd__and3_1)
     2    0.01    0.05    0.17    2.85 v _352_/X (sky130_fd_sc_hd__and3_1)
                                         _031_ (net)
                  0.05    0.00    2.85 v _354_/A (sky130_fd_sc_hd__or2b_2)
     1    0.02    0.09    0.35    3.21 v _354_/X (sky130_fd_sc_hd__or2b_2)
                                         _033_ (net)
                  0.09    0.00    3.21 v _355_/B (sky130_fd_sc_hd__xnor2_4)
     2    0.02    0.21    0.23    3.43 ^ _355_/Y (sky130_fd_sc_hd__xnor2_4)
                                         _034_ (net)
                  0.21    0.00    3.43 ^ _357_/B (sky130_fd_sc_hd__or2_4)
     2    0.01    0.05    0.18    3.62 ^ _357_/X (sky130_fd_sc_hd__or2_4)
                                         _036_ (net)
                  0.05    0.00    3.62 ^ _359_/C (sky130_fd_sc_hd__nand3b_4)
     2    0.01    0.07    0.09    3.70 v _359_/Y (sky130_fd_sc_hd__nand3b_4)
                                         _038_ (net)
                  0.07    0.00    3.70 v rebuffer22/A (sky130_fd_sc_hd__clkbuf_2)
     3    0.01    0.04    0.13    3.83 v rebuffer22/X (sky130_fd_sc_hd__clkbuf_2)
                                         net51 (net)
                  0.04    0.00    3.83 v rebuffer23/A (sky130_fd_sc_hd__dlymetal6s2s_1)
     1    0.00    0.03    0.13    3.97 v rebuffer23/X (sky130_fd_sc_hd__dlymetal6s2s_1)
                                         net52 (net)
                  0.03    0.00    3.97 v _360_/C (sky130_fd_sc_hd__and3_2)
     2    0.00    0.04    0.20    4.17 v _360_/X (sky130_fd_sc_hd__and3_2)
                                         _039_ (net)
                  0.04    0.00    4.17 v _373_/B1 (sky130_fd_sc_hd__o2bb2a_1)
     1    0.00    0.05    0.28    4.45 v _373_/X (sky130_fd_sc_hd__o2bb2a_1)
                                         net24 (net)
                  0.05    0.00    4.45 v output24/A (sky130_fd_sc_hd__buf_2)
     1    0.03    0.09    0.19    4.64 v output24/X (sky130_fd_sc_hd__buf_2)
                                         out[4] (net)
                  0.09    0.00    4.64 v out[4] (out)
                                  4.64   data arrival time

                  0.00   10.00   10.00   clock __VIRTUAL_CLK__ (rise edge)
                          0.00   10.00   clock network delay (ideal)
                         -0.25    9.75   clock uncertainty
                          0.00    9.75   clock reconvergence pessimism
                         -2.00    7.75   output external delay
                                  7.75   data required time
-----------------------------------------------------------------------------
                                  7.75   data required time
                                 -4.64   data arrival time
-----------------------------------------------------------------------------
                                  3.11   slack (MET)


Startpoint: B[1] (input port clocked by __VIRTUAL_CLK__)
Endpoint: out[3] (output port clocked by __VIRTUAL_CLK__)
Path Group: __VIRTUAL_CLK__
Path Type: max

Fanout     Cap    Slew   Delay    Time   Description
-----------------------------------------------------------------------------
                  0.00    0.00    0.00   clock __VIRTUAL_CLK__ (rise edge)
                          0.00    0.00   clock network delay (ideal)
                          2.00    2.00 v input external delay
     1    0.01    0.02    0.01    2.01 v B[1] (in)
                                         B[1] (net)
                  0.02    0.00    2.01 v input10/A (sky130_fd_sc_hd__buf_12)
     4    0.02    0.03    0.12    2.14 v input10/X (sky130_fd_sc_hd__buf_12)
                                         net10 (net)
                  0.03    0.00    2.14 v rebuffer24/A (sky130_fd_sc_hd__clkbuf_8)
     2    0.01    0.03    0.13    2.27 v rebuffer24/X (sky130_fd_sc_hd__clkbuf_8)
                                         net53 (net)
                  0.03    0.00    2.27 v _323_/B (sky130_fd_sc_hd__and4_4)
     3    0.01    0.04    0.17    2.44 v _323_/X (sky130_fd_sc_hd__and4_4)
                                         _003_ (net)
                  0.04    0.00    2.44 v _325_/B (sky130_fd_sc_hd__or3_4)
     2    0.00    0.06    0.37    2.82 v _325_/X (sky130_fd_sc_hd__or3_4)
                                         _005_ (net)
                  0.06    0.00    2.82 v _330_/A1 (sky130_fd_sc_hd__a21o_2)
     2    0.00    0.04    0.20    3.02 v _330_/X (sky130_fd_sc_hd__a21o_2)
                                         _010_ (net)
                  0.04    0.00    3.02 v _331_/B (sky130_fd_sc_hd__and2b_2)
     1    0.02    0.07    0.23    3.25 v _331_/X (sky130_fd_sc_hd__and2b_2)
                                         _011_ (net)
                  0.07    0.00    3.25 v _332_/B (sky130_fd_sc_hd__xnor2_4)
     2    0.01    0.06    0.14    3.39 v _332_/Y (sky130_fd_sc_hd__xnor2_4)
                                         _012_ (net)
                  0.06    0.00    3.39 v _334_/B (sky130_fd_sc_hd__or2_1)
     1    0.00    0.05    0.21    3.61 v _334_/X (sky130_fd_sc_hd__or2_1)
                                         _014_ (net)
                  0.05    0.00    3.61 v _338_/A3 (sky130_fd_sc_hd__a31o_1)
     1    0.00    0.03    0.21    3.82 v _338_/X (sky130_fd_sc_hd__a31o_1)
                                         _018_ (net)
                  0.03    0.00    3.82 v _339_/B2 (sky130_fd_sc_hd__o2bb2a_1)
     1    0.00    0.05    0.27    4.09 v _339_/X (sky130_fd_sc_hd__o2bb2a_1)
                                         net23 (net)
                  0.05    0.00    4.09 v output23/A (sky130_fd_sc_hd__buf_2)
     1    0.03    0.09    0.19    4.28 v output23/X (sky130_fd_sc_hd__buf_2)
                                         out[3] (net)
                  0.09    0.00    4.28 v out[3] (out)
                                  4.28   data arrival time

                  0.00   10.00   10.00   clock __VIRTUAL_CLK__ (rise edge)
                          0.00   10.00   clock network delay (ideal)
                         -0.25    9.75   clock uncertainty
                          0.00    9.75   clock reconvergence pessimism
                         -2.00    7.75   output external delay
                                  7.75   data required time
-----------------------------------------------------------------------------
                                  7.75   data required time
                                 -4.28   data arrival time
-----------------------------------------------------------------------------
                                  3.47   slack (MET)


Startpoint: B[1] (input port clocked by __VIRTUAL_CLK__)
Endpoint: out[2] (output port clocked by __VIRTUAL_CLK__)
Path Group: __VIRTUAL_CLK__
Path Type: max

Fanout     Cap    Slew   Delay    Time   Description
-----------------------------------------------------------------------------
                  0.00    0.00    0.00   clock __VIRTUAL_CLK__ (rise edge)
                          0.00    0.00   clock network delay (ideal)
                          2.00    2.00 v input external delay
     1    0.01    0.02    0.01    2.01 v B[1] (in)
                                         B[1] (net)
                  0.02    0.00    2.01 v input10/A (sky130_fd_sc_hd__buf_12)
     4    0.02    0.03    0.12    2.14 v input10/X (sky130_fd_sc_hd__buf_12)
                                         net10 (net)
                  0.03    0.00    2.14 v _266_/A (sky130_fd_sc_hd__buf_12)
     5    0.02    0.03    0.13    2.26 v _266_/X (sky130_fd_sc_hd__buf_12)
                                         _196_ (net)
                  0.03    0.00    2.26 v _267_/A (sky130_fd_sc_hd__buf_4)
    10    0.02    0.05    0.16    2.42 v _267_/X (sky130_fd_sc_hd__buf_4)
                                         _197_ (net)
                  0.05    0.00    2.42 v _277_/B (sky130_fd_sc_hd__and3_4)
     2    0.00    0.03    0.17    2.59 v _277_/X (sky130_fd_sc_hd__and3_4)
                                         _207_ (net)
                  0.03    0.00    2.59 v _279_/C (sky130_fd_sc_hd__or3_4)
     3    0.01    0.07    0.34    2.94 v _279_/X (sky130_fd_sc_hd__or3_4)
                                         _209_ (net)
                  0.07    0.00    2.94 v _301_/A2 (sky130_fd_sc_hd__a21o_4)
     3    0.01    0.04    0.24    3.17 v _301_/X (sky130_fd_sc_hd__a21o_4)
                                         _230_ (net)
                  0.04    0.00    3.17 v _303_/A2 (sky130_fd_sc_hd__o21a_1)
     1    0.00    0.03    0.16    3.34 v _303_/X (sky130_fd_sc_hd__o21a_1)
                                         _232_ (net)
                  0.03    0.00    3.34 v _308_/A2 (sky130_fd_sc_hd__a211o_1)
     1    0.00    0.04    0.28    3.62 v _308_/X (sky130_fd_sc_hd__a211o_1)
                                         _237_ (net)
                  0.04    0.00    3.62 v _309_/B2 (sky130_fd_sc_hd__o2bb2a_1)
     1    0.00    0.05    0.27    3.89 v _309_/X (sky130_fd_sc_hd__o2bb2a_1)
                                         net22 (net)
                  0.05    0.00    3.89 v output22/A (sky130_fd_sc_hd__buf_2)
     1    0.03    0.09    0.19    4.08 v output22/X (sky130_fd_sc_hd__buf_2)
                                         out[2] (net)
                  0.09    0.00    4.08 v out[2] (out)
                                  4.08   data arrival time

                  0.00   10.00   10.00   clock __VIRTUAL_CLK__ (rise edge)
                          0.00   10.00   clock network delay (ideal)
                         -0.25    9.75   clock uncertainty
                          0.00    9.75   clock reconvergence pessimism
                         -2.00    7.75   output external delay
                                  7.75   data required time
-----------------------------------------------------------------------------
                                  7.75   data required time
                                 -4.08   data arrival time
-----------------------------------------------------------------------------
                                  3.67   slack (MET)


Startpoint: B[1] (input port clocked by __VIRTUAL_CLK__)
Endpoint: out[1] (output port clocked by __VIRTUAL_CLK__)
Path Group: __VIRTUAL_CLK__
Path Type: max

Fanout     Cap    Slew   Delay    Time   Description
-----------------------------------------------------------------------------
                  0.00    0.00    0.00   clock __VIRTUAL_CLK__ (rise edge)
                          0.00    0.00   clock network delay (ideal)
                          2.00    2.00 v input external delay
     1    0.01    0.02    0.01    2.01 v B[1] (in)
                                         B[1] (net)
                  0.02    0.00    2.01 v input10/A (sky130_fd_sc_hd__buf_12)
     4    0.02    0.03    0.12    2.14 v input10/X (sky130_fd_sc_hd__buf_12)
                                         net10 (net)
                  0.03    0.00    2.14 v _266_/A (sky130_fd_sc_hd__buf_12)
     5    0.02    0.03    0.13    2.26 v _266_/X (sky130_fd_sc_hd__buf_12)
                                         _196_ (net)
                  0.03    0.00    2.26 v _267_/A (sky130_fd_sc_hd__buf_4)
    10    0.02    0.05    0.16    2.42 v _267_/X (sky130_fd_sc_hd__buf_4)
                                         _197_ (net)
                  0.05    0.00    2.42 v _277_/B (sky130_fd_sc_hd__and3_4)
     2    0.00    0.03    0.17    2.59 v _277_/X (sky130_fd_sc_hd__and3_4)
                                         _207_ (net)
                  0.03    0.00    2.59 v _278_/A2 (sky130_fd_sc_hd__o21a_2)
     2    0.01    0.04    0.20    2.80 v _278_/X (sky130_fd_sc_hd__o21a_2)
                                         _208_ (net)
                  0.04    0.00    2.80 v _280_/A (sky130_fd_sc_hd__or2b_2)
     1    0.01    0.07    0.32    3.12 v _280_/X (sky130_fd_sc_hd__or2b_2)
                                         _210_ (net)
                  0.07    0.00    3.12 v _281_/B (sky130_fd_sc_hd__xnor2_2)
     1    0.00    0.04    0.13    3.25 v _281_/Y (sky130_fd_sc_hd__xnor2_2)
                                         _211_ (net)
                  0.04    0.00    3.25 v _286_/A2 (sky130_fd_sc_hd__a211o_1)
     1    0.00    0.04    0.28    3.54 v _286_/X (sky130_fd_sc_hd__a211o_1)
                                         _216_ (net)
                  0.04    0.00    3.54 v _287_/B2 (sky130_fd_sc_hd__o2bb2a_1)
     1    0.00    0.05    0.27    3.81 v _287_/X (sky130_fd_sc_hd__o2bb2a_1)
                                         net21 (net)
                  0.05    0.00    3.81 v output21/A (sky130_fd_sc_hd__buf_2)
     1    0.03    0.09    0.19    4.00 v output21/X (sky130_fd_sc_hd__buf_2)
                                         out[1] (net)
                  0.09    0.00    4.00 v out[1] (out)
                                  4.00   data arrival time

                  0.00   10.00   10.00   clock __VIRTUAL_CLK__ (rise edge)
                          0.00   10.00   clock network delay (ideal)
                         -0.25    9.75   clock uncertainty
                          0.00    9.75   clock reconvergence pessimism
                         -2.00    7.75   output external delay
                                  7.75   data required time
-----------------------------------------------------------------------------
                                  7.75   data required time
                                 -4.00   data arrival time
-----------------------------------------------------------------------------
                                  3.75   slack (MET)


Startpoint: opcode[1] (input port clocked by __VIRTUAL_CLK__)
Endpoint: out[0] (output port clocked by __VIRTUAL_CLK__)
Path Group: __VIRTUAL_CLK__
Path Type: max

Fanout     Cap    Slew   Delay    Time   Description
-----------------------------------------------------------------------------
                  0.00    0.00    0.00   clock __VIRTUAL_CLK__ (rise edge)
                          0.00    0.00   clock network delay (ideal)
                          2.00    2.00 ^ input external delay
     1    0.00    0.02    0.01    2.01 ^ opcode[1] (in)
                                         opcode[1] (net)
                  0.02    0.00    2.01 ^ input18/A (sky130_fd_sc_hd__buf_4)
     5    0.03    0.10    0.15    2.16 ^ input18/X (sky130_fd_sc_hd__buf_4)
                                         net18 (net)
                  0.10    0.00    2.16 ^ _249_/B (sky130_fd_sc_hd__or2_4)
     5    0.03    0.10    0.18    2.34 ^ _249_/X (sky130_fd_sc_hd__or2_4)
                                         _180_ (net)
                  0.10    0.00    2.34 ^ _258_/B (sky130_fd_sc_hd__nor2_8)
     8    0.02    0.04    0.05    2.39 v _258_/Y (sky130_fd_sc_hd__nor2_8)
                                         _189_ (net)
                  0.04    0.00    2.39 v _260_/A1 (sky130_fd_sc_hd__o211a_1)
     1    0.00    0.04    0.22    2.61 v _260_/X (sky130_fd_sc_hd__o211a_1)
                                         _191_ (net)
                  0.04    0.00    2.61 v _261_/B1 (sky130_fd_sc_hd__a31o_1)
     2    0.00    0.04    0.18    2.79 v _261_/X (sky130_fd_sc_hd__a31o_1)
                                         _192_ (net)
                  0.04    0.00    2.79 v _262_/B2 (sky130_fd_sc_hd__a2bb2o_1)
     1    0.00    0.04    0.24    3.03 v _262_/X (sky130_fd_sc_hd__a2bb2o_1)
                                         net20 (net)
                  0.04    0.00    3.03 v output20/A (sky130_fd_sc_hd__buf_2)
     1    0.03    0.09    0.19    3.22 v output20/X (sky130_fd_sc_hd__buf_2)
                                         out[0] (net)
                  0.09    0.00    3.22 v out[0] (out)
                                  3.22   data arrival time

                  0.00   10.00   10.00   clock __VIRTUAL_CLK__ (rise edge)
                          0.00   10.00   clock network delay (ideal)
                         -0.25    9.75   clock uncertainty
                          0.00    9.75   clock reconvergence pessimism
                         -2.00    7.75   output external delay
                                  7.75   data required time
-----------------------------------------------------------------------------
                                  7.75   data required time
                                 -3.22   data arrival time
-----------------------------------------------------------------------------
                                  4.53   slack (MET)



worst slack corner Typical: 2.4803
