
===========================================================================
 report_power
============================================================================
======================= Fastest Corner ===================================

Group                  Internal  Switching    Leakage      Total
                          Power      Power      Power      Power (Watts)
----------------------------------------------------------------
Sequential             1.50e-04   0.00e+00   3.17e-08   1.50e-04  39.9%
Combinational          3.30e-14   1.98e-13   1.20e-09   1.21e-09   0.0%
Clock                  1.34e-04   9.27e-05   2.65e-09   2.27e-04  60.1%
Macro                  0.00e+00   0.00e+00   0.00e+00   0.00e+00   0.0%
Pad                    0.00e+00   0.00e+00   0.00e+00   0.00e+00   0.0%
----------------------------------------------------------------
Total                  2.85e-04   9.27e-05   3.56e-08   3.77e-04 100.0%
                          75.4%      24.6%       0.0%

======================= Slowest Corner ===================================

Group                  Internal  Switching    Leakage      Total
                          Power      Power      Power      Power (Watts)
----------------------------------------------------------------
Sequential             9.89e-05   0.00e+00   6.42e-07   9.96e-05  38.6%
Combinational          2.30e-14   1.32e-13   8.39e-07   8.39e-07   0.3%
Clock                  9.66e-05   6.09e-05   1.27e-07   1.58e-04  61.1%
Macro                  0.00e+00   0.00e+00   0.00e+00   0.00e+00   0.0%
Pad                    0.00e+00   0.00e+00   0.00e+00   0.00e+00   0.0%
----------------------------------------------------------------
Total                  1.96e-04   6.09e-05   1.61e-06   2.58e-04 100.0%
                          75.8%      23.6%       0.6%

======================= Typical Corner ===================================

Group                  Internal  Switching    Leakage      Total
                          Power      Power      Power      Power (Watts)
----------------------------------------------------------------
Sequential             1.29e-04   0.00e+00   3.11e-08   1.29e-04  39.8%
Combinational          2.80e-14   1.69e-13   7.16e-10   7.16e-10   0.0%
Clock                  1.18e-04   7.79e-05   2.31e-09   1.96e-04  60.2%
Macro                  0.00e+00   0.00e+00   0.00e+00   0.00e+00   0.0%
Pad                    0.00e+00   0.00e+00   0.00e+00   0.00e+00   0.0%
----------------------------------------------------------------
Total                  2.47e-04   7.79e-05   3.41e-08   3.25e-04 100.0%
                          76.0%      24.0%       0.0%

