
===========================================================================
 report_power
============================================================================
======================= Fastest Corner ===================================

Group                  Internal  Switching    Leakage      Total
                          Power      Power      Power      Power (Watts)
----------------------------------------------------------------
Sequential             1.50e-04   0.00e+00   3.17e-08   1.50e-04  39.3%
Combinational          3.32e-14   2.15e-13   1.20e-09   1.21e-09   0.0%
Clock                  1.34e-04   9.78e-05   2.65e-09   2.32e-04  60.7%
Macro                  0.00e+00   0.00e+00   0.00e+00   0.00e+00   0.0%
Pad                    0.00e+00   0.00e+00   0.00e+00   0.00e+00   0.0%
----------------------------------------------------------------
Total                  2.85e-04   9.78e-05   3.56e-08   3.82e-04 100.0%
                          74.4%      25.6%       0.0%

======================= Slowest Corner ===================================

Group                  Internal  Switching    Leakage      Total
                          Power      Power      Power      Power (Watts)
----------------------------------------------------------------
Sequential             9.89e-05   0.00e+00   6.42e-07   9.95e-05  38.0%
Combinational          2.29e-14   1.43e-13   8.39e-07   8.39e-07   0.3%
Clock                  9.67e-05   6.43e-05   1.27e-07   1.61e-04  61.6%
Macro                  0.00e+00   0.00e+00   0.00e+00   0.00e+00   0.0%
Pad                    0.00e+00   0.00e+00   0.00e+00   0.00e+00   0.0%
----------------------------------------------------------------
Total                  1.96e-04   6.43e-05   1.61e-06   2.62e-04 100.0%
                          74.8%      24.6%       0.6%

======================= Typical Corner ===================================

Group                  Internal  Switching    Leakage      Total
                          Power      Power      Power      Power (Watts)
----------------------------------------------------------------
Sequential             1.29e-04   0.00e+00   3.11e-08   1.29e-04  39.2%
Combinational          2.79e-14   1.83e-13   7.16e-10   7.16e-10   0.0%
Clock                  1.18e-04   8.23e-05   2.31e-09   2.00e-04  60.8%
Macro                  0.00e+00   0.00e+00   0.00e+00   0.00e+00   0.0%
Pad                    0.00e+00   0.00e+00   0.00e+00   0.00e+00   0.0%
----------------------------------------------------------------
Total                  2.47e-04   8.23e-05   3.41e-08   3.29e-04 100.0%
                          75.0%      25.0%       0.0%

